2023-12-01 10:01:28,646 [loggable.py:102]: Successfully constructed requirement collector for operation install
2023-12-01 10:01:28,646 [loggable.py:102]: PrecheckTask: Prechecks log_dir /Users/johanneshorn/Git/MB_workspace/vsphere_3_tier/vcenter_installation/files/workflow_1701424887146/embedded_vCSA_on_ESXi/prechecks
2023-12-01 10:01:28,646 [loggable.py:102]: Precheck only flag : False
2023-12-01 10:01:28,669 [taskflow.py:541]: Successfully constructed an ExecutableGraph for <InstallTaskFlow - embedded_vCSA_on_ESXi(PENDING)>
2023-12-01 10:01:28,670 [taskflow.py:244]: Taskflow <InstallTaskFlow - embedded_vCSA_on_ESXi(PENDING)> has successfully constructed json status file at /Users/johanneshorn/Git/MB_workspace/vsphere_3_tier/vcenter_installation/files/workflow_1701424887146/embedded_vCSA_on_ESXi/status.json
2023-12-01 10:01:28,728 [loggable.py:102]: Template for this deployment: 
{ '__version': '2.13.0',
  'ceip': {'description': {}, 'settings': {'ceip_enabled': False}},
  'new_vcsa': { 'appliance': { 'deployment_option': 'tiny',
                               'name': 'DEV_DEU_CE01VCSA01',
                               'ovftool_path': '/Users/johanneshorn/Documents/VMware/vcsa-cli-installer/mac/../../vcsa/ovftool/mac/ovftool',
                               'thin_disk_mode': True},
                'esxi': { 'datastore': 'datastore1',
                          'deployment_network': 'VM Network',
                          'hostname': 'ce01esx01.dev.deu.local',
                          'password': '******',
                          'port': 443,
                          'username': 'root'},
                'network': { 'dns_servers': '10.33.15.1,10.33.15.2',
                             'gateway': '10.33.0.254',
                             'ip': '10.33.0.47',
                             'ip_family': 'ipv4',
                             'mode': 'static',
                             'prefix': '24',
                             'system_name': 'ce01vcsa01.dev.deu.local'},
                'os': { 'ntp_servers': '10.32.10.1,10.32.10.2',
                        'password': '******',
                        'ssh_enable': True},
                'sso': { 'domain_name': 'vsphere.local',
                         'first_instance': True,
                         'password': '******',
                         'sso_port': 443}}}
2023-12-01 10:01:28,729 [loggable.py:102]: Writing template as a file: /Users/johanneshorn/Git/MB_workspace/vsphere_3_tier/vcenter_installation/files/workflow_1701424887146/embedded_vCSA_on_ESXi/template.json
2023-12-01 10:01:28,765 [taskflow.py:995]: Using a single thread to execute <InstallTaskFlow - embedded_vCSA_on_ESXi(PENDING)> on timestamp [1701424888.765722]
2023-12-01 10:01:28,765 [taskflow.py:633]: Ready to execute <SrcRequirementTask - com.vmware.vcsa.installer.requirements.src_requirement(PENDING)> in <InstallTaskFlow - embedded_vCSA_on_ESXi(PENDING)> using <_MainThread(MainThread, started 8018776832)>
2023-12-01 10:01:28,765 [taskflow.py:637]: Execution attempt 1 for Task <SrcRequirementTask - com.vmware.vcsa.installer.requirements.src_requirement(PENDING)> in <InstallTaskFlow - embedded_vCSA_on_ESXi(PENDING)>
2023-12-01 10:01:28,765 [taskflow.py:645]: Checking Blackboard requirements for task <SrcRequirementTask - com.vmware.vcsa.installer.requirements.src_requirement(PENDING)> in <InstallTaskFlow - embedded_vCSA_on_ESXi(PENDING)>
2023-12-01 10:01:28,765 [taskflow.py:660]: Verified Blackboard requirements are met for task <SrcRequirementTask - com.vmware.vcsa.installer.requirements.src_requirement(PENDING)> in <InstallTaskFlow - embedded_vCSA_on_ESXi(PENDING)>
2023-12-01 10:01:28,769 [taskflow.py:1038]: <SrcRequirementTask - com.vmware.vcsa.installer.requirements.src_requirement(RUNNING)> in <InstallTaskFlow - embedded_vCSA_on_ESXi(RUNNING)> status changed to: RUNNING
2023-12-01 10:01:28,797 [taskflow.py:665]: Executing <SrcRequirementTask - com.vmware.vcsa.installer.requirements.src_requirement(RUNNING)>
2023-12-01 10:01:28,797 [loggable.py:102]: SrcRequirementTask: Running SrcRequirementTask
2023-12-01 10:01:28,797 [loggable.py:102]:  [START] Start executing Task: Validate that requirements are met in the source VCSA. at 10:01:28 
2023-12-01 10:01:28,801 [taskflow.py:1038]: <SrcRequirementTask - com.vmware.vcsa.installer.requirements.src_requirement(RUNNING)> in <InstallTaskFlow - embedded_vCSA_on_ESXi(RUNNING)> status changed to: RUNNING
2023-12-01 10:01:28,808 [taskflow.py:1038]: <SrcRequirementTask - com.vmware.vcsa.installer.requirements.src_requirement(RUNNING)> in <InstallTaskFlow - embedded_vCSA_on_ESXi(RUNNING)> status changed to: RUNNING
2023-12-01 10:01:28,811 [loggable.py:102]: InstallRequirementCollector: Reached gathering requirement
2023-12-01 10:01:28,811 [loggable.py:102]:  [SUCCEEDED] Successfully executed Task 'SrcRequirementTask: Running SrcRequirementTask' in TaskFlow 'embedded_vCSA_on_ESXi' at 10:01:28 
2023-12-01 10:01:28,815 [taskflow.py:1038]: <SrcRequirementTask - com.vmware.vcsa.installer.requirements.src_requirement(RUNNING)> in <InstallTaskFlow - embedded_vCSA_on_ESXi(RUNNING)> status changed to: RUNNING
2023-12-01 10:01:28,822 [taskflow.py:1038]: <SrcRequirementTask - com.vmware.vcsa.installer.requirements.src_requirement(SUCCEEDED)> in <InstallTaskFlow - embedded_vCSA_on_ESXi(RUNNING)> status changed to: SUCCEEDED
2023-12-01 10:01:28,828 [taskflow.py:1038]: <SrcRequirementTask - com.vmware.vcsa.installer.requirements.src_requirement(SUCCEEDED)> in <InstallTaskFlow - embedded_vCSA_on_ESXi(RUNNING)> status changed to: SUCCEEDED
2023-12-01 10:01:28,856 [taskflow.py:713]: Finished executing <SrcRequirementTask - com.vmware.vcsa.installer.requirements.src_requirement(SUCCEEDED)> and its status is SUCCEEDED
2023-12-01 10:01:28,856 [taskflow.py:716]: <InstallTaskFlow - embedded_vCSA_on_ESXi(RUNNING)> overall status is now RUNNING
2023-12-01 10:01:28,880 [taskflow.py:633]: Ready to execute <PrecheckTask - com.vmware.vcsa.installer.prechecks(PENDING)> in <InstallTaskFlow - embedded_vCSA_on_ESXi(RUNNING)> using <_MainThread(MainThread, started 8018776832)>
2023-12-01 10:01:28,881 [taskflow.py:637]: Execution attempt 1 for Task <PrecheckTask - com.vmware.vcsa.installer.prechecks(PENDING)> in <InstallTaskFlow - embedded_vCSA_on_ESXi(RUNNING)>
2023-12-01 10:01:28,881 [taskflow.py:645]: Checking Blackboard requirements for task <PrecheckTask - com.vmware.vcsa.installer.prechecks(PENDING)> in <InstallTaskFlow - embedded_vCSA_on_ESXi(RUNNING)>
2023-12-01 10:01:28,881 [taskflow.py:660]: Verified Blackboard requirements are met for task <PrecheckTask - com.vmware.vcsa.installer.prechecks(PENDING)> in <InstallTaskFlow - embedded_vCSA_on_ESXi(RUNNING)>
2023-12-01 10:01:28,885 [taskflow.py:1038]: <PrecheckTask - com.vmware.vcsa.installer.prechecks(RUNNING)> in <InstallTaskFlow - embedded_vCSA_on_ESXi(RUNNING)> status changed to: RUNNING
2023-12-01 10:01:28,914 [taskflow.py:665]: Executing <PrecheckTask - com.vmware.vcsa.installer.prechecks(RUNNING)>
2023-12-01 10:01:28,914 [loggable.py:102]: PrecheckTask: Running prechecks.
2023-12-01 10:01:28,914 [loggable.py:102]: ====== [START] Start executing Task: Perform precheck tasks. at 10:01:28 ======
2023-12-01 10:01:28,918 [taskflow.py:1038]: <PrecheckTask - com.vmware.vcsa.installer.prechecks(RUNNING)> in <InstallTaskFlow - embedded_vCSA_on_ESXi(RUNNING)> status changed to: RUNNING
2023-12-01 10:01:28,926 [taskflow.py:1038]: <PrecheckTask - com.vmware.vcsa.installer.prechecks(RUNNING)> in <InstallTaskFlow - embedded_vCSA_on_ESXi(RUNNING)> status changed to: RUNNING
2023-12-01 10:02:31,798 [loggable.py:102]:  [SUCCEEDED] Successfully executed Task 'PrecheckTask: Running prechecks.' in TaskFlow 'embedded_vCSA_on_ESXi' at 10:02:31 
2023-12-01 10:02:31,803 [taskflow.py:1038]: <PrecheckTask - com.vmware.vcsa.installer.prechecks(RUNNING)> in <InstallTaskFlow - embedded_vCSA_on_ESXi(RUNNING)> status changed to: RUNNING
2023-12-01 10:02:31,812 [taskflow.py:1038]: <PrecheckTask - com.vmware.vcsa.installer.prechecks(SUCCEEDED)> in <InstallTaskFlow - embedded_vCSA_on_ESXi(RUNNING)> status changed to: SUCCEEDED
2023-12-01 10:02:31,821 [taskflow.py:1038]: <PrecheckTask - com.vmware.vcsa.installer.prechecks(SUCCEEDED)> in <InstallTaskFlow - embedded_vCSA_on_ESXi(RUNNING)> status changed to: SUCCEEDED
2023-12-01 10:02:31,855 [taskflow.py:713]: Finished executing <PrecheckTask - com.vmware.vcsa.installer.prechecks(SUCCEEDED)> and its status is SUCCEEDED
2023-12-01 10:02:31,855 [taskflow.py:716]: <InstallTaskFlow - embedded_vCSA_on_ESXi(RUNNING)> overall status is now RUNNING
2023-12-01 10:02:31,881 [taskflow.py:633]: Ready to execute <ApplianceDeploymentTask - com.vmware.vcsa.installer.ovf.deploy_appliance(PENDING)> in <InstallTaskFlow - embedded_vCSA_on_ESXi(RUNNING)> using <_MainThread(MainThread, started 8018776832)>
2023-12-01 10:02:31,881 [taskflow.py:637]: Execution attempt 1 for Task <ApplianceDeploymentTask - com.vmware.vcsa.installer.ovf.deploy_appliance(PENDING)> in <InstallTaskFlow - embedded_vCSA_on_ESXi(RUNNING)>
2023-12-01 10:02:31,881 [taskflow.py:645]: Checking Blackboard requirements for task <ApplianceDeploymentTask - com.vmware.vcsa.installer.ovf.deploy_appliance(PENDING)> in <InstallTaskFlow - embedded_vCSA_on_ESXi(RUNNING)>
2023-12-01 10:02:31,881 [taskflow.py:660]: Verified Blackboard requirements are met for task <ApplianceDeploymentTask - com.vmware.vcsa.installer.ovf.deploy_appliance(PENDING)> in <InstallTaskFlow - embedded_vCSA_on_ESXi(RUNNING)>
2023-12-01 10:02:31,886 [taskflow.py:1038]: <ApplianceDeploymentTask - com.vmware.vcsa.installer.ovf.deploy_appliance(RUNNING)> in <InstallTaskFlow - embedded_vCSA_on_ESXi(RUNNING)> status changed to: RUNNING
2023-12-01 10:02:31,916 [taskflow.py:665]: Executing <ApplianceDeploymentTask - com.vmware.vcsa.installer.ovf.deploy_appliance(RUNNING)>
2023-12-01 10:02:31,916 [loggable.py:102]: Deploying vCenter Server Appliance
2023-12-01 10:02:31,916 [loggable.py:102]:  [START] Start executing Task: Invoke OVF Tool to deploy VCSA for installation, upgrade, and migration at 10:02:31 
2023-12-01 10:02:31,920 [taskflow.py:1038]: <ApplianceDeploymentTask - com.vmware.vcsa.installer.ovf.deploy_appliance(RUNNING)> in <InstallTaskFlow - embedded_vCSA_on_ESXi(RUNNING)> status changed to: RUNNING
2023-12-01 10:02:31,928 [taskflow.py:1038]: <ApplianceDeploymentTask - com.vmware.vcsa.installer.ovf.deploy_appliance(RUNNING)> in <InstallTaskFlow - embedded_vCSA_on_ESXi(RUNNING)> status changed to: RUNNING
2023-12-01 10:02:31,936 [loggable.py:102]: Prepare to execute OVF Tool command
2023-12-01 10:02:31,936 [loggable.py:102]: '--guestinfo.cis.deployment.autoconfig' is set to: True
2023-12-01 10:02:31,936 [loggable.py:102]: See /Users/johanneshorn/Git/MB_workspace/vsphere_3_tier/vcenter_installation/files/workflow_1701424887146/embedded_vCSA_on_ESXi/ovftool.log for the OVF Tool logs.
2023-12-01 10:02:32,019 [loggable.py:102]: '--guestinfo.cis.deployment.autoconfig' is set to: True
2023-12-01 10:02:32,019 [loggable.py:102]: See /Users/johanneshorn/Git/MB_workspace/vsphere_3_tier/vcenter_installation/files/workflow_1701424887146/embedded_vCSA_on_ESXi/ovftool.log for the OVF Tool logs.
2023-12-01 10:02:32,101 [loggable.py:102]: Generated ovftool params : --sourceType=OVA --acceptAllEulas --X:injectOvfEnv --allowExtraConfig --powerOn --X:enableHiddenProperties --prop:guestinfo.cis.deployment.autoconfig=True --X:waitForIp --noSSLVerify --X:logFile=/Users/johanneshorn/Git/MB_workspace/vsphere_3_tier/vcenter_installation/files/workflow_1701424887146/embedded_vCSA_on_ESXi/ovftool.log --X:logLevel=verbose --X:logTransferHeaderData --name=DEV_DEU_CE01VCSA01 --datastore=datastore1 --prop:guestinfo.cis.deployment.node.type=embedded --deploymentOption=tiny --diskMode=thin --net:Network 1=VM Network --prop:guestinfo.cis.appliance.net.addr.family=ipv4 --prop:guestinfo.cis.appliance.net.mode=static --prop:guestinfo.cis.appliance.net.addr=10.33.0.47 --prop:guestinfo.cis.appliance.net.prefix=24 --prop:guestinfo.cis.appliance.net.gateway=10.33.0.254 --prop:guestinfo.cis.appliance.net.dns.servers=10.33.15.1,10.33.15.2 --prop:guestinfo.cis.appliance.net.pnid=ce01vcsa01.dev.deu.local --prop:guestinfo.cis.appliance.ssh.enabled=True --prop:guestinfo.cis.ceip_enabled=False --prop:guestinfo.cis.appliance.root.passwd=****** --prop:guestinfo.cis.appliance.ntp.servers=10.32.10.1,10.32.10.2 --prop:guestinfo.cis.vmdir.password=****** --prop:guestinfo.cis.vmdir.domain-name=vsphere.local --prop:guestinfo.cis.vmdir.first-instance=True --prop:guestinfo.cis.system.vm0.port=443 --I:targetSessionTicket=******
2023-12-01 10:02:32,102 [loggable.py:102]: Generated ovf tool command : /Users/johanneshorn/Documents/VMware/vcsa-cli-installer/mac/../../vcsa/ovftool/mac/ovftool --configFile=/Users/johanneshorn/Git/MB_workspace/vsphere_3_tier/vcenter_installation/files/workflow_1701424887146/embedded_vCSA_on_ESXi/ovftool_config.cfg /Users/johanneshorn/Documents/VMware/vcsa-cli-installer/mac/../../vcsa/VMware-vCenter-Server-Appliance-8.0.2.00100-22617221_OVF10.ova vi://ce01esx01.dev.deu.local:443
2023-12-01 10:02:32,370 [loggable.py:102]: OVF Tool: Opening OVA source: /Users/johanneshorn/Documents/VMware/vcsa-cli-installer/mac/../../vcsa/VMware-vCenter-Server-Appliance-8.0.2.00100-22617221_OVF10.ova
2023-12-01 10:02:32,376 [taskflow.py:1038]: <ApplianceDeploymentTask - com.vmware.vcsa.installer.ovf.deploy_appliance(RUNNING)> in <InstallTaskFlow - embedded_vCSA_on_ESXi(RUNNING)> status changed to: RUNNING
2023-12-01 10:02:32,380 [loggable.py:102]: OVF Tool: The manifest validates
2023-12-01 10:02:32,385 [taskflow.py:1038]: <ApplianceDeploymentTask - com.vmware.vcsa.installer.ovf.deploy_appliance(RUNNING)> in <InstallTaskFlow - embedded_vCSA_on_ESXi(RUNNING)> status changed to: RUNNING
2023-12-01 10:02:32,389 [loggable.py:102]: OVF Tool: Source is signed but could not verify certificate (possibly self-signed) 
2023-12-01 10:02:32,395 [taskflow.py:1038]: <ApplianceDeploymentTask - com.vmware.vcsa.installer.ovf.deploy_appliance(RUNNING)> in <InstallTaskFlow - embedded_vCSA_on_ESXi(RUNNING)> status changed to: RUNNING
2023-12-01 10:02:32,399 [loggable.py:102]: OVF Tool: Certificate information:
2023-12-01 10:02:32,404 [taskflow.py:1038]: <ApplianceDeploymentTask - com.vmware.vcsa.installer.ovf.deploy_appliance(RUNNING)> in <InstallTaskFlow - embedded_vCSA_on_ESXi(RUNNING)> status changed to: RUNNING
2023-12-01 10:02:32,409 [loggable.py:102]: OVF Tool:   CertIssuer:/C=US/ST=California/L=Palo Alto/O=VMware, Inc.
2023-12-01 10:02:32,414 [taskflow.py:1038]: <ApplianceDeploymentTask - com.vmware.vcsa.installer.ovf.deploy_appliance(RUNNING)> in <InstallTaskFlow - embedded_vCSA_on_ESXi(RUNNING)> status changed to: RUNNING
2023-12-01 10:02:32,419 [loggable.py:102]: OVF Tool:   CertSubject:/C=US/ST=California/L=Palo Alto/O=VMware, Inc.
2023-12-01 10:02:32,424 [taskflow.py:1038]: <ApplianceDeploymentTask - com.vmware.vcsa.installer.ovf.deploy_appliance(RUNNING)> in <InstallTaskFlow - embedded_vCSA_on_ESXi(RUNNING)> status changed to: RUNNING
2023-12-01 10:02:32,428 [loggable.py:102]: OVF Tool:   -----BEGIN CERTIFICATE-----
2023-12-01 10:02:32,432 [taskflow.py:1038]: <ApplianceDeploymentTask - com.vmware.vcsa.installer.ovf.deploy_appliance(RUNNING)> in <InstallTaskFlow - embedded_vCSA_on_ESXi(RUNNING)> status changed to: RUNNING
2023-12-01 10:02:32,436 [loggable.py:102]: OVF Tool:   MIIDyzCCArOgAwIBAgIJAIR/y018RgMXMA0GCSqGSIb3DQEBCwUAME0xCzAJBgNV
2023-12-01 10:02:32,441 [taskflow.py:1038]: <ApplianceDeploymentTask - com.vmware.vcsa.installer.ovf.deploy_appliance(RUNNING)> in <InstallTaskFlow - embedded_vCSA_on_ESXi(RUNNING)> status changed to: RUNNING
2023-12-01 10:02:32,444 [loggable.py:102]: OVF Tool:   BAYTAlVTMRMwEQYDVQQIDApDYWxpZm9ybmlhMRIwEAYDVQQHDAlQYWxvIEFsdG8x
2023-12-01 10:02:32,449 [taskflow.py:1038]: <ApplianceDeploymentTask - com.vmware.vcsa.installer.ovf.deploy_appliance(RUNNING)> in <InstallTaskFlow - embedded_vCSA_on_ESXi(RUNNING)> status changed to: RUNNING
2023-12-01 10:02:32,453 [loggable.py:102]: OVF Tool:   FTATBgNVBAoMDFZNd2FyZSwgSW5jLjAeFw0xNjA5MDgwMTE3MjFaFw0yOTEyMzEw
2023-12-01 10:02:32,457 [taskflow.py:1038]: <ApplianceDeploymentTask - com.vmware.vcsa.installer.ovf.deploy_appliance(RUNNING)> in <InstallTaskFlow - embedded_vCSA_on_ESXi(RUNNING)> status changed to: RUNNING
2023-12-01 10:02:32,461 [loggable.py:102]: OVF Tool:   MTE3MjFaME0xCzAJBgNVBAYTAlVTMRMwEQYDVQQIDApDYWxpZm9ybmlhMRIwEAYD
2023-12-01 10:02:32,467 [taskflow.py:1038]: <ApplianceDeploymentTask - com.vmware.vcsa.installer.ovf.deploy_appliance(RUNNING)> in <InstallTaskFlow - embedded_vCSA_on_ESXi(RUNNING)> status changed to: RUNNING
2023-12-01 10:02:32,470 [loggable.py:102]: OVF Tool:   VQQHDAlQYWxvIEFsdG8xFTATBgNVBAoMDFZNd2FyZSwgSW5jLjCCASAwDQYJKoZI
2023-12-01 10:02:32,476 [taskflow.py:1038]: <ApplianceDeploymentTask - com.vmware.vcsa.installer.ovf.deploy_appliance(RUNNING)> in <InstallTaskFlow - embedded_vCSA_on_ESXi(RUNNING)> status changed to: RUNNING
2023-12-01 10:02:32,479 [loggable.py:102]: OVF Tool:   hvcNAQEBBQADggENADCCAQgCggEBALU9NUtC39fqG7yo2XAswUmtli9uA+31uAMw
2023-12-01 10:02:32,483 [taskflow.py:1038]: <ApplianceDeploymentTask - com.vmware.vcsa.installer.ovf.deploy_appliance(RUNNING)> in <InstallTaskFlow - embedded_vCSA_on_ESXi(RUNNING)> status changed to: RUNNING
2023-12-01 10:02:32,487 [loggable.py:102]: OVF Tool:   9FFHAEv/it8pzBQZ/4r+2bN+GnXOWhuDd1K4ApKMRvoO4LwQfZxrkx4pXrsu0gdb
2023-12-01 10:02:32,491 [taskflow.py:1038]: <ApplianceDeploymentTask - com.vmware.vcsa.installer.ovf.deploy_appliance(RUNNING)> in <InstallTaskFlow - embedded_vCSA_on_ESXi(RUNNING)> status changed to: RUNNING
2023-12-01 10:02:32,494 [loggable.py:102]: OVF Tool:   4OunHw0D8MrdzSoob8Js/uq+IJ+8Bhsc6b7RzTUt9HeDWzHasAJVgMsjehGt23ay
2023-12-01 10:02:32,499 [taskflow.py:1038]: <ApplianceDeploymentTask - com.vmware.vcsa.installer.ovf.deploy_appliance(RUNNING)> in <InstallTaskFlow - embedded_vCSA_on_ESXi(RUNNING)> status changed to: RUNNING
2023-12-01 10:02:32,504 [loggable.py:102]: OVF Tool:   9FKOT6dVD6D/Xi3qJnB/4t/XNS6L63dC3ea4guzKDyLaXIP5bf/m56jvVImFjhhT
2023-12-01 10:02:32,510 [taskflow.py:1038]: <ApplianceDeploymentTask - com.vmware.vcsa.installer.ovf.deploy_appliance(RUNNING)> in <InstallTaskFlow - embedded_vCSA_on_ESXi(RUNNING)> status changed to: RUNNING
2023-12-01 10:02:32,514 [loggable.py:102]: OVF Tool:   W2ASbnEUlZIVrEuyVcdG7e3FvZufE553JmHL0YG/0m5bIHXKRzBRx0D3HHOAzOKw
2023-12-01 10:02:32,520 [taskflow.py:1038]: <ApplianceDeploymentTask - com.vmware.vcsa.installer.ovf.deploy_appliance(RUNNING)> in <InstallTaskFlow - embedded_vCSA_on_ESXi(RUNNING)> status changed to: RUNNING
2023-12-01 10:02:32,525 [loggable.py:102]: OVF Tool:   kkOnxJHSTN4Hz8hSYCWvzUAjSYL3Q8qiTd7GHJ2ynsRnu3KlzKUCAQOjga8wgaww
2023-12-01 10:02:32,530 [taskflow.py:1038]: <ApplianceDeploymentTask - com.vmware.vcsa.installer.ovf.deploy_appliance(RUNNING)> in <InstallTaskFlow - embedded_vCSA_on_ESXi(RUNNING)> status changed to: RUNNING
2023-12-01 10:02:32,535 [loggable.py:102]: OVF Tool:   HQYDVR0OBBYEFHg8KQJdm8NPQDmYP41uEgKG+VNwMH0GA1UdIwR2MHSAFHg8KQJd
2023-12-01 10:02:32,541 [taskflow.py:1038]: <ApplianceDeploymentTask - com.vmware.vcsa.installer.ovf.deploy_appliance(RUNNING)> in <InstallTaskFlow - embedded_vCSA_on_ESXi(RUNNING)> status changed to: RUNNING
2023-12-01 10:02:32,545 [loggable.py:102]: OVF Tool:   m8NPQDmYP41uEgKG+VNwoVGkTzBNMQswCQYDVQQGEwJVUzETMBEGA1UECAwKQ2Fs
2023-12-01 10:02:32,550 [taskflow.py:1038]: <ApplianceDeploymentTask - com.vmware.vcsa.installer.ovf.deploy_appliance(RUNNING)> in <InstallTaskFlow - embedded_vCSA_on_ESXi(RUNNING)> status changed to: RUNNING
2023-12-01 10:02:32,554 [loggable.py:102]: OVF Tool:   aWZvcm5pYTESMBAGA1UEBwwJUGFsbyBBbHRvMRUwEwYDVQQKDAxWTXdhcmUsIElu
2023-12-01 10:02:32,560 [taskflow.py:1038]: <ApplianceDeploymentTask - com.vmware.vcsa.installer.ovf.deploy_appliance(RUNNING)> in <InstallTaskFlow - embedded_vCSA_on_ESXi(RUNNING)> status changed to: RUNNING
2023-12-01 10:02:32,565 [loggable.py:102]: OVF Tool:   Yy6CCQCEf8tNfEYDFzAMBgNVHRMEBTADAQH/MA0GCSqGSIb3DQEBCwUAA4IBAQAD
2023-12-01 10:02:32,576 [taskflow.py:1038]: <ApplianceDeploymentTask - com.vmware.vcsa.installer.ovf.deploy_appliance(RUNNING)> in <InstallTaskFlow - embedded_vCSA_on_ESXi(RUNNING)> status changed to: RUNNING
2023-12-01 10:02:32,579 [loggable.py:102]: OVF Tool:   K9uUhsXzpuUcWJq83Vh2HHSxZ/DdR6h+FNYHfEX8h8DOIwhRHhIHoqXkwwnpbjip
2023-12-01 10:02:32,589 [taskflow.py:1038]: <ApplianceDeploymentTask - com.vmware.vcsa.installer.ovf.deploy_appliance(RUNNING)> in <InstallTaskFlow - embedded_vCSA_on_ESXi(RUNNING)> status changed to: RUNNING
2023-12-01 10:02:32,600 [loggable.py:102]: OVF Tool:   FBtSzNKzTmzMQBwB7GwzGSsBO2TU8alX2ssnDg2AqwgIeLzclfaQlYoid678Krew
2023-12-01 10:02:32,607 [taskflow.py:1038]: <ApplianceDeploymentTask - com.vmware.vcsa.installer.ovf.deploy_appliance(RUNNING)> in <InstallTaskFlow - embedded_vCSA_on_ESXi(RUNNING)> status changed to: RUNNING
2023-12-01 10:02:32,612 [loggable.py:102]: OVF Tool:   nFryr9PYMntr7uyU1duesmey12GS2z5UIhA4BaOnrPJcLCP22nXVlPEsa46ob7XH
2023-12-01 10:02:32,617 [taskflow.py:1038]: <ApplianceDeploymentTask - com.vmware.vcsa.installer.ovf.deploy_appliance(RUNNING)> in <InstallTaskFlow - embedded_vCSA_on_ESXi(RUNNING)> status changed to: RUNNING
2023-12-01 10:02:32,621 [loggable.py:102]: OVF Tool:   j4ngZ0ck/qE58Z90GaAuxaa2R3OlHQ+AhXc3q5IixqMDa0MLPd41Qv2kC5iZ+tCf
2023-12-01 10:02:32,629 [taskflow.py:1038]: <ApplianceDeploymentTask - com.vmware.vcsa.installer.ovf.deploy_appliance(RUNNING)> in <InstallTaskFlow - embedded_vCSA_on_ESXi(RUNNING)> status changed to: RUNNING
2023-12-01 10:02:32,633 [loggable.py:102]: OVF Tool:   XVdlf4/RqQBNHR8FFVxcjpaROId9Y9/yHdsMt55nN7pf7vRf5vSk1bHvLmlOYgiR
2023-12-01 10:02:32,638 [taskflow.py:1038]: <ApplianceDeploymentTask - com.vmware.vcsa.installer.ovf.deploy_appliance(RUNNING)> in <InstallTaskFlow - embedded_vCSA_on_ESXi(RUNNING)> status changed to: RUNNING
2023-12-01 10:02:32,641 [loggable.py:102]: OVF Tool:   tAj6rdPq0c+/C+fct1cM
2023-12-01 10:02:32,646 [taskflow.py:1038]: <ApplianceDeploymentTask - com.vmware.vcsa.installer.ovf.deploy_appliance(RUNNING)> in <InstallTaskFlow - embedded_vCSA_on_ESXi(RUNNING)> status changed to: RUNNING
2023-12-01 10:02:32,650 [loggable.py:102]: OVF Tool:   -----END CERTIFICATE-----
2023-12-01 10:02:32,654 [taskflow.py:1038]: <ApplianceDeploymentTask - com.vmware.vcsa.installer.ovf.deploy_appliance(RUNNING)> in <InstallTaskFlow - embedded_vCSA_on_ESXi(RUNNING)> status changed to: RUNNING
2023-12-01 10:02:32,658 [loggable.py:102]: OVF Tool: Opening VI target: vi://ce01esx01.dev.deu.local:443/
2023-12-01 10:02:32,663 [taskflow.py:1038]: <ApplianceDeploymentTask - com.vmware.vcsa.installer.ovf.deploy_appliance(RUNNING)> in <InstallTaskFlow - embedded_vCSA_on_ESXi(RUNNING)> status changed to: RUNNING
2023-12-01 10:02:33,621 [loggable.py:102]: OVF Tool: Deploying to VI: vi://ce01esx01.dev.deu.local:443/
2023-12-01 10:02:33,633 [taskflow.py:1038]: <ApplianceDeploymentTask - com.vmware.vcsa.installer.ovf.deploy_appliance(RUNNING)> in <InstallTaskFlow - embedded_vCSA_on_ESXi(RUNNING)> status changed to: RUNNING
2023-12-01 10:02:57,373 [taskflow.py:1038]: <ApplianceDeploymentTask - com.vmware.vcsa.installer.ovf.deploy_appliance(RUNNING)> in <InstallTaskFlow - embedded_vCSA_on_ESXi(RUNNING)> status changed to: RUNNING
2023-12-01 10:03:08,485 [taskflow.py:1038]: <ApplianceDeploymentTask - com.vmware.vcsa.installer.ovf.deploy_appliance(RUNNING)> in <InstallTaskFlow - embedded_vCSA_on_ESXi(RUNNING)> status changed to: RUNNING
2023-12-01 10:03:18,866 [taskflow.py:1038]: <ApplianceDeploymentTask - com.vmware.vcsa.installer.ovf.deploy_appliance(RUNNING)> in <InstallTaskFlow - embedded_vCSA_on_ESXi(RUNNING)> status changed to: RUNNING
2023-12-01 10:03:29,672 [taskflow.py:1038]: <ApplianceDeploymentTask - com.vmware.vcsa.installer.ovf.deploy_appliance(RUNNING)> in <InstallTaskFlow - embedded_vCSA_on_ESXi(RUNNING)> status changed to: RUNNING
2023-12-01 10:03:40,714 [taskflow.py:1038]: <ApplianceDeploymentTask - com.vmware.vcsa.installer.ovf.deploy_appliance(RUNNING)> in <InstallTaskFlow - embedded_vCSA_on_ESXi(RUNNING)> status changed to: RUNNING
2023-12-01 10:03:53,708 [taskflow.py:1038]: <ApplianceDeploymentTask - com.vmware.vcsa.installer.ovf.deploy_appliance(RUNNING)> in <InstallTaskFlow - embedded_vCSA_on_ESXi(RUNNING)> status changed to: RUNNING
2023-12-01 10:04:05,479 [taskflow.py:1038]: <ApplianceDeploymentTask - com.vmware.vcsa.installer.ovf.deploy_appliance(RUNNING)> in <InstallTaskFlow - embedded_vCSA_on_ESXi(RUNNING)> status changed to: RUNNING
2023-12-01 10:04:16,999 [taskflow.py:1038]: <ApplianceDeploymentTask - com.vmware.vcsa.installer.ovf.deploy_appliance(RUNNING)> in <InstallTaskFlow - embedded_vCSA_on_ESXi(RUNNING)> status changed to: RUNNING
2023-12-01 10:04:29,083 [taskflow.py:1038]: <ApplianceDeploymentTask - com.vmware.vcsa.installer.ovf.deploy_appliance(RUNNING)> in <InstallTaskFlow - embedded_vCSA_on_ESXi(RUNNING)> status changed to: RUNNING
2023-12-01 10:04:39,805 [taskflow.py:1038]: <ApplianceDeploymentTask - com.vmware.vcsa.installer.ovf.deploy_appliance(RUNNING)> in <InstallTaskFlow - embedded_vCSA_on_ESXi(RUNNING)> status changed to: RUNNING
2023-12-01 10:04:52,336 [taskflow.py:1038]: <ApplianceDeploymentTask - com.vmware.vcsa.installer.ovf.deploy_appliance(RUNNING)> in <InstallTaskFlow - embedded_vCSA_on_ESXi(RUNNING)> status changed to: RUNNING
2023-12-01 10:05:03,501 [taskflow.py:1038]: <ApplianceDeploymentTask - com.vmware.vcsa.installer.ovf.deploy_appliance(RUNNING)> in <InstallTaskFlow - embedded_vCSA_on_ESXi(RUNNING)> status changed to: RUNNING
2023-12-01 10:05:13,949 [taskflow.py:1038]: <ApplianceDeploymentTask - com.vmware.vcsa.installer.ovf.deploy_appliance(RUNNING)> in <InstallTaskFlow - embedded_vCSA_on_ESXi(RUNNING)> status changed to: RUNNING
2023-12-01 10:05:25,883 [taskflow.py:1038]: <ApplianceDeploymentTask - com.vmware.vcsa.installer.ovf.deploy_appliance(RUNNING)> in <InstallTaskFlow - embedded_vCSA_on_ESXi(RUNNING)> status changed to: RUNNING
2023-12-01 10:05:36,501 [taskflow.py:1038]: <ApplianceDeploymentTask - com.vmware.vcsa.installer.ovf.deploy_appliance(RUNNING)> in <InstallTaskFlow - embedded_vCSA_on_ESXi(RUNNING)> status changed to: RUNNING
2023-12-01 10:05:47,315 [taskflow.py:1038]: <ApplianceDeploymentTask - com.vmware.vcsa.installer.ovf.deploy_appliance(RUNNING)> in <InstallTaskFlow - embedded_vCSA_on_ESXi(RUNNING)> status changed to: RUNNING
2023-12-01 10:05:58,864 [taskflow.py:1038]: <ApplianceDeploymentTask - com.vmware.vcsa.installer.ovf.deploy_appliance(RUNNING)> in <InstallTaskFlow - embedded_vCSA_on_ESXi(RUNNING)> status changed to: RUNNING
2023-12-01 10:06:09,854 [taskflow.py:1038]: <ApplianceDeploymentTask - com.vmware.vcsa.installer.ovf.deploy_appliance(RUNNING)> in <InstallTaskFlow - embedded_vCSA_on_ESXi(RUNNING)> status changed to: RUNNING
2023-12-01 10:06:21,070 [taskflow.py:1038]: <ApplianceDeploymentTask - com.vmware.vcsa.installer.ovf.deploy_appliance(RUNNING)> in <InstallTaskFlow - embedded_vCSA_on_ESXi(RUNNING)> status changed to: RUNNING
2023-12-01 10:06:34,502 [taskflow.py:1038]: <ApplianceDeploymentTask - com.vmware.vcsa.installer.ovf.deploy_appliance(RUNNING)> in <InstallTaskFlow - embedded_vCSA_on_ESXi(RUNNING)> status changed to: RUNNING
2023-12-01 10:06:45,385 [taskflow.py:1038]: <ApplianceDeploymentTask - com.vmware.vcsa.installer.ovf.deploy_appliance(RUNNING)> in <InstallTaskFlow - embedded_vCSA_on_ESXi(RUNNING)> status changed to: RUNNING
2023-12-01 10:06:56,671 [taskflow.py:1038]: <ApplianceDeploymentTask - com.vmware.vcsa.installer.ovf.deploy_appliance(RUNNING)> in <InstallTaskFlow - embedded_vCSA_on_ESXi(RUNNING)> status changed to: RUNNING
2023-12-01 10:07:07,921 [taskflow.py:1038]: <ApplianceDeploymentTask - com.vmware.vcsa.installer.ovf.deploy_appliance(RUNNING)> in <InstallTaskFlow - embedded_vCSA_on_ESXi(RUNNING)> status changed to: RUNNING
2023-12-01 10:07:18,707 [taskflow.py:1038]: <ApplianceDeploymentTask - com.vmware.vcsa.installer.ovf.deploy_appliance(RUNNING)> in <InstallTaskFlow - embedded_vCSA_on_ESXi(RUNNING)> status changed to: RUNNING
2023-12-01 10:07:29,408 [taskflow.py:1038]: <ApplianceDeploymentTask - com.vmware.vcsa.installer.ovf.deploy_appliance(RUNNING)> in <InstallTaskFlow - embedded_vCSA_on_ESXi(RUNNING)> status changed to: RUNNING
2023-12-01 10:07:40,829 [taskflow.py:1038]: <ApplianceDeploymentTask - com.vmware.vcsa.installer.ovf.deploy_appliance(RUNNING)> in <InstallTaskFlow - embedded_vCSA_on_ESXi(RUNNING)> status changed to: RUNNING
2023-12-01 10:07:53,728 [taskflow.py:1038]: <ApplianceDeploymentTask - com.vmware.vcsa.installer.ovf.deploy_appliance(RUNNING)> in <InstallTaskFlow - embedded_vCSA_on_ESXi(RUNNING)> status changed to: RUNNING
2023-12-01 10:08:05,178 [taskflow.py:1038]: <ApplianceDeploymentTask - com.vmware.vcsa.installer.ovf.deploy_appliance(RUNNING)> in <InstallTaskFlow - embedded_vCSA_on_ESXi(RUNNING)> status changed to: RUNNING
2023-12-01 10:08:17,467 [taskflow.py:1038]: <ApplianceDeploymentTask - com.vmware.vcsa.installer.ovf.deploy_appliance(RUNNING)> in <InstallTaskFlow - embedded_vCSA_on_ESXi(RUNNING)> status changed to: RUNNING
2023-12-01 10:08:28,512 [taskflow.py:1038]: <ApplianceDeploymentTask - com.vmware.vcsa.installer.ovf.deploy_appliance(RUNNING)> in <InstallTaskFlow - embedded_vCSA_on_ESXi(RUNNING)> status changed to: RUNNING
2023-12-01 10:08:41,566 [taskflow.py:1038]: <ApplianceDeploymentTask - com.vmware.vcsa.installer.ovf.deploy_appliance(RUNNING)> in <InstallTaskFlow - embedded_vCSA_on_ESXi(RUNNING)> status changed to: RUNNING
2023-12-01 10:08:53,407 [taskflow.py:1038]: <ApplianceDeploymentTask - com.vmware.vcsa.installer.ovf.deploy_appliance(RUNNING)> in <InstallTaskFlow - embedded_vCSA_on_ESXi(RUNNING)> status changed to: RUNNING
2023-12-01 10:09:05,051 [taskflow.py:1038]: <ApplianceDeploymentTask - com.vmware.vcsa.installer.ovf.deploy_appliance(RUNNING)> in <InstallTaskFlow - embedded_vCSA_on_ESXi(RUNNING)> status changed to: RUNNING
2023-12-01 10:09:15,916 [taskflow.py:1038]: <ApplianceDeploymentTask - com.vmware.vcsa.installer.ovf.deploy_appliance(RUNNING)> in <InstallTaskFlow - embedded_vCSA_on_ESXi(RUNNING)> status changed to: RUNNING
2023-12-01 10:09:26,868 [taskflow.py:1038]: <ApplianceDeploymentTask - com.vmware.vcsa.installer.ovf.deploy_appliance(RUNNING)> in <InstallTaskFlow - embedded_vCSA_on_ESXi(RUNNING)> status changed to: RUNNING
2023-12-01 10:09:37,496 [taskflow.py:1038]: <ApplianceDeploymentTask - com.vmware.vcsa.installer.ovf.deploy_appliance(RUNNING)> in <InstallTaskFlow - embedded_vCSA_on_ESXi(RUNNING)> status changed to: RUNNING
2023-12-01 10:09:48,055 [taskflow.py:1038]: <ApplianceDeploymentTask - com.vmware.vcsa.installer.ovf.deploy_appliance(RUNNING)> in <InstallTaskFlow - embedded_vCSA_on_ESXi(RUNNING)> status changed to: RUNNING
2023-12-01 10:09:59,190 [taskflow.py:1038]: <ApplianceDeploymentTask - com.vmware.vcsa.installer.ovf.deploy_appliance(RUNNING)> in <InstallTaskFlow - embedded_vCSA_on_ESXi(RUNNING)> status changed to: RUNNING
2023-12-01 10:10:10,594 [taskflow.py:1038]: <ApplianceDeploymentTask - com.vmware.vcsa.installer.ovf.deploy_appliance(RUNNING)> in <InstallTaskFlow - embedded_vCSA_on_ESXi(RUNNING)> status changed to: RUNNING
2023-12-01 10:10:21,036 [taskflow.py:1038]: <ApplianceDeploymentTask - com.vmware.vcsa.installer.ovf.deploy_appliance(RUNNING)> in <InstallTaskFlow - embedded_vCSA_on_ESXi(RUNNING)> status changed to: RUNNING
2023-12-01 10:10:32,614 [taskflow.py:1038]: <ApplianceDeploymentTask - com.vmware.vcsa.installer.ovf.deploy_appliance(RUNNING)> in <InstallTaskFlow - embedded_vCSA_on_ESXi(RUNNING)> status changed to: RUNNING
2023-12-01 10:10:44,194 [taskflow.py:1038]: <ApplianceDeploymentTask - com.vmware.vcsa.installer.ovf.deploy_appliance(RUNNING)> in <InstallTaskFlow - embedded_vCSA_on_ESXi(RUNNING)> status changed to: RUNNING
2023-12-01 10:10:55,578 [taskflow.py:1038]: <ApplianceDeploymentTask - com.vmware.vcsa.installer.ovf.deploy_appliance(RUNNING)> in <InstallTaskFlow - embedded_vCSA_on_ESXi(RUNNING)> status changed to: RUNNING
2023-12-01 10:11:06,983 [taskflow.py:1038]: <ApplianceDeploymentTask - com.vmware.vcsa.installer.ovf.deploy_appliance(RUNNING)> in <InstallTaskFlow - embedded_vCSA_on_ESXi(RUNNING)> status changed to: RUNNING
2023-12-01 10:11:18,968 [taskflow.py:1038]: <ApplianceDeploymentTask - com.vmware.vcsa.installer.ovf.deploy_appliance(RUNNING)> in <InstallTaskFlow - embedded_vCSA_on_ESXi(RUNNING)> status changed to: RUNNING
2023-12-01 10:11:32,446 [taskflow.py:1038]: <ApplianceDeploymentTask - com.vmware.vcsa.installer.ovf.deploy_appliance(RUNNING)> in <InstallTaskFlow - embedded_vCSA_on_ESXi(RUNNING)> status changed to: RUNNING
2023-12-01 10:11:43,671 [taskflow.py:1038]: <ApplianceDeploymentTask - com.vmware.vcsa.installer.ovf.deploy_appliance(RUNNING)> in <InstallTaskFlow - embedded_vCSA_on_ESXi(RUNNING)> status changed to: RUNNING
2023-12-01 10:11:54,928 [taskflow.py:1038]: <ApplianceDeploymentTask - com.vmware.vcsa.installer.ovf.deploy_appliance(RUNNING)> in <InstallTaskFlow - embedded_vCSA_on_ESXi(RUNNING)> status changed to: RUNNING
2023-12-01 10:12:06,219 [taskflow.py:1038]: <ApplianceDeploymentTask - com.vmware.vcsa.installer.ovf.deploy_appliance(RUNNING)> in <InstallTaskFlow - embedded_vCSA_on_ESXi(RUNNING)> status changed to: RUNNING
2023-12-01 10:12:16,784 [taskflow.py:1038]: <ApplianceDeploymentTask - com.vmware.vcsa.installer.ovf.deploy_appliance(RUNNING)> in <InstallTaskFlow - embedded_vCSA_on_ESXi(RUNNING)> status changed to: RUNNING
2023-12-01 10:12:27,303 [taskflow.py:1038]: <ApplianceDeploymentTask - com.vmware.vcsa.installer.ovf.deploy_appliance(RUNNING)> in <InstallTaskFlow - embedded_vCSA_on_ESXi(RUNNING)> status changed to: RUNNING
2023-12-01 10:12:40,726 [taskflow.py:1038]: <ApplianceDeploymentTask - com.vmware.vcsa.installer.ovf.deploy_appliance(RUNNING)> in <InstallTaskFlow - embedded_vCSA_on_ESXi(RUNNING)> status changed to: RUNNING
2023-12-01 10:12:51,043 [taskflow.py:1038]: <ApplianceDeploymentTask - com.vmware.vcsa.installer.ovf.deploy_appliance(RUNNING)> in <InstallTaskFlow - embedded_vCSA_on_ESXi(RUNNING)> status changed to: RUNNING
2023-12-01 10:13:01,629 [taskflow.py:1038]: <ApplianceDeploymentTask - com.vmware.vcsa.installer.ovf.deploy_appliance(RUNNING)> in <InstallTaskFlow - embedded_vCSA_on_ESXi(RUNNING)> status changed to: RUNNING
2023-12-01 10:13:12,646 [taskflow.py:1038]: <ApplianceDeploymentTask - com.vmware.vcsa.installer.ovf.deploy_appliance(RUNNING)> in <InstallTaskFlow - embedded_vCSA_on_ESXi(RUNNING)> status changed to: RUNNING
2023-12-01 10:13:23,530 [taskflow.py:1038]: <ApplianceDeploymentTask - com.vmware.vcsa.installer.ovf.deploy_appliance(RUNNING)> in <InstallTaskFlow - embedded_vCSA_on_ESXi(RUNNING)> status changed to: RUNNING
2023-12-01 10:13:34,801 [taskflow.py:1038]: <ApplianceDeploymentTask - com.vmware.vcsa.installer.ovf.deploy_appliance(RUNNING)> in <InstallTaskFlow - embedded_vCSA_on_ESXi(RUNNING)> status changed to: RUNNING
2023-12-01 10:13:48,541 [taskflow.py:1038]: <ApplianceDeploymentTask - com.vmware.vcsa.installer.ovf.deploy_appliance(RUNNING)> in <InstallTaskFlow - embedded_vCSA_on_ESXi(RUNNING)> status changed to: RUNNING
2023-12-01 10:14:00,236 [taskflow.py:1038]: <ApplianceDeploymentTask - com.vmware.vcsa.installer.ovf.deploy_appliance(RUNNING)> in <InstallTaskFlow - embedded_vCSA_on_ESXi(RUNNING)> status changed to: RUNNING
2023-12-01 10:14:11,433 [taskflow.py:1038]: <ApplianceDeploymentTask - com.vmware.vcsa.installer.ovf.deploy_appliance(RUNNING)> in <InstallTaskFlow - embedded_vCSA_on_ESXi(RUNNING)> status changed to: RUNNING
2023-12-01 10:14:22,579 [taskflow.py:1038]: <ApplianceDeploymentTask - com.vmware.vcsa.installer.ovf.deploy_appliance(RUNNING)> in <InstallTaskFlow - embedded_vCSA_on_ESXi(RUNNING)> status changed to: RUNNING
2023-12-01 10:14:32,819 [taskflow.py:1038]: <ApplianceDeploymentTask - com.vmware.vcsa.installer.ovf.deploy_appliance(RUNNING)> in <InstallTaskFlow - embedded_vCSA_on_ESXi(RUNNING)> status changed to: RUNNING
2023-12-01 10:14:43,759 [taskflow.py:1038]: <ApplianceDeploymentTask - com.vmware.vcsa.installer.ovf.deploy_appliance(RUNNING)> in <InstallTaskFlow - embedded_vCSA_on_ESXi(RUNNING)> status changed to: RUNNING
2023-12-01 10:14:54,633 [taskflow.py:1038]: <ApplianceDeploymentTask - com.vmware.vcsa.installer.ovf.deploy_appliance(RUNNING)> in <InstallTaskFlow - embedded_vCSA_on_ESXi(RUNNING)> status changed to: RUNNING
2023-12-01 10:15:06,415 [taskflow.py:1038]: <ApplianceDeploymentTask - com.vmware.vcsa.installer.ovf.deploy_appliance(RUNNING)> in <InstallTaskFlow - embedded_vCSA_on_ESXi(RUNNING)> status changed to: RUNNING
2023-12-01 10:15:17,908 [taskflow.py:1038]: <ApplianceDeploymentTask - com.vmware.vcsa.installer.ovf.deploy_appliance(RUNNING)> in <InstallTaskFlow - embedded_vCSA_on_ESXi(RUNNING)> status changed to: RUNNING
2023-12-01 10:15:29,406 [taskflow.py:1038]: <ApplianceDeploymentTask - com.vmware.vcsa.installer.ovf.deploy_appliance(RUNNING)> in <InstallTaskFlow - embedded_vCSA_on_ESXi(RUNNING)> status changed to: RUNNING
2023-12-01 10:15:41,038 [taskflow.py:1038]: <ApplianceDeploymentTask - com.vmware.vcsa.installer.ovf.deploy_appliance(RUNNING)> in <InstallTaskFlow - embedded_vCSA_on_ESXi(RUNNING)> status changed to: RUNNING
2023-12-01 10:15:52,491 [taskflow.py:1038]: <ApplianceDeploymentTask - com.vmware.vcsa.installer.ovf.deploy_appliance(RUNNING)> in <InstallTaskFlow - embedded_vCSA_on_ESXi(RUNNING)> status changed to: RUNNING
2023-12-01 10:16:06,797 [taskflow.py:1038]: <ApplianceDeploymentTask - com.vmware.vcsa.installer.ovf.deploy_appliance(RUNNING)> in <InstallTaskFlow - embedded_vCSA_on_ESXi(RUNNING)> status changed to: RUNNING
2023-12-01 10:16:18,526 [taskflow.py:1038]: <ApplianceDeploymentTask - com.vmware.vcsa.installer.ovf.deploy_appliance(RUNNING)> in <InstallTaskFlow - embedded_vCSA_on_ESXi(RUNNING)> status changed to: RUNNING
2023-12-01 10:16:29,971 [taskflow.py:1038]: <ApplianceDeploymentTask - com.vmware.vcsa.installer.ovf.deploy_appliance(RUNNING)> in <InstallTaskFlow - embedded_vCSA_on_ESXi(RUNNING)> status changed to: RUNNING
2023-12-01 10:16:41,025 [taskflow.py:1038]: <ApplianceDeploymentTask - com.vmware.vcsa.installer.ovf.deploy_appliance(RUNNING)> in <InstallTaskFlow - embedded_vCSA_on_ESXi(RUNNING)> status changed to: RUNNING
2023-12-01 10:16:52,487 [taskflow.py:1038]: <ApplianceDeploymentTask - com.vmware.vcsa.installer.ovf.deploy_appliance(RUNNING)> in <InstallTaskFlow - embedded_vCSA_on_ESXi(RUNNING)> status changed to: RUNNING
2023-12-01 10:17:03,124 [taskflow.py:1038]: <ApplianceDeploymentTask - com.vmware.vcsa.installer.ovf.deploy_appliance(RUNNING)> in <InstallTaskFlow - embedded_vCSA_on_ESXi(RUNNING)> status changed to: RUNNING
2023-12-01 10:17:13,349 [taskflow.py:1038]: <ApplianceDeploymentTask - com.vmware.vcsa.installer.ovf.deploy_appliance(RUNNING)> in <InstallTaskFlow - embedded_vCSA_on_ESXi(RUNNING)> status changed to: RUNNING
2023-12-01 10:17:24,156 [taskflow.py:1038]: <ApplianceDeploymentTask - com.vmware.vcsa.installer.ovf.deploy_appliance(RUNNING)> in <InstallTaskFlow - embedded_vCSA_on_ESXi(RUNNING)> status changed to: RUNNING
2023-12-01 10:17:36,705 [taskflow.py:1038]: <ApplianceDeploymentTask - com.vmware.vcsa.installer.ovf.deploy_appliance(RUNNING)> in <InstallTaskFlow - embedded_vCSA_on_ESXi(RUNNING)> status changed to: RUNNING
2023-12-01 10:17:46,904 [taskflow.py:1038]: <ApplianceDeploymentTask - com.vmware.vcsa.installer.ovf.deploy_appliance(RUNNING)> in <InstallTaskFlow - embedded_vCSA_on_ESXi(RUNNING)> status changed to: RUNNING
2023-12-01 10:17:58,343 [taskflow.py:1038]: <ApplianceDeploymentTask - com.vmware.vcsa.installer.ovf.deploy_appliance(RUNNING)> in <InstallTaskFlow - embedded_vCSA_on_ESXi(RUNNING)> status changed to: RUNNING
2023-12-01 10:18:11,455 [taskflow.py:1038]: <ApplianceDeploymentTask - com.vmware.vcsa.installer.ovf.deploy_appliance(RUNNING)> in <InstallTaskFlow - embedded_vCSA_on_ESXi(RUNNING)> status changed to: RUNNING
2023-12-01 10:18:21,969 [taskflow.py:1038]: <ApplianceDeploymentTask - com.vmware.vcsa.installer.ovf.deploy_appliance(RUNNING)> in <InstallTaskFlow - embedded_vCSA_on_ESXi(RUNNING)> status changed to: RUNNING
2023-12-01 10:18:32,668 [taskflow.py:1038]: <ApplianceDeploymentTask - com.vmware.vcsa.installer.ovf.deploy_appliance(RUNNING)> in <InstallTaskFlow - embedded_vCSA_on_ESXi(RUNNING)> status changed to: RUNNING
2023-12-01 10:18:43,842 [taskflow.py:1038]: <ApplianceDeploymentTask - com.vmware.vcsa.installer.ovf.deploy_appliance(RUNNING)> in <InstallTaskFlow - embedded_vCSA_on_ESXi(RUNNING)> status changed to: RUNNING
2023-12-01 10:18:56,603 [taskflow.py:1038]: <ApplianceDeploymentTask - com.vmware.vcsa.installer.ovf.deploy_appliance(RUNNING)> in <InstallTaskFlow - embedded_vCSA_on_ESXi(RUNNING)> status changed to: RUNNING
2023-12-01 10:19:07,105 [taskflow.py:1038]: <ApplianceDeploymentTask - com.vmware.vcsa.installer.ovf.deploy_appliance(RUNNING)> in <InstallTaskFlow - embedded_vCSA_on_ESXi(RUNNING)> status changed to: RUNNING
2023-12-01 10:19:17,660 [taskflow.py:1038]: <ApplianceDeploymentTask - com.vmware.vcsa.installer.ovf.deploy_appliance(RUNNING)> in <InstallTaskFlow - embedded_vCSA_on_ESXi(RUNNING)> status changed to: RUNNING
2023-12-01 10:19:28,675 [taskflow.py:1038]: <ApplianceDeploymentTask - com.vmware.vcsa.installer.ovf.deploy_appliance(RUNNING)> in <InstallTaskFlow - embedded_vCSA_on_ESXi(RUNNING)> status changed to: RUNNING
2023-12-01 10:19:39,211 [taskflow.py:1038]: <ApplianceDeploymentTask - com.vmware.vcsa.installer.ovf.deploy_appliance(RUNNING)> in <InstallTaskFlow - embedded_vCSA_on_ESXi(RUNNING)> status changed to: RUNNING
2023-12-01 10:19:50,639 [taskflow.py:1038]: <ApplianceDeploymentTask - com.vmware.vcsa.installer.ovf.deploy_appliance(RUNNING)> in <InstallTaskFlow - embedded_vCSA_on_ESXi(RUNNING)> status changed to: RUNNING
2023-12-01 10:20:01,596 [taskflow.py:1038]: <ApplianceDeploymentTask - com.vmware.vcsa.installer.ovf.deploy_appliance(RUNNING)> in <InstallTaskFlow - embedded_vCSA_on_ESXi(RUNNING)> status changed to: RUNNING
2023-12-01 10:20:13,005 [taskflow.py:1038]: <ApplianceDeploymentTask - com.vmware.vcsa.installer.ovf.deploy_appliance(RUNNING)> in <InstallTaskFlow - embedded_vCSA_on_ESXi(RUNNING)> status changed to: RUNNING
2023-12-01 10:20:26,229 [taskflow.py:1038]: <ApplianceDeploymentTask - com.vmware.vcsa.installer.ovf.deploy_appliance(RUNNING)> in <InstallTaskFlow - embedded_vCSA_on_ESXi(RUNNING)> status changed to: RUNNING
2023-12-01 10:20:37,459 [taskflow.py:1038]: <ApplianceDeploymentTask - com.vmware.vcsa.installer.ovf.deploy_appliance(RUNNING)> in <InstallTaskFlow - embedded_vCSA_on_ESXi(RUNNING)> status changed to: RUNNING
2023-12-01 10:20:48,210 [taskflow.py:1038]: <ApplianceDeploymentTask - com.vmware.vcsa.installer.ovf.deploy_appliance(RUNNING)> in <InstallTaskFlow - embedded_vCSA_on_ESXi(RUNNING)> status changed to: RUNNING
2023-12-01 10:20:58,591 [taskflow.py:1038]: <ApplianceDeploymentTask - com.vmware.vcsa.installer.ovf.deploy_appliance(RUNNING)> in <InstallTaskFlow - embedded_vCSA_on_ESXi(RUNNING)> status changed to: RUNNING
2023-12-01 10:21:09,393 [taskflow.py:1038]: <ApplianceDeploymentTask - com.vmware.vcsa.installer.ovf.deploy_appliance(RUNNING)> in <InstallTaskFlow - embedded_vCSA_on_ESXi(RUNNING)> status changed to: RUNNING
2023-12-01 10:21:19,868 [taskflow.py:1038]: <ApplianceDeploymentTask - com.vmware.vcsa.installer.ovf.deploy_appliance(RUNNING)> in <InstallTaskFlow - embedded_vCSA_on_ESXi(RUNNING)> status changed to: RUNNING
2023-12-01 10:21:29,385 [taskflow.py:1038]: <ApplianceDeploymentTask - com.vmware.vcsa.installer.ovf.deploy_appliance(RUNNING)> in <InstallTaskFlow - embedded_vCSA_on_ESXi(RUNNING)> status changed to: RUNNING
2023-12-01 10:21:29,404 [taskflow.py:1038]: <ApplianceDeploymentTask - com.vmware.vcsa.installer.ovf.deploy_appliance(RUNNING)> in <InstallTaskFlow - embedded_vCSA_on_ESXi(RUNNING)> status changed to: RUNNING
2023-12-01 10:21:29,411 [loggable.py:102]: OVF Tool: Transfer Completed                    
2023-12-01 10:21:29,420 [taskflow.py:1038]: <ApplianceDeploymentTask - com.vmware.vcsa.installer.ovf.deploy_appliance(RUNNING)> in <InstallTaskFlow - embedded_vCSA_on_ESXi(RUNNING)> status changed to: RUNNING
2023-12-01 10:21:31,550 [loggable.py:102]: OVF Tool: Powering on VM: DEV_DEU_CE01VCSA01
2023-12-01 10:21:31,577 [taskflow.py:1038]: <ApplianceDeploymentTask - com.vmware.vcsa.installer.ovf.deploy_appliance(RUNNING)> in <InstallTaskFlow - embedded_vCSA_on_ESXi(RUNNING)> status changed to: RUNNING
2023-12-01 10:21:32,052 [taskflow.py:1038]: <ApplianceDeploymentTask - com.vmware.vcsa.installer.ovf.deploy_appliance(RUNNING)> in <InstallTaskFlow - embedded_vCSA_on_ESXi(RUNNING)> status changed to: RUNNING
2023-12-01 10:21:32,127 [taskflow.py:1038]: <ApplianceDeploymentTask - com.vmware.vcsa.installer.ovf.deploy_appliance(RUNNING)> in <InstallTaskFlow - embedded_vCSA_on_ESXi(RUNNING)> status changed to: RUNNING
2023-12-01 10:21:32,144 [taskflow.py:1038]: <ApplianceDeploymentTask - com.vmware.vcsa.installer.ovf.deploy_appliance(RUNNING)> in <InstallTaskFlow - embedded_vCSA_on_ESXi(RUNNING)> status changed to: RUNNING
2023-12-01 10:21:32,150 [loggable.py:102]: OVF Tool: Task Completed                        
2023-12-01 10:21:32,159 [taskflow.py:1038]: <ApplianceDeploymentTask - com.vmware.vcsa.installer.ovf.deploy_appliance(RUNNING)> in <InstallTaskFlow - embedded_vCSA_on_ESXi(RUNNING)> status changed to: RUNNING
2023-12-01 10:26:02,653 [loggable.py:102]: OVF Tool: Waiting for IP address...
2023-12-01 10:26:02,677 [taskflow.py:1038]: <ApplianceDeploymentTask - com.vmware.vcsa.installer.ovf.deploy_appliance(RUNNING)> in <InstallTaskFlow - embedded_vCSA_on_ESXi(RUNNING)> status changed to: RUNNING
2023-12-01 10:26:02,686 [loggable.py:102]: OVF Tool: Received IP address: 10.33.0.47
2023-12-01 10:26:02,695 [taskflow.py:1038]: <ApplianceDeploymentTask - com.vmware.vcsa.installer.ovf.deploy_appliance(RUNNING)> in <InstallTaskFlow - embedded_vCSA_on_ESXi(RUNNING)> status changed to: RUNNING
2023-12-01 10:26:02,701 [loggable.py:102]: OVF Tool: Completed successfully
2023-12-01 10:26:02,708 [taskflow.py:1038]: <ApplianceDeploymentTask - com.vmware.vcsa.installer.ovf.deploy_appliance(RUNNING)> in <InstallTaskFlow - embedded_vCSA_on_ESXi(RUNNING)> status changed to: RUNNING
2023-12-01 10:26:02,713 [loggable.py:102]:  [SUCCEEDED] Successfully executed Task 'Deploying vCenter Server Appliance' in TaskFlow 'embedded_vCSA_on_ESXi' at 10:26:02 
2023-12-01 10:26:02,719 [taskflow.py:1038]: <ApplianceDeploymentTask - com.vmware.vcsa.installer.ovf.deploy_appliance(RUNNING)> in <InstallTaskFlow - embedded_vCSA_on_ESXi(RUNNING)> status changed to: RUNNING
2023-12-01 10:26:02,739 [taskflow.py:1038]: <ApplianceDeploymentTask - com.vmware.vcsa.installer.ovf.deploy_appliance(SUCCEEDED)> in <InstallTaskFlow - embedded_vCSA_on_ESXi(RUNNING)> status changed to: SUCCEEDED
2023-12-01 10:26:02,750 [taskflow.py:1038]: <ApplianceDeploymentTask - com.vmware.vcsa.installer.ovf.deploy_appliance(SUCCEEDED)> in <InstallTaskFlow - embedded_vCSA_on_ESXi(RUNNING)> status changed to: SUCCEEDED
2023-12-01 10:26:02,792 [taskflow.py:713]: Finished executing <ApplianceDeploymentTask - com.vmware.vcsa.installer.ovf.deploy_appliance(SUCCEEDED)> and its status is SUCCEEDED
2023-12-01 10:26:02,792 [taskflow.py:716]: <InstallTaskFlow - embedded_vCSA_on_ESXi(RUNNING)> overall status is now RUNNING
2023-12-01 10:26:02,817 [taskflow.py:633]: Ready to execute <MonitorVCDeploymentTask - com.vmware.vcsa.installer.monitor.monitor_vcsa_deployment(PENDING)> in <InstallTaskFlow - embedded_vCSA_on_ESXi(RUNNING)> using <_MainThread(MainThread, started 8018776832)>
2023-12-01 10:26:02,817 [taskflow.py:637]: Execution attempt 1 for Task <MonitorVCDeploymentTask - com.vmware.vcsa.installer.monitor.monitor_vcsa_deployment(PENDING)> in <InstallTaskFlow - embedded_vCSA_on_ESXi(RUNNING)>
2023-12-01 10:26:02,817 [taskflow.py:645]: Checking Blackboard requirements for task <MonitorVCDeploymentTask - com.vmware.vcsa.installer.monitor.monitor_vcsa_deployment(PENDING)> in <InstallTaskFlow - embedded_vCSA_on_ESXi(RUNNING)>
2023-12-01 10:26:02,817 [taskflow.py:660]: Verified Blackboard requirements are met for task <MonitorVCDeploymentTask - com.vmware.vcsa.installer.monitor.monitor_vcsa_deployment(PENDING)> in <InstallTaskFlow - embedded_vCSA_on_ESXi(RUNNING)>
2023-12-01 10:26:02,821 [taskflow.py:1038]: <MonitorVCDeploymentTask - com.vmware.vcsa.installer.monitor.monitor_vcsa_deployment(RUNNING)> in <InstallTaskFlow - embedded_vCSA_on_ESXi(RUNNING)> status changed to: RUNNING
2023-12-01 10:26:02,851 [taskflow.py:665]: Executing <MonitorVCDeploymentTask - com.vmware.vcsa.installer.monitor.monitor_vcsa_deployment(RUNNING)>
2023-12-01 10:26:02,851 [loggable.py:102]: MonitorDeploymentTask: Monitoring Deployment
2023-12-01 10:26:02,851 [loggable.py:102]:  [START] Start executing Task: Monitor the entire VCSA deployment using appliance REST API at 10:26:02 
2023-12-01 10:26:02,855 [taskflow.py:1038]: <MonitorVCDeploymentTask - com.vmware.vcsa.installer.monitor.monitor_vcsa_deployment(RUNNING)> in <InstallTaskFlow - embedded_vCSA_on_ESXi(RUNNING)> status changed to: RUNNING
2023-12-01 10:26:02,863 [taskflow.py:1038]: <MonitorVCDeploymentTask - com.vmware.vcsa.installer.monitor.monitor_vcsa_deployment(RUNNING)> in <InstallTaskFlow - embedded_vCSA_on_ESXi(RUNNING)> status changed to: RUNNING
2023-12-01 10:26:02,993 [loggable.py:102]: Successfully found the target VCSA 'DEV_DEU_CE01VCSA01 on esxi 'ce01esx01.dev.deu.local'
2023-12-01 10:26:02,993 [loggable.py:102]: Checking if the target VCSA is powered on and ready for operations...
2023-12-01 10:26:03,014 [loggable.py:102]: Successfully verified that the target VCSA 'DEV_DEU_CE01VCSA01' has been powered on and is now ready for operations
2023-12-01 10:26:03,014 [loggable.py:102]: Checking if the target VCSA appliance API is available for query
2023-12-01 10:26:03,022 [loggable.py:102]: Retrieved all ip addresses from appliance DEV_DEU_CE01VCSA01: ['10.33.0.47']
2023-12-01 10:26:03,029 [loggable.py:102]: Querying REST endpoint '/rest/vcenter/deployment' on appliance '10.33.0.47' for deployment status
2023-12-01 10:26:03,134 [loggable.py:102]: Successfully verified that the target VCSA appliance API is available for query
2023-12-01 10:26:03,134 [loggable.py:102]: Start monitoring target VCSA deployment, deployment status will be written into: /Users/johanneshorn/Git/MB_workspace/vsphere_3_tier/vcenter_installation/files/workflow_1701424887146/embedded_vCSA_on_ESXi/vcsa_deployment.json
2023-12-01 10:26:03,162 [loggable.py:102]: Start querying appliance API for deployment status
2023-12-01 10:26:03,309 [loggable.py:102]: Retrieved all ip addresses from appliance DEV_DEU_CE01VCSA01: ['10.33.0.47']
2023-12-01 10:26:03,319 [loggable.py:102]: Querying REST endpoint '/rest/vcenter/deployment' on appliance '10.33.0.47' for deployment status
2023-12-01 10:26:03,389 [taskflow.py:1038]: <MonitorVCDeploymentTask - com.vmware.vcsa.installer.monitor.monitor_vcsa_deployment(RUNNING)> in <InstallTaskFlow - embedded_vCSA_on_ESXi(RUNNING)> status changed to: RUNNING
2023-12-01 10:26:03,394 [loggable.py:102]: ==========VCSA Deployment Progress Report==========
	Task: Install required RPMs for the appliance.(RUNNING 5/100)	- Setting up storage

2023-12-01 10:26:03,394 [loggable.py:102]: VCSA Deployment is still running
2023-12-01 10:26:33,562 [loggable.py:102]: Retrieved all ip addresses from appliance DEV_DEU_CE01VCSA01: ['10.33.0.47']
2023-12-01 10:26:33,576 [loggable.py:102]: Querying REST endpoint '/rest/vcenter/deployment' on appliance '10.33.0.47' for deployment status
2023-12-01 10:26:34,201 [taskflow.py:1038]: <MonitorVCDeploymentTask - com.vmware.vcsa.installer.monitor.monitor_vcsa_deployment(RUNNING)> in <InstallTaskFlow - embedded_vCSA_on_ESXi(RUNNING)> status changed to: RUNNING
2023-12-01 10:26:34,208 [loggable.py:102]: ==========VCSA Deployment Progress Report==========
	Task: Install required RPMs for the appliance.(RUNNING 55/100)	- Installed vmware-afd-8.0.2.00100-11963556.x86_64.rpm

2023-12-01 10:26:34,208 [loggable.py:102]: VCSA Deployment is still running
2023-12-01 10:27:04,370 [loggable.py:102]: Retrieved all ip addresses from appliance DEV_DEU_CE01VCSA01: ['10.33.0.47']
2023-12-01 10:27:04,384 [loggable.py:102]: Querying REST endpoint '/rest/vcenter/deployment' on appliance '10.33.0.47' for deployment status
2023-12-01 10:27:04,464 [taskflow.py:1038]: <MonitorVCDeploymentTask - com.vmware.vcsa.installer.monitor.monitor_vcsa_deployment(RUNNING)> in <InstallTaskFlow - embedded_vCSA_on_ESXi(RUNNING)> status changed to: RUNNING
2023-12-01 10:27:04,470 [loggable.py:102]: ==========VCSA Deployment Progress Report==========
	Task: Install required RPMs for the appliance.(RUNNING 70/100)	- Installed VMware-vpxd-svcs-8.0.2.00100-11979815.x86_64.rpm

2023-12-01 10:27:04,470 [loggable.py:102]: VCSA Deployment is still running
2023-12-01 10:27:34,635 [loggable.py:102]: Retrieved all ip addresses from appliance DEV_DEU_CE01VCSA01: ['10.33.0.47']
2023-12-01 10:27:34,650 [loggable.py:102]: Querying REST endpoint '/rest/vcenter/deployment' on appliance '10.33.0.47' for deployment status
2023-12-01 10:27:34,736 [taskflow.py:1038]: <MonitorVCDeploymentTask - com.vmware.vcsa.installer.monitor.monitor_vcsa_deployment(RUNNING)> in <InstallTaskFlow - embedded_vCSA_on_ESXi(RUNNING)> status changed to: RUNNING
2023-12-01 10:27:34,742 [loggable.py:102]: ==========VCSA Deployment Progress Report==========
	Task: Install required RPMs for the appliance.(RUNNING 77/100)	- Installed vmware-eam-8.0.2.00100-11979815.x86_64.rpm

2023-12-01 10:27:34,742 [loggable.py:102]: VCSA Deployment is still running
2023-12-01 10:28:04,921 [loggable.py:102]: Retrieved all ip addresses from appliance DEV_DEU_CE01VCSA01: ['10.33.0.47']
2023-12-01 10:28:04,934 [loggable.py:102]: Querying REST endpoint '/rest/vcenter/deployment' on appliance '10.33.0.47' for deployment status
2023-12-01 10:28:05,027 [taskflow.py:1038]: <MonitorVCDeploymentTask - com.vmware.vcsa.installer.monitor.monitor_vcsa_deployment(RUNNING)> in <InstallTaskFlow - embedded_vCSA_on_ESXi(RUNNING)> status changed to: RUNNING
2023-12-01 10:28:05,033 [loggable.py:102]: ==========VCSA Deployment Progress Report==========
	Task: Install required RPMs for the appliance.(RUNNING 84/100)	- Installed VMware-wcp-0.1.6-22207534.x86_64.rpm

2023-12-01 10:28:05,033 [loggable.py:102]: VCSA Deployment is still running
2023-12-01 10:28:35,227 [loggable.py:102]: Retrieved all ip addresses from appliance DEV_DEU_CE01VCSA01: ['10.33.0.47']
2023-12-01 10:28:35,245 [loggable.py:102]: Querying REST endpoint '/rest/vcenter/deployment' on appliance '10.33.0.47' for deployment status
2023-12-01 10:28:35,349 [taskflow.py:1038]: <MonitorVCDeploymentTask - com.vmware.vcsa.installer.monitor.monitor_vcsa_deployment(RUNNING)> in <InstallTaskFlow - embedded_vCSA_on_ESXi(RUNNING)> status changed to: RUNNING
2023-12-01 10:28:35,355 [loggable.py:102]: ==========VCSA Deployment Progress Report==========
	Task: Install required RPMs for the appliance.(RUNNING 85/100)	- Installed VMware-spherelet-2.2.0-11979815.x86_64.rpm

2023-12-01 10:28:35,355 [loggable.py:102]: VCSA Deployment is still running
2023-12-01 10:29:05,544 [loggable.py:102]: Retrieved all ip addresses from appliance DEV_DEU_CE01VCSA01: ['10.33.0.47']
2023-12-01 10:29:05,562 [loggable.py:102]: Querying REST endpoint '/rest/vcenter/deployment' on appliance '10.33.0.47' for deployment status
2023-12-01 10:29:05,699 [taskflow.py:1038]: <MonitorVCDeploymentTask - com.vmware.vcsa.installer.monitor.monitor_vcsa_deployment(RUNNING)> in <InstallTaskFlow - embedded_vCSA_on_ESXi(RUNNING)> status changed to: RUNNING
2023-12-01 10:29:05,720 [loggable.py:102]: ==========VCSA Deployment Progress Report==========
	Task: Install required RPMs for the appliance.(RUNNING 60/100)	- Installing containers

2023-12-01 10:29:05,720 [loggable.py:102]: VCSA Deployment is still running
2023-12-01 10:29:35,924 [loggable.py:102]: Retrieved all ip addresses from appliance DEV_DEU_CE01VCSA01: ['10.33.0.47']
2023-12-01 10:29:35,942 [loggable.py:102]: Querying REST endpoint '/rest/vcenter/deployment' on appliance '10.33.0.47' for deployment status
2023-12-01 10:29:36,035 [taskflow.py:1038]: <MonitorVCDeploymentTask - com.vmware.vcsa.installer.monitor.monitor_vcsa_deployment(RUNNING)> in <InstallTaskFlow - embedded_vCSA_on_ESXi(RUNNING)> status changed to: RUNNING
2023-12-01 10:29:36,041 [loggable.py:102]: ==========VCSA Deployment Progress Report==========
	Task: Install required RPMs for the appliance.(RUNNING 60/100)	- Installing containers

2023-12-01 10:29:36,042 [loggable.py:102]: VCSA Deployment is still running
2023-12-01 10:30:06,241 [loggable.py:102]: Retrieved all ip addresses from appliance DEV_DEU_CE01VCSA01: ['10.33.0.47']
2023-12-01 10:30:06,260 [loggable.py:102]: Querying REST endpoint '/rest/vcenter/deployment' on appliance '10.33.0.47' for deployment status
2023-12-01 10:30:06,288 [loggable.py:102]: Failed to query REST endpoint '/rest/vcenter/deployment' on appliance IP '10.33.0.47' for deployment status because: None
2023-12-01 10:30:06,289 [loggable.py:102]: Failed to query appliance API against VM 'DEV_DEU_CE01VCSA01' on 'ce01esx01.dev.deu.local' for the deployment status because 'Failed to query deployment status for appliance DEV_DEU_CE01VCSA01 after trying all ip addresses. If you see this during firstboot, this probably indicates the VCSA is now rebooting and the status will resume in a few minutes. ', retrying and will timeout in '3570 seconds
2023-12-01 10:30:06,289 [loggable.py:102]: traceback: Traceback (most recent call last):
  File "/build/mts/release/bora-21930385/bora/install/vcsa-installer/vcsaCliInstaller/cli_tasks/monitor/monitor_vcenter_deployment_task.py", line 166, in monitor_vcsa_deployment
  File "/build/mts/release/bora-21930385/bora/install/vcsa-installer/vcsaCliInstaller/cli_tasks/monitor/monitor_vcenter_deployment_task.py", line 554, in get_vcenter_deployment
RuntimeError: Failed to query deployment status for appliance DEV_DEU_CE01VCSA01 after trying all ip addresses

During handling of the above exception, another exception occurred:

Traceback (most recent call last):
  File "/build/mts/release/bora-21930385/bora/install/vcsa-installer/vcsaCliInstaller/cli_tasks/monitor/monitor_vcenter_deployment_task.py", line 402, in execute
  File "/build/mts/release/bora-21930385/bora/install/vcsa-installer/vcsaCliInstaller/cli_tasks/monitor/monitor_vcenter_deployment_task.py", line 173, in monitor_vcsa_deployment
tasking.task.TaskException: Failed to query deployment status for appliance DEV_DEU_CE01VCSA01 after trying all ip addresses. If you see this during firstboot, this probably indicates the VCSA is now rebooting and the status will resume in a few minutes. 

2023-12-01 10:30:37,031 [loggable.py:102]: Retrieved all ip addresses from appliance DEV_DEU_CE01VCSA01: ['10.33.0.47']
2023-12-01 10:30:37,059 [loggable.py:102]: Querying REST endpoint '/rest/vcenter/deployment' on appliance '10.33.0.47' for deployment status
2023-12-01 10:30:37,432 [taskflow.py:1038]: <MonitorVCDeploymentTask - com.vmware.vcsa.installer.monitor.monitor_vcsa_deployment(RUNNING)> in <InstallTaskFlow - embedded_vCSA_on_ESXi(RUNNING)> status changed to: RUNNING
2023-12-01 10:30:37,446 [loggable.py:102]: ==========VCSA Deployment Progress Report==========
	Task: Install required RPMs for the appliance.(SUCCEEDED 100/100)	- Task has completed successfully.
	Task: Run firstboot scripts.(RUNNING 12/100)	- Starting VMware HTTP Reverse Proxy...

2023-12-01 10:30:37,446 [loggable.py:102]: VCSA Deployment is still running
2023-12-01 10:31:07,623 [loggable.py:102]: Retrieved all ip addresses from appliance DEV_DEU_CE01VCSA01: ['10.33.0.47']
2023-12-01 10:31:07,630 [loggable.py:102]: Querying REST endpoint '/rest/vcenter/deployment' on appliance '10.33.0.47' for deployment status
2023-12-01 10:31:09,562 [taskflow.py:1038]: <MonitorVCDeploymentTask - com.vmware.vcsa.installer.monitor.monitor_vcsa_deployment(RUNNING)> in <InstallTaskFlow - embedded_vCSA_on_ESXi(RUNNING)> status changed to: RUNNING
2023-12-01 10:31:09,569 [loggable.py:102]: ==========VCSA Deployment Progress Report==========
	Task: Install required RPMs for the appliance.(SUCCEEDED 100/100)	- Task has completed successfully.
	Task: Run firstboot scripts.(RUNNING 19/100)	- Starting VMware Identity Single Container Service...

2023-12-01 10:31:09,570 [loggable.py:102]: VCSA Deployment is still running
2023-12-01 10:31:39,762 [loggable.py:102]: Retrieved all ip addresses from appliance DEV_DEU_CE01VCSA01: ['10.33.0.47']
2023-12-01 10:31:39,777 [loggable.py:102]: Querying REST endpoint '/rest/vcenter/deployment' on appliance '10.33.0.47' for deployment status
2023-12-01 10:31:39,902 [taskflow.py:1038]: <MonitorVCDeploymentTask - com.vmware.vcsa.installer.monitor.monitor_vcsa_deployment(RUNNING)> in <InstallTaskFlow - embedded_vCSA_on_ESXi(RUNNING)> status changed to: RUNNING
2023-12-01 10:31:39,911 [loggable.py:102]: ==========VCSA Deployment Progress Report==========
	Task: Install required RPMs for the appliance.(SUCCEEDED 100/100)	- Task has completed successfully.
	Task: Run firstboot scripts.(RUNNING 24/100)	- Starting VMware Envoy Proxy...

2023-12-01 10:31:39,912 [loggable.py:102]: VCSA Deployment is still running
2023-12-01 10:32:10,092 [loggable.py:102]: Retrieved all ip addresses from appliance DEV_DEU_CE01VCSA01: ['10.33.0.47']
2023-12-01 10:32:10,120 [loggable.py:102]: Querying REST endpoint '/rest/vcenter/deployment' on appliance '10.33.0.47' for deployment status
2023-12-01 10:32:11,672 [taskflow.py:1038]: <MonitorVCDeploymentTask - com.vmware.vcsa.installer.monitor.monitor_vcsa_deployment(RUNNING)> in <InstallTaskFlow - embedded_vCSA_on_ESXi(RUNNING)> status changed to: RUNNING
2023-12-01 10:32:11,679 [loggable.py:102]: ==========VCSA Deployment Progress Report==========
	Task: Install required RPMs for the appliance.(SUCCEEDED 100/100)	- Task has completed successfully.
	Task: Run firstboot scripts.(RUNNING 27/100)	- Starting VMware Security Token Service...

2023-12-01 10:32:11,679 [loggable.py:102]: VCSA Deployment is still running
2023-12-01 10:32:41,876 [loggable.py:102]: Retrieved all ip addresses from appliance DEV_DEU_CE01VCSA01: ['10.33.0.47']
2023-12-01 10:32:41,891 [loggable.py:102]: Querying REST endpoint '/rest/vcenter/deployment' on appliance '10.33.0.47' for deployment status
2023-12-01 10:32:43,735 [taskflow.py:1038]: <MonitorVCDeploymentTask - com.vmware.vcsa.installer.monitor.monitor_vcsa_deployment(RUNNING)> in <InstallTaskFlow - embedded_vCSA_on_ESXi(RUNNING)> status changed to: RUNNING
2023-12-01 10:32:43,747 [loggable.py:102]: ==========VCSA Deployment Progress Report==========
	Task: Install required RPMs for the appliance.(SUCCEEDED 100/100)	- Task has completed successfully.
	Task: Run firstboot scripts.(RUNNING 27/100)	- Starting VMware Security Token Service...

2023-12-01 10:32:43,747 [loggable.py:102]: VCSA Deployment is still running
2023-12-01 10:33:13,942 [loggable.py:102]: Retrieved all ip addresses from appliance DEV_DEU_CE01VCSA01: ['10.33.0.47']
2023-12-01 10:33:13,959 [loggable.py:102]: Querying REST endpoint '/rest/vcenter/deployment' on appliance '10.33.0.47' for deployment status
2023-12-01 10:33:14,072 [taskflow.py:1038]: <MonitorVCDeploymentTask - com.vmware.vcsa.installer.monitor.monitor_vcsa_deployment(RUNNING)> in <InstallTaskFlow - embedded_vCSA_on_ESXi(RUNNING)> status changed to: RUNNING
2023-12-01 10:33:14,082 [loggable.py:102]: ==========VCSA Deployment Progress Report==========
	Task: Install required RPMs for the appliance.(SUCCEEDED 100/100)	- Task has completed successfully.
	Task: Run firstboot scripts.(RUNNING 31/100)	- Starting VMware License Service...

2023-12-01 10:33:14,082 [loggable.py:102]: VCSA Deployment is still running
2023-12-01 10:33:44,264 [loggable.py:102]: Retrieved all ip addresses from appliance DEV_DEU_CE01VCSA01: ['10.33.0.47']
2023-12-01 10:33:44,280 [loggable.py:102]: Querying REST endpoint '/rest/vcenter/deployment' on appliance '10.33.0.47' for deployment status
2023-12-01 10:33:44,385 [taskflow.py:1038]: <MonitorVCDeploymentTask - com.vmware.vcsa.installer.monitor.monitor_vcsa_deployment(RUNNING)> in <InstallTaskFlow - embedded_vCSA_on_ESXi(RUNNING)> status changed to: RUNNING
2023-12-01 10:33:44,402 [loggable.py:102]: ==========VCSA Deployment Progress Report==========
	Task: Install required RPMs for the appliance.(SUCCEEDED 100/100)	- Task has completed successfully.
	Task: Run firstboot scripts.(RUNNING 33/100)	- Starting VMware vAPI Endpoint...

2023-12-01 10:33:44,402 [loggable.py:102]: VCSA Deployment is still running
2023-12-01 10:34:14,593 [loggable.py:102]: Retrieved all ip addresses from appliance DEV_DEU_CE01VCSA01: ['10.33.0.47']
2023-12-01 10:34:14,610 [loggable.py:102]: Querying REST endpoint '/rest/vcenter/deployment' on appliance '10.33.0.47' for deployment status
2023-12-01 10:34:14,735 [taskflow.py:1038]: <MonitorVCDeploymentTask - com.vmware.vcsa.installer.monitor.monitor_vcsa_deployment(RUNNING)> in <InstallTaskFlow - embedded_vCSA_on_ESXi(RUNNING)> status changed to: RUNNING
2023-12-01 10:34:14,751 [loggable.py:102]: ==========VCSA Deployment Progress Report==========
	Task: Install required RPMs for the appliance.(SUCCEEDED 100/100)	- Task has completed successfully.
	Task: Run firstboot scripts.(RUNNING 37/100)	- Starting VMware vCenter-Services...

2023-12-01 10:34:14,751 [loggable.py:102]: VCSA Deployment is still running
2023-12-01 10:34:44,930 [loggable.py:102]: Retrieved all ip addresses from appliance DEV_DEU_CE01VCSA01: ['10.33.0.47']
2023-12-01 10:34:44,944 [loggable.py:102]: Querying REST endpoint '/rest/vcenter/deployment' on appliance '10.33.0.47' for deployment status
2023-12-01 10:34:45,050 [taskflow.py:1038]: <MonitorVCDeploymentTask - com.vmware.vcsa.installer.monitor.monitor_vcsa_deployment(RUNNING)> in <InstallTaskFlow - embedded_vCSA_on_ESXi(RUNNING)> status changed to: RUNNING
2023-12-01 10:34:45,062 [loggable.py:102]: ==========VCSA Deployment Progress Report==========
	Task: Install required RPMs for the appliance.(SUCCEEDED 100/100)	- Task has completed successfully.
	Task: Run firstboot scripts.(RUNNING 39/100)	- Starting VMware Certificate Authority Service...

2023-12-01 10:34:45,062 [loggable.py:102]: VCSA Deployment is still running
2023-12-01 10:35:15,255 [loggable.py:102]: Retrieved all ip addresses from appliance DEV_DEU_CE01VCSA01: ['10.33.0.47']
2023-12-01 10:35:15,279 [loggable.py:102]: Querying REST endpoint '/rest/vcenter/deployment' on appliance '10.33.0.47' for deployment status
2023-12-01 10:35:15,402 [taskflow.py:1038]: <MonitorVCDeploymentTask - com.vmware.vcsa.installer.monitor.monitor_vcsa_deployment(RUNNING)> in <InstallTaskFlow - embedded_vCSA_on_ESXi(RUNNING)> status changed to: RUNNING
2023-12-01 10:35:15,416 [loggable.py:102]: ==========VCSA Deployment Progress Report==========
	Task: Install required RPMs for the appliance.(SUCCEEDED 100/100)	- Task has completed successfully.
	Task: Run firstboot scripts.(RUNNING 45/100)	- Starting VMware Platform Services Controller Health Monitor...

2023-12-01 10:35:15,416 [loggable.py:102]: VCSA Deployment is still running
2023-12-01 10:35:45,606 [loggable.py:102]: Retrieved all ip addresses from appliance DEV_DEU_CE01VCSA01: ['10.33.0.47']
2023-12-01 10:35:45,621 [loggable.py:102]: Querying REST endpoint '/rest/vcenter/deployment' on appliance '10.33.0.47' for deployment status
2023-12-01 10:35:45,720 [taskflow.py:1038]: <MonitorVCDeploymentTask - com.vmware.vcsa.installer.monitor.monitor_vcsa_deployment(RUNNING)> in <InstallTaskFlow - embedded_vCSA_on_ESXi(RUNNING)> status changed to: RUNNING
2023-12-01 10:35:45,727 [loggable.py:102]: ==========VCSA Deployment Progress Report==========
	Task: Install required RPMs for the appliance.(SUCCEEDED 100/100)	- Task has completed successfully.
	Task: Run firstboot scripts.(RUNNING 50/100)	- Starting VMware vCenter Server...

2023-12-01 10:35:45,727 [loggable.py:102]: VCSA Deployment is still running
2023-12-01 10:36:15,919 [loggable.py:102]: Retrieved all ip addresses from appliance DEV_DEU_CE01VCSA01: ['10.33.0.47']
2023-12-01 10:36:15,926 [loggable.py:102]: Querying REST endpoint '/rest/vcenter/deployment' on appliance '10.33.0.47' for deployment status
2023-12-01 10:36:16,027 [taskflow.py:1038]: <MonitorVCDeploymentTask - com.vmware.vcsa.installer.monitor.monitor_vcsa_deployment(RUNNING)> in <InstallTaskFlow - embedded_vCSA_on_ESXi(RUNNING)> status changed to: RUNNING
2023-12-01 10:36:16,034 [loggable.py:102]: ==========VCSA Deployment Progress Report==========
	Task: Install required RPMs for the appliance.(SUCCEEDED 100/100)	- Task has completed successfully.
	Task: Run firstboot scripts.(RUNNING 50/100)	- Starting VMware vCenter Server...

2023-12-01 10:36:16,034 [loggable.py:102]: VCSA Deployment is still running
2023-12-01 10:36:46,686 [loggable.py:102]: Retrieved all ip addresses from appliance DEV_DEU_CE01VCSA01: ['10.33.0.47']
2023-12-01 10:36:46,713 [loggable.py:102]: Querying REST endpoint '/rest/vcenter/deployment' on appliance '10.33.0.47' for deployment status
2023-12-01 10:36:47,083 [taskflow.py:1038]: <MonitorVCDeploymentTask - com.vmware.vcsa.installer.monitor.monitor_vcsa_deployment(RUNNING)> in <InstallTaskFlow - embedded_vCSA_on_ESXi(RUNNING)> status changed to: RUNNING
2023-12-01 10:36:47,093 [loggable.py:102]: ==========VCSA Deployment Progress Report==========
	Task: Install required RPMs for the appliance.(SUCCEEDED 100/100)	- Task has completed successfully.
	Task: Run firstboot scripts.(RUNNING 54/100)	- Starting VMware vSphere Client...

2023-12-01 10:36:47,094 [loggable.py:102]: VCSA Deployment is still running
2023-12-01 10:37:17,276 [loggable.py:102]: Retrieved all ip addresses from appliance DEV_DEU_CE01VCSA01: ['10.33.0.47']
2023-12-01 10:37:17,295 [loggable.py:102]: Querying REST endpoint '/rest/vcenter/deployment' on appliance '10.33.0.47' for deployment status
2023-12-01 10:37:17,546 [taskflow.py:1038]: <MonitorVCDeploymentTask - com.vmware.vcsa.installer.monitor.monitor_vcsa_deployment(RUNNING)> in <InstallTaskFlow - embedded_vCSA_on_ESXi(RUNNING)> status changed to: RUNNING
2023-12-01 10:37:17,558 [loggable.py:102]: ==========VCSA Deployment Progress Report==========
	Task: Install required RPMs for the appliance.(SUCCEEDED 100/100)	- Task has completed successfully.
	Task: Run firstboot scripts.(RUNNING 54/100)	- Starting VMware vSphere Client...

2023-12-01 10:37:17,559 [loggable.py:102]: VCSA Deployment is still running
2023-12-01 10:37:47,730 [loggable.py:102]: Retrieved all ip addresses from appliance DEV_DEU_CE01VCSA01: ['10.33.0.47']
2023-12-01 10:37:47,747 [loggable.py:102]: Querying REST endpoint '/rest/vcenter/deployment' on appliance '10.33.0.47' for deployment status
2023-12-01 10:37:47,860 [taskflow.py:1038]: <MonitorVCDeploymentTask - com.vmware.vcsa.installer.monitor.monitor_vcsa_deployment(RUNNING)> in <InstallTaskFlow - embedded_vCSA_on_ESXi(RUNNING)> status changed to: RUNNING
2023-12-01 10:37:47,868 [loggable.py:102]: ==========VCSA Deployment Progress Report==========
	Task: Install required RPMs for the appliance.(SUCCEEDED 100/100)	- Task has completed successfully.
	Task: Run firstboot scripts.(RUNNING 58/100)	- Starting VMware ESX Agent Manager...

2023-12-01 10:37:47,868 [loggable.py:102]: VCSA Deployment is still running
2023-12-01 10:38:18,083 [loggable.py:102]: Retrieved all ip addresses from appliance DEV_DEU_CE01VCSA01: ['10.33.0.47']
2023-12-01 10:38:18,097 [loggable.py:102]: Querying REST endpoint '/rest/vcenter/deployment' on appliance '10.33.0.47' for deployment status
2023-12-01 10:38:18,198 [taskflow.py:1038]: <MonitorVCDeploymentTask - com.vmware.vcsa.installer.monitor.monitor_vcsa_deployment(RUNNING)> in <InstallTaskFlow - embedded_vCSA_on_ESXi(RUNNING)> status changed to: RUNNING
2023-12-01 10:38:18,210 [loggable.py:102]: ==========VCSA Deployment Progress Report==========
	Task: Install required RPMs for the appliance.(SUCCEEDED 100/100)	- Task has completed successfully.
	Task: Run firstboot scripts.(RUNNING 62/100)	- Starting VMware vSphere Profile-Driven Storage Service...

2023-12-01 10:38:18,210 [loggable.py:102]: VCSA Deployment is still running
2023-12-01 10:38:48,389 [loggable.py:102]: Retrieved all ip addresses from appliance DEV_DEU_CE01VCSA01: ['10.33.0.47']
2023-12-01 10:38:48,404 [loggable.py:102]: Querying REST endpoint '/rest/vcenter/deployment' on appliance '10.33.0.47' for deployment status
2023-12-01 10:38:48,518 [taskflow.py:1038]: <MonitorVCDeploymentTask - com.vmware.vcsa.installer.monitor.monitor_vcsa_deployment(RUNNING)> in <InstallTaskFlow - embedded_vCSA_on_ESXi(RUNNING)> status changed to: RUNNING
2023-12-01 10:38:48,524 [loggable.py:102]: ==========VCSA Deployment Progress Report==========
	Task: Install required RPMs for the appliance.(SUCCEEDED 100/100)	- Task has completed successfully.
	Task: Run firstboot scripts.(RUNNING 62/100)	- Starting VMware vSphere Profile-Driven Storage Service...

2023-12-01 10:38:48,524 [loggable.py:102]: VCSA Deployment is still running
2023-12-01 10:39:18,697 [loggable.py:102]: Retrieved all ip addresses from appliance DEV_DEU_CE01VCSA01: ['10.33.0.47']
2023-12-01 10:39:18,711 [loggable.py:102]: Querying REST endpoint '/rest/vcenter/deployment' on appliance '10.33.0.47' for deployment status
2023-12-01 10:39:18,814 [taskflow.py:1038]: <MonitorVCDeploymentTask - com.vmware.vcsa.installer.monitor.monitor_vcsa_deployment(RUNNING)> in <InstallTaskFlow - embedded_vCSA_on_ESXi(RUNNING)> status changed to: RUNNING
2023-12-01 10:39:18,829 [loggable.py:102]: ==========VCSA Deployment Progress Report==========
	Task: Install required RPMs for the appliance.(SUCCEEDED 100/100)	- Task has completed successfully.
	Task: Run firstboot scripts.(RUNNING 66/100)	- Starting VMware Update Manager...

2023-12-01 10:39:18,829 [loggable.py:102]: VCSA Deployment is still running
2023-12-01 10:39:49,000 [loggable.py:102]: Retrieved all ip addresses from appliance DEV_DEU_CE01VCSA01: ['10.33.0.47']
2023-12-01 10:39:49,014 [loggable.py:102]: Querying REST endpoint '/rest/vcenter/deployment' on appliance '10.33.0.47' for deployment status
2023-12-01 10:39:49,110 [taskflow.py:1038]: <MonitorVCDeploymentTask - com.vmware.vcsa.installer.monitor.monitor_vcsa_deployment(RUNNING)> in <InstallTaskFlow - embedded_vCSA_on_ESXi(RUNNING)> status changed to: RUNNING
2023-12-01 10:39:49,115 [loggable.py:102]: ==========VCSA Deployment Progress Report==========
	Task: Install required RPMs for the appliance.(SUCCEEDED 100/100)	- Task has completed successfully.
	Task: Run firstboot scripts.(RUNNING 70/100)	- Starting VMware vCenter Server Lifecycle Manager...

2023-12-01 10:39:49,115 [loggable.py:102]: VCSA Deployment is still running
2023-12-01 10:40:19,291 [loggable.py:102]: Retrieved all ip addresses from appliance DEV_DEU_CE01VCSA01: ['10.33.0.47']
2023-12-01 10:40:19,304 [loggable.py:102]: Querying REST endpoint '/rest/vcenter/deployment' on appliance '10.33.0.47' for deployment status
2023-12-01 10:40:19,417 [taskflow.py:1038]: <MonitorVCDeploymentTask - com.vmware.vcsa.installer.monitor.monitor_vcsa_deployment(RUNNING)> in <InstallTaskFlow - embedded_vCSA_on_ESXi(RUNNING)> status changed to: RUNNING
2023-12-01 10:40:19,422 [loggable.py:102]: ==========VCSA Deployment Progress Report==========
	Task: Install required RPMs for the appliance.(SUCCEEDED 100/100)	- Task has completed successfully.
	Task: Run firstboot scripts.(RUNNING 74/100)	- Starting VMware VSAN Health Service...

2023-12-01 10:40:19,423 [loggable.py:102]: VCSA Deployment is still running
2023-12-01 10:40:49,586 [loggable.py:102]: Retrieved all ip addresses from appliance DEV_DEU_CE01VCSA01: ['10.33.0.47']
2023-12-01 10:40:49,596 [loggable.py:102]: Querying REST endpoint '/rest/vcenter/deployment' on appliance '10.33.0.47' for deployment status
2023-12-01 10:40:49,682 [taskflow.py:1038]: <MonitorVCDeploymentTask - com.vmware.vcsa.installer.monitor.monitor_vcsa_deployment(RUNNING)> in <InstallTaskFlow - embedded_vCSA_on_ESXi(RUNNING)> status changed to: RUNNING
2023-12-01 10:40:49,687 [loggable.py:102]: ==========VCSA Deployment Progress Report==========
	Task: Install required RPMs for the appliance.(SUCCEEDED 100/100)	- Task has completed successfully.
	Task: Run firstboot scripts.(RUNNING 78/100)	- Starting VMware vTsdb Service...

2023-12-01 10:40:49,687 [loggable.py:102]: VCSA Deployment is still running
2023-12-01 10:41:19,864 [loggable.py:102]: Retrieved all ip addresses from appliance DEV_DEU_CE01VCSA01: ['10.33.0.47']
2023-12-01 10:41:19,874 [loggable.py:102]: Querying REST endpoint '/rest/vcenter/deployment' on appliance '10.33.0.47' for deployment status
2023-12-01 10:41:20,515 [taskflow.py:1038]: <MonitorVCDeploymentTask - com.vmware.vcsa.installer.monitor.monitor_vcsa_deployment(RUNNING)> in <InstallTaskFlow - embedded_vCSA_on_ESXi(RUNNING)> status changed to: RUNNING
2023-12-01 10:41:20,520 [loggable.py:102]: ==========VCSA Deployment Progress Report==========
	Task: Install required RPMs for the appliance.(SUCCEEDED 100/100)	- Task has completed successfully.
	Task: Run firstboot scripts.(RUNNING 82/100)	- Starting VMware Hybrid VC Service...

2023-12-01 10:41:20,520 [loggable.py:102]: VCSA Deployment is still running
2023-12-01 10:41:50,691 [loggable.py:102]: Retrieved all ip addresses from appliance DEV_DEU_CE01VCSA01: ['10.33.0.47']
2023-12-01 10:41:50,705 [loggable.py:102]: Querying REST endpoint '/rest/vcenter/deployment' on appliance '10.33.0.47' for deployment status
2023-12-01 10:41:51,023 [taskflow.py:1038]: <MonitorVCDeploymentTask - com.vmware.vcsa.installer.monitor.monitor_vcsa_deployment(RUNNING)> in <InstallTaskFlow - embedded_vCSA_on_ESXi(RUNNING)> status changed to: RUNNING
2023-12-01 10:41:51,029 [loggable.py:102]: ==========VCSA Deployment Progress Report==========
	Task: Install required RPMs for the appliance.(SUCCEEDED 100/100)	- Task has completed successfully.
	Task: Run firstboot scripts.(RUNNING 86/100)	- Starting VMware vSphere Auto Deploy Waiter...

2023-12-01 10:41:51,029 [loggable.py:102]: VCSA Deployment is still running
2023-12-01 10:42:21,225 [loggable.py:102]: Retrieved all ip addresses from appliance DEV_DEU_CE01VCSA01: ['10.33.0.47']
2023-12-01 10:42:21,236 [loggable.py:102]: Querying REST endpoint '/rest/vcenter/deployment' on appliance '10.33.0.47' for deployment status
2023-12-01 10:42:21,348 [taskflow.py:1038]: <MonitorVCDeploymentTask - com.vmware.vcsa.installer.monitor.monitor_vcsa_deployment(RUNNING)> in <InstallTaskFlow - embedded_vCSA_on_ESXi(RUNNING)> status changed to: RUNNING
2023-12-01 10:42:21,355 [loggable.py:102]: ==========VCSA Deployment Progress Report==========
	Task: Install required RPMs for the appliance.(SUCCEEDED 100/100)	- Task has completed successfully.
	Task: Run firstboot scripts.(RUNNING 90/100)	- Starting Workload Control Plane...

2023-12-01 10:42:21,355 [loggable.py:102]: VCSA Deployment is still running
2023-12-01 10:42:51,538 [loggable.py:102]: Retrieved all ip addresses from appliance DEV_DEU_CE01VCSA01: ['10.33.0.47']
2023-12-01 10:42:51,550 [loggable.py:102]: Querying REST endpoint '/rest/vcenter/deployment' on appliance '10.33.0.47' for deployment status
2023-12-01 10:42:51,641 [taskflow.py:1038]: <MonitorVCDeploymentTask - com.vmware.vcsa.installer.monitor.monitor_vcsa_deployment(RUNNING)> in <InstallTaskFlow - embedded_vCSA_on_ESXi(RUNNING)> status changed to: RUNNING
2023-12-01 10:42:51,647 [loggable.py:102]: ==========VCSA Deployment Progress Report==========
	Task: Install required RPMs for the appliance.(SUCCEEDED 100/100)	- Task has completed successfully.
	Task: Run firstboot scripts.(RUNNING 92/100)	- Starting VMware Content Library Service...

2023-12-01 10:42:51,647 [loggable.py:102]: VCSA Deployment is still running
2023-12-01 10:43:21,844 [loggable.py:102]: Retrieved all ip addresses from appliance DEV_DEU_CE01VCSA01: ['10.33.0.47']
2023-12-01 10:43:21,868 [loggable.py:102]: Querying REST endpoint '/rest/vcenter/deployment' on appliance '10.33.0.47' for deployment status
2023-12-01 10:43:22,019 [taskflow.py:1038]: <MonitorVCDeploymentTask - com.vmware.vcsa.installer.monitor.monitor_vcsa_deployment(RUNNING)> in <InstallTaskFlow - embedded_vCSA_on_ESXi(RUNNING)> status changed to: RUNNING
2023-12-01 10:43:22,032 [loggable.py:102]: ==========VCSA Deployment Progress Report==========
	Task: Install required RPMs for the appliance.(SUCCEEDED 100/100)	- Task has completed successfully.
	Task: Run firstboot scripts.(RUNNING 92/100)	- Starting VMware Content Library Service...

2023-12-01 10:43:22,032 [loggable.py:102]: VCSA Deployment is still running
2023-12-01 10:43:52,226 [loggable.py:102]: Retrieved all ip addresses from appliance DEV_DEU_CE01VCSA01: ['10.33.0.47']
2023-12-01 10:43:52,246 [loggable.py:102]: Querying REST endpoint '/rest/vcenter/deployment' on appliance '10.33.0.47' for deployment status
2023-12-01 10:43:52,370 [taskflow.py:1038]: <MonitorVCDeploymentTask - com.vmware.vcsa.installer.monitor.monitor_vcsa_deployment(RUNNING)> in <InstallTaskFlow - embedded_vCSA_on_ESXi(RUNNING)> status changed to: RUNNING
2023-12-01 10:43:52,378 [loggable.py:102]: ==========VCSA Deployment Progress Report==========
	Task: Install required RPMs for the appliance.(SUCCEEDED 100/100)	- Task has completed successfully.
	Task: Run firstboot scripts.(RUNNING 96/100)	- Starting vsphere-ui-postinstall...

2023-12-01 10:43:52,378 [loggable.py:102]: VCSA Deployment is still running
2023-12-01 10:44:22,551 [loggable.py:102]: Retrieved all ip addresses from appliance DEV_DEU_CE01VCSA01: ['10.33.0.47']
2023-12-01 10:44:22,566 [loggable.py:102]: Querying REST endpoint '/rest/vcenter/deployment' on appliance '10.33.0.47' for deployment status
2023-12-01 10:44:22,678 [taskflow.py:1038]: <MonitorVCDeploymentTask - com.vmware.vcsa.installer.monitor.monitor_vcsa_deployment(RUNNING)> in <InstallTaskFlow - embedded_vCSA_on_ESXi(RUNNING)> status changed to: RUNNING
2023-12-01 10:44:22,685 [loggable.py:102]: ==========VCSA Deployment Progress Report==========
	Task: Install required RPMs for the appliance.(SUCCEEDED 100/100)	- Task has completed successfully.
	Task: Run firstboot scripts.(SUCCEEDED 100/100)	- Task has completed successfully.

2023-12-01 10:44:22,685 [loggable.py:102]: VCSA Deployment is still running
2023-12-01 10:44:52,859 [loggable.py:102]: Retrieved all ip addresses from appliance DEV_DEU_CE01VCSA01: ['10.33.0.47']
2023-12-01 10:44:52,868 [loggable.py:102]: Querying REST endpoint '/rest/vcenter/deployment' on appliance '10.33.0.47' for deployment status
2023-12-01 10:44:52,948 [taskflow.py:1038]: <MonitorVCDeploymentTask - com.vmware.vcsa.installer.monitor.monitor_vcsa_deployment(RUNNING)> in <InstallTaskFlow - embedded_vCSA_on_ESXi(RUNNING)> status changed to: RUNNING
2023-12-01 10:44:52,952 [loggable.py:102]: ==========VCSA Deployment Progress Report==========
	Task: Install required RPMs for the appliance.(SUCCEEDED 100/100)	- Task has completed successfully.
	Task: Run firstboot scripts.(SUCCEEDED 100/100)	- Task has completed successfully.

2023-12-01 10:44:52,952 [loggable.py:102]: Successfully completed VCSA deployment. 
VCSA Deployment Start Time: 2023-12-01T10:25:04.179Z
VCSA Deployment End Time: 2023-12-01T10:44:21.721Z

2023-12-01 10:44:52,952 [loggable.py:102]:  [SUCCEEDED] Successfully executed Task 'MonitorDeploymentTask: Monitoring Deployment' in TaskFlow 'embedded_vCSA_on_ESXi' at 10:44:52 
2023-12-01 10:44:52,959 [taskflow.py:1038]: <MonitorVCDeploymentTask - com.vmware.vcsa.installer.monitor.monitor_vcsa_deployment(RUNNING)> in <InstallTaskFlow - embedded_vCSA_on_ESXi(RUNNING)> status changed to: RUNNING
2023-12-01 10:44:52,977 [taskflow.py:1038]: <MonitorVCDeploymentTask - com.vmware.vcsa.installer.monitor.monitor_vcsa_deployment(SUCCEEDED)> in <InstallTaskFlow - embedded_vCSA_on_ESXi(RUNNING)> status changed to: SUCCEEDED
2023-12-01 10:44:52,988 [taskflow.py:1038]: <MonitorVCDeploymentTask - com.vmware.vcsa.installer.monitor.monitor_vcsa_deployment(SUCCEEDED)> in <InstallTaskFlow - embedded_vCSA_on_ESXi(RUNNING)> status changed to: SUCCEEDED
2023-12-01 10:44:52,993 [loggable.py:102]: Monitoring VCSA Deploy task completed 
2023-12-01 10:44:53,030 [taskflow.py:713]: Finished executing <MonitorVCDeploymentTask - com.vmware.vcsa.installer.monitor.monitor_vcsa_deployment(SUCCEEDED)> and its status is SUCCEEDED
2023-12-01 10:44:53,030 [taskflow.py:716]: <InstallTaskFlow - embedded_vCSA_on_ESXi(RUNNING)> overall status is now RUNNING
2023-12-01 10:44:53,059 [taskflow.py:633]: Ready to execute <DomainJoinTask - com.vmware.vcsa.installer.deployment.domain_join(PENDING)> in <InstallTaskFlow - embedded_vCSA_on_ESXi(RUNNING)> using <_MainThread(MainThread, started 8018776832)>
2023-12-01 10:44:53,059 [taskflow.py:637]: Execution attempt 1 for Task <DomainJoinTask - com.vmware.vcsa.installer.deployment.domain_join(PENDING)> in <InstallTaskFlow - embedded_vCSA_on_ESXi(RUNNING)>
2023-12-01 10:44:53,059 [taskflow.py:645]: Checking Blackboard requirements for task <DomainJoinTask - com.vmware.vcsa.installer.deployment.domain_join(PENDING)> in <InstallTaskFlow - embedded_vCSA_on_ESXi(RUNNING)>
2023-12-01 10:44:53,059 [taskflow.py:660]: Verified Blackboard requirements are met for task <DomainJoinTask - com.vmware.vcsa.installer.deployment.domain_join(PENDING)> in <InstallTaskFlow - embedded_vCSA_on_ESXi(RUNNING)>
2023-12-01 10:44:53,064 [taskflow.py:1038]: <DomainJoinTask - com.vmware.vcsa.installer.deployment.domain_join(RUNNING)> in <InstallTaskFlow - embedded_vCSA_on_ESXi(RUNNING)> status changed to: RUNNING
2023-12-01 10:44:53,093 [taskflow.py:665]: Executing <DomainJoinTask - com.vmware.vcsa.installer.deployment.domain_join(RUNNING)>
2023-12-01 10:44:53,093 [loggable.py:102]: Running deployment: Domain Join
2023-12-01 10:44:53,094 [loggable.py:102]: == [START] Start executing Task: Join active domain if necessary at 10:44:53 ==
2023-12-01 10:44:53,098 [taskflow.py:1038]: <DomainJoinTask - com.vmware.vcsa.installer.deployment.domain_join(RUNNING)> in <InstallTaskFlow - embedded_vCSA_on_ESXi(RUNNING)> status changed to: RUNNING
2023-12-01 10:44:53,106 [taskflow.py:1038]: <DomainJoinTask - com.vmware.vcsa.installer.deployment.domain_join(RUNNING)> in <InstallTaskFlow - embedded_vCSA_on_ESXi(RUNNING)> status changed to: RUNNING
2023-12-01 10:44:53,110 [loggable.py:102]: Domain join task not applicable, skipping task
2023-12-01 10:44:53,110 [loggable.py:102]:  [SUCCEEDED] Successfully executed Task 'Running deployment: Domain Join' in TaskFlow 'embedded_vCSA_on_ESXi' at 10:44:53 
2023-12-01 10:44:53,115 [taskflow.py:1038]: <DomainJoinTask - com.vmware.vcsa.installer.deployment.domain_join(RUNNING)> in <InstallTaskFlow - embedded_vCSA_on_ESXi(RUNNING)> status changed to: RUNNING
2023-12-01 10:44:53,122 [taskflow.py:1038]: <DomainJoinTask - com.vmware.vcsa.installer.deployment.domain_join(SUCCEEDED)> in <InstallTaskFlow - embedded_vCSA_on_ESXi(RUNNING)> status changed to: SUCCEEDED
2023-12-01 10:44:53,131 [taskflow.py:1038]: <DomainJoinTask - com.vmware.vcsa.installer.deployment.domain_join(SUCCEEDED)> in <InstallTaskFlow - embedded_vCSA_on_ESXi(RUNNING)> status changed to: SUCCEEDED
2023-12-01 10:44:53,160 [taskflow.py:713]: Finished executing <DomainJoinTask - com.vmware.vcsa.installer.deployment.domain_join(SUCCEEDED)> and its status is SUCCEEDED
2023-12-01 10:44:53,160 [taskflow.py:716]: <InstallTaskFlow - embedded_vCSA_on_ESXi(RUNNING)> overall status is now RUNNING
2023-12-01 10:44:53,185 [taskflow.py:633]: Ready to execute <ApplianceLoginSummaryTask - com.vmware.vcsa.installer.monitor.appliance_login_summary(PENDING)> in <InstallTaskFlow - embedded_vCSA_on_ESXi(RUNNING)> using <_MainThread(MainThread, started 8018776832)>
2023-12-01 10:44:53,185 [taskflow.py:637]: Execution attempt 1 for Task <ApplianceLoginSummaryTask - com.vmware.vcsa.installer.monitor.appliance_login_summary(PENDING)> in <InstallTaskFlow - embedded_vCSA_on_ESXi(RUNNING)>
2023-12-01 10:44:53,185 [taskflow.py:645]: Checking Blackboard requirements for task <ApplianceLoginSummaryTask - com.vmware.vcsa.installer.monitor.appliance_login_summary(PENDING)> in <InstallTaskFlow - embedded_vCSA_on_ESXi(RUNNING)>
2023-12-01 10:44:53,185 [taskflow.py:660]: Verified Blackboard requirements are met for task <ApplianceLoginSummaryTask - com.vmware.vcsa.installer.monitor.appliance_login_summary(PENDING)> in <InstallTaskFlow - embedded_vCSA_on_ESXi(RUNNING)>
2023-12-01 10:44:53,190 [taskflow.py:1038]: <ApplianceLoginSummaryTask - com.vmware.vcsa.installer.monitor.appliance_login_summary(RUNNING)> in <InstallTaskFlow - embedded_vCSA_on_ESXi(RUNNING)> status changed to: RUNNING
2023-12-01 10:44:53,219 [taskflow.py:665]: Executing <ApplianceLoginSummaryTask - com.vmware.vcsa.installer.monitor.appliance_login_summary(RUNNING)>
2023-12-01 10:44:53,219 [loggable.py:102]: ApplianceLoginSummaryTask: Provide appliance login information.
2023-12-01 10:44:53,219 [loggable.py:102]:  [START] Start executing Task: Provide the login information about new appliance. at 10:44:53 
2023-12-01 10:44:53,223 [taskflow.py:1038]: <ApplianceLoginSummaryTask - com.vmware.vcsa.installer.monitor.appliance_login_summary(RUNNING)> in <InstallTaskFlow - embedded_vCSA_on_ESXi(RUNNING)> status changed to: RUNNING
2023-12-01 10:44:53,236 [taskflow.py:1038]: <ApplianceLoginSummaryTask - com.vmware.vcsa.installer.monitor.appliance_login_summary(RUNNING)> in <InstallTaskFlow - embedded_vCSA_on_ESXi(RUNNING)> status changed to: RUNNING
2023-12-01 10:44:53,240 [loggable.py:102]:     Appliance Name: DEV_DEU_CE01VCSA01
2023-12-01 10:44:53,240 [loggable.py:102]:     System Name: ce01vcsa01.dev.deu.local
2023-12-01 10:44:53,240 [loggable.py:102]:     System IP: 10.33.0.47
2023-12-01 10:44:53,240 [loggable.py:102]:     Log in as: Administrator@vsphere.local
2023-12-01 10:44:53,240 [loggable.py:102]:  [SUCCEEDED] Successfully executed Task 'ApplianceLoginSummaryTask: Provide appliance login information.' in TaskFlow 'embedded_vCSA_on_ESXi' at 10:44:53 
2023-12-01 10:44:53,245 [taskflow.py:1038]: <ApplianceLoginSummaryTask - com.vmware.vcsa.installer.monitor.appliance_login_summary(RUNNING)> in <InstallTaskFlow - embedded_vCSA_on_ESXi(RUNNING)> status changed to: RUNNING
2023-12-01 10:44:53,251 [taskflow.py:1038]: <ApplianceLoginSummaryTask - com.vmware.vcsa.installer.monitor.appliance_login_summary(SUCCEEDED)> in <InstallTaskFlow - embedded_vCSA_on_ESXi(SUCCEEDED)> status changed to: SUCCEEDED
2023-12-01 10:44:53,259 [taskflow.py:1038]: <ApplianceLoginSummaryTask - com.vmware.vcsa.installer.monitor.appliance_login_summary(SUCCEEDED)> in <InstallTaskFlow - embedded_vCSA_on_ESXi(SUCCEEDED)> status changed to: SUCCEEDED
2023-12-01 10:44:53,288 [taskflow.py:713]: Finished executing <ApplianceLoginSummaryTask - com.vmware.vcsa.installer.monitor.appliance_login_summary(SUCCEEDED)> and its status is SUCCEEDED
2023-12-01 10:44:53,288 [taskflow.py:716]: <InstallTaskFlow - embedded_vCSA_on_ESXi(SUCCEEDED)> overall status is now SUCCEEDED
