2023-12-01 10:01:27,155 - vCSACliInstallLogger - INFO - Consuming the installer build:21930385
2023-12-01 10:01:27,155 - vCSACliInstallLogger - DEBUG - Adding the following cli arguments to blackboard {'cli_arg_supported_deployment_sizes': False, 'cli_arg_sub_command': 'install', 'cli_arg_template_help': False, 'cli_arg_log_dir': '/Users/johanneshorn/Git/MB_workspace/vsphere_3_tier/vcenter_installation/files', 'cli_arg_skip_precheck': False, 'cli_arg_accept_eula': True, 'cli_arg_acknowledge_ceip': True, 'cli_arg_pause_on_warnings': False, 'cli_arg_operation_id': None, 'cli_arg_no_ssl_certificate_verification': True, 'cli_arg_verbose': False, 'cli_arg_terse': False, 'cli_arg_verify_template_only': False, 'cli_arg_precheck_only': False, 'cli_arg_allow_vmc_sku': False, 'cli_arg_template': ['/Users/johanneshorn/Git/MB_workspace/vsphere_3_tier/vcenter_installation/files/embedded_vCSA_on_ESXi.json'], 'cli_arg_precheck_rpm_path': None}
2023-12-01 10:01:27,155 - vCSACliInstallLogger - INFO - Workflow log-dir /Users/johanneshorn/Git/MB_workspace/vsphere_3_tier/vcenter_installation/files/workflow_1701424887146
2023-12-01 10:01:27,155 - vCSACliInstallLogger - INFO - precheck_rpm_path = None 
2023-12-01 10:01:28,263 - vCSACliInstallLogger - DEBUG - [VAC] Attempt succeeded: CLI Client Info
2023-12-01 10:01:28,326 - vCSACliInstallLogger - DEBUG - CLIOptionsValidationTask: Executing CLI optionsValidation task
2023-12-01 10:01:28,326 - vCSACliInstallLogger - INFO - ====== [START] Start executing Task: To validate CLI options at 10:01:28 ======
2023-12-01 10:01:28,338 - vCSACliInstallLogger - DEBUG - rpm_path is not provided.
2023-12-01 10:01:28,342 - vCSACliInstallLogger - INFO - parsing the deployment option: xlarge
2023-12-01 10:01:28,342 - vCSACliInstallLogger - INFO - parsing the deployment option: xlarge-lstorage
2023-12-01 10:01:28,342 - vCSACliInstallLogger - INFO - parsing the deployment option: xlarge-xlstorage
2023-12-01 10:01:28,342 - vCSACliInstallLogger - INFO - parsing the deployment option: large
2023-12-01 10:01:28,342 - vCSACliInstallLogger - INFO - parsing the deployment option: large-lstorage
2023-12-01 10:01:28,342 - vCSACliInstallLogger - INFO - parsing the deployment option: large-xlstorage
2023-12-01 10:01:28,342 - vCSACliInstallLogger - INFO - parsing the deployment option: medium
2023-12-01 10:01:28,342 - vCSACliInstallLogger - INFO - parsing the deployment option: medium-lstorage
2023-12-01 10:01:28,342 - vCSACliInstallLogger - INFO - parsing the deployment option: medium-xlstorage
2023-12-01 10:01:28,342 - vCSACliInstallLogger - INFO - parsing the deployment option: small
2023-12-01 10:01:28,342 - vCSACliInstallLogger - INFO - parsing the deployment option: small-lstorage
2023-12-01 10:01:28,342 - vCSACliInstallLogger - INFO - parsing the deployment option: small-xlstorage
2023-12-01 10:01:28,342 - vCSACliInstallLogger - INFO - parsing the deployment option: tiny
2023-12-01 10:01:28,342 - vCSACliInstallLogger - INFO - parsing the deployment option: tiny-lstorage
2023-12-01 10:01:28,342 - vCSACliInstallLogger - INFO - parsing the deployment option: tiny-xlstorage
2023-12-01 10:01:28,342 - vCSACliInstallLogger - INFO - parsing the deployment option: large-light
2023-12-01 10:01:28,342 - vCSACliInstallLogger - INFO - skipping the option: large-light
2023-12-01 10:01:28,343 - vCSACliInstallLogger - INFO - parsing the deployment option: medium-light
2023-12-01 10:01:28,343 - vCSACliInstallLogger - INFO - skipping the option: medium-light
2023-12-01 10:01:28,343 - vCSACliInstallLogger - INFO - parsing the deployment option: small-light
2023-12-01 10:01:28,343 - vCSACliInstallLogger - INFO - skipping the option: small-light
2023-12-01 10:01:28,343 - vCSACliInstallLogger - INFO - Command line arguments verified.
2023-12-01 10:01:28,352 - vCSACliInstallLogger - INFO -  [SUCCEEDED] Successfully executed Task 'CLIOptionsValidationTask: Executing CLI optionsValidation task' in TaskFlow 'template_validation' at 10:01:28 
2023-12-01 10:01:28,405 - vCSACliInstallLogger - DEBUG - SyntaxValidationTask: Executing Template Syntax Validation task
2023-12-01 10:01:28,405 - vCSACliInstallLogger - INFO -  [START] Start executing Task: To validate the syntax of the template. at 10:01:28 
2023-12-01 10:01:28,424 - vCSACliInstallLogger - INFO - Template syntax validation for template '/Users/johanneshorn/Git/MB_workspace/vsphere_3_tier/vcenter_installation/files/embedded_vCSA_on_ESXi.json' succeeded.
2023-12-01 10:01:28,428 - vCSACliInstallLogger - INFO - Syntax validation for all templates succeeded.
2023-12-01 10:01:28,461 - vCSACliInstallLogger - INFO -  [SUCCEEDED] Successfully executed Task 'SyntaxValidationTask: Executing Template Syntax Validation task' in TaskFlow 'template_validation' at 10:01:28 
2023-12-01 10:01:28,513 - vCSACliInstallLogger - DEBUG - VersionProcessingTask: Executing Template Version Processing task
2023-12-01 10:01:28,513 - vCSACliInstallLogger - INFO -  [START] Start executing Task: To check the version of each template, and for each older template that supports CEIP, convert it to the latest template format, and save it to the Template Blackboard at 10:01:28 
2023-12-01 10:01:28,519 - vCSACliInstallLogger - INFO - CEIP is not enabled because the template key 'ceip_enabled' in section 'ceip', subsection 'settings' in template '/Users/johanneshorn/Git/MB_workspace/vsphere_3_tier/vcenter_installation/files/embedded_vCSA_on_ESXi.json' was set to 'false'.
2023-12-01 10:01:28,519 - vCSACliInstallLogger - INFO - CEIP is not enabled because the template key 'ceip_enabled' in section 'ceip', subsection 'settings' in template '/Users/johanneshorn/Git/MB_workspace/vsphere_3_tier/vcenter_installation/files/embedded_vCSA_on_ESXi.json' was set to 'false'.
2023-12-01 10:01:28,519 - vCSACliInstallLogger - INFO - CEIP is not enabled because the template key 'ceip_enabled' in section 'ceip', subsection 'settings' in template '/Users/johanneshorn/Git/MB_workspace/vsphere_3_tier/vcenter_installation/files/embedded_vCSA_on_ESXi.json' was set to 'false'.
2023-12-01 10:01:28,519 - vCSACliInstallLogger - INFO - Template version processing for template '/Users/johanneshorn/Git/MB_workspace/vsphere_3_tier/vcenter_installation/files/embedded_vCSA_on_ESXi.json' succeeded.
2023-12-01 10:01:28,522 - vCSACliInstallLogger - INFO - Version processing for all templates succeeded.
2023-12-01 10:01:28,524 - vCSACliInstallLogger - INFO -  [SUCCEEDED] Successfully executed Task 'VersionProcessingTask: Executing Template Version Processing task' in TaskFlow 'template_validation' at 10:01:28 
2023-12-01 10:01:28,548 - vCSACliInstallLogger - DEBUG - StructureValidationTask: Executing Template Structure Validation task
2023-12-01 10:01:28,548 - vCSACliInstallLogger - INFO -  [START] Start executing Task: To validate the template structure against the rules specified by a corresponding template schema. at 10:01:28 
2023-12-01 10:01:28,553 - vCSACliInstallLogger - DEBUG - Checking section 'new_vcsa'
2023-12-01 10:01:28,553 - vCSACliInstallLogger - DEBUG -     Checking subsection 'appliance'
2023-12-01 10:01:28,553 - vCSACliInstallLogger - DEBUG -         Key 'deployment_option' is valid.
2023-12-01 10:01:28,553 - vCSACliInstallLogger - DEBUG -         Key 'name' is valid.
2023-12-01 10:01:28,553 - vCSACliInstallLogger - DEBUG -         Key 'thin_disk_mode' is valid.
2023-12-01 10:01:28,553 - vCSACliInstallLogger - DEBUG -         Key 'ovftool_path' is valid.
2023-12-01 10:01:28,553 - vCSACliInstallLogger - DEBUG -     Checking subsection 'os'
2023-12-01 10:01:28,553 - vCSACliInstallLogger - DEBUG -         Key 'ssh_enable' is valid.
2023-12-01 10:01:28,553 - vCSACliInstallLogger - DEBUG -         The 'new_vcsa os password' password meets the installation requirements.
2023-12-01 10:01:28,553 - vCSACliInstallLogger - DEBUG -         Key 'password' is valid.
2023-12-01 10:01:28,554 - vCSACliInstallLogger - DEBUG -         Key 'ntp_servers' is valid.
2023-12-01 10:01:28,554 - vCSACliInstallLogger - DEBUG -     Checking subsection 'esxi'
2023-12-01 10:01:28,554 - vCSACliInstallLogger - DEBUG -         Key 'hostname' is valid.
2023-12-01 10:01:28,554 - vCSACliInstallLogger - DEBUG -         Key 'port' is valid.
2023-12-01 10:01:28,554 - vCSACliInstallLogger - DEBUG -         Key 'datastore' is valid.
2023-12-01 10:01:28,554 - vCSACliInstallLogger - DEBUG -         Key 'username' is valid.
2023-12-01 10:01:28,554 - vCSACliInstallLogger - DEBUG -         Key 'password' is valid.
2023-12-01 10:01:28,554 - vCSACliInstallLogger - DEBUG -         Key 'deployment_network' is valid.
2023-12-01 10:01:28,554 - vCSACliInstallLogger - DEBUG -     Checking subsection 'vc'
2023-12-01 10:01:28,554 - vCSACliInstallLogger - DEBUG -     Checking subsection 'ovftool_arguments'
2023-12-01 10:01:28,554 - vCSACliInstallLogger - DEBUG -     Checking subsection 'sso'
2023-12-01 10:01:28,554 - vCSACliInstallLogger - DEBUG -         Key 'password' is valid.
2023-12-01 10:01:28,554 - vCSACliInstallLogger - DEBUG -         Key 'sso_port' is valid.
2023-12-01 10:01:28,555 - vCSACliInstallLogger - DEBUG -         Key 'domain_name' is valid.
2023-12-01 10:01:28,555 - vCSACliInstallLogger - DEBUG -         Key 'first_instance' is valid.
2023-12-01 10:01:28,555 - vCSACliInstallLogger - DEBUG -     Checking subsection 'network'
2023-12-01 10:01:28,555 - vCSACliInstallLogger - DEBUG - Validating the IP family 'ipv4' with the ESXi hostname 'ce01esx01.dev.deu.local'
2023-12-01 10:01:28,556 - vCSACliInstallLogger - DEBUG -         Key 'ip_family' is valid.
2023-12-01 10:01:28,556 - vCSACliInstallLogger - DEBUG -         Key 'mode' is valid.
2023-12-01 10:01:28,556 - vCSACliInstallLogger - DEBUG -         Key 'ip' is valid.
2023-12-01 10:01:28,556 - vCSACliInstallLogger - DEBUG - Validating the prefix '24' with IP family 'ipv4', mode 'static'
2023-12-01 10:01:28,556 - vCSACliInstallLogger - DEBUG -         Key 'prefix' is valid.
2023-12-01 10:01:28,556 - vCSACliInstallLogger - DEBUG -         Key 'gateway' is valid.
2023-12-01 10:01:28,556 - vCSACliInstallLogger - DEBUG -         Key 'system_name' is valid.
2023-12-01 10:01:28,556 - vCSACliInstallLogger - DEBUG -         Key 'dns_servers' is valid.
2023-12-01 10:01:28,556 - vCSACliInstallLogger - DEBUG - Checking section 'ceip'
2023-12-01 10:01:28,556 - vCSACliInstallLogger - DEBUG -     Checking subsection 'description'
2023-12-01 10:01:28,556 - vCSACliInstallLogger - DEBUG -     Checking subsection 'settings'
2023-12-01 10:01:28,556 - vCSACliInstallLogger - INFO - Template structure validation for template '/Users/johanneshorn/Git/MB_workspace/vsphere_3_tier/vcenter_installation/files/embedded_vCSA_on_ESXi.json' succeeded.
2023-12-01 10:01:28,559 - vCSACliInstallLogger - INFO - Structure validation for all templates succeeded.
2023-12-01 10:01:28,562 - vCSACliInstallLogger - INFO -  [SUCCEEDED] Successfully executed Task 'StructureValidationTask: Executing Template Structure Validation task' in TaskFlow 'template_validation' at 10:01:28 
2023-12-01 10:01:28,587 - vCSACliInstallLogger - DEBUG - DependencyProcessingTask: Executing Template Dependency Processing task
2023-12-01 10:01:28,587 - vCSACliInstallLogger - INFO -  [START] Start executing Task: To create a dependency graph for the provided templates, with an edge pairing two templates that are dependent on each other. Such graph relationships will affect whether certain templates can be deployed in parallel, or must be deployed sequentially. at 10:01:28 
2023-12-01 10:01:28,602 - vCSACliInstallLogger - DEBUG - Finished forming template dependencies.
2023-12-01 10:01:28,602 - vCSACliInstallLogger - DEBUG - Number of graph nodes: 1
2023-12-01 10:01:28,602 - vCSACliInstallLogger - DEBUG - -- Template dependency relationships: 0 --
2023-12-01 10:01:28,602 - vCSACliInstallLogger - INFO - Dependency processing for all templates succeeded.
2023-12-01 10:01:28,608 - vCSACliInstallLogger - INFO -  [SUCCEEDED] Successfully executed Task 'DependencyProcessingTask: Executing Template Dependency Processing task' in TaskFlow 'template_validation' at 10:01:28 
2023-12-01 10:01:28,637 - vCSACliInstallLogger - DEBUG - Determining template dependencies for operation INSTALL
2023-12-01 10:01:28,646 - vCSACliInstallLogger - DEBUG - Successfully constructed requirement collector for operation install
2023-12-01 10:01:28,646 - vCSACliInstallLogger - DEBUG - PrecheckTask: Prechecks log_dir /Users/johanneshorn/Git/MB_workspace/vsphere_3_tier/vcenter_installation/files/workflow_1701424887146/embedded_vCSA_on_ESXi/prechecks
2023-12-01 10:01:28,646 - vCSACliInstallLogger - DEBUG - Precheck only flag : False
2023-12-01 10:01:28,728 - vCSACliInstallLogger - DEBUG - Template for this deployment: 
{ '__version': '2.13.0',
  'ceip': {'description': {}, 'settings': {'ceip_enabled': False}},
  'new_vcsa': { 'appliance': { 'deployment_option': 'tiny',
                               'name': 'DEV_DEU_CE01VCSA01',
                               'ovftool_path': '/Users/johanneshorn/Documents/VMware/vcsa-cli-installer/mac/../../vcsa/ovftool/mac/ovftool',
                               'thin_disk_mode': True},
                'esxi': { 'datastore': 'datastore1',
                          'deployment_network': 'VM Network',
                          'hostname': 'ce01esx01.dev.deu.local',
                          'password': '******',
                          'port': 443,
                          'username': 'root'},
                'network': { 'dns_servers': '10.33.15.1,10.33.15.2',
                             'gateway': '10.33.0.254',
                             'ip': '10.33.0.47',
                             'ip_family': 'ipv4',
                             'mode': 'static',
                             'prefix': '24',
                             'system_name': 'ce01vcsa01.dev.deu.local'},
                'os': { 'ntp_servers': '10.32.10.1,10.32.10.2',
                        'password': '******',
                        'ssh_enable': True},
                'sso': { 'domain_name': 'vsphere.local',
                         'first_instance': True,
                         'password': '******',
                         'sso_port': 443}}}
2023-12-01 10:01:28,729 - vCSACliInstallLogger - DEBUG - Writing template as a file: /Users/johanneshorn/Git/MB_workspace/vsphere_3_tier/vcenter_installation/files/workflow_1701424887146/embedded_vCSA_on_ESXi/template.json
2023-12-01 10:01:28,762 - vCSACliInstallLogger - DEBUG - workflow successfully constructed, it contains 1 taskflows ready to execute
2023-12-01 10:01:28,797 - vCSACliInstallLogger - DEBUG - SrcRequirementTask: Running SrcRequirementTask
2023-12-01 10:01:28,797 - vCSACliInstallLogger - INFO -  [START] Start executing Task: Validate that requirements are met in the source VCSA. at 10:01:28 
2023-12-01 10:01:28,811 - vCSACliInstallLogger - INFO - InstallRequirementCollector: Reached gathering requirement
2023-12-01 10:01:28,811 - vCSACliInstallLogger - INFO -  [SUCCEEDED] Successfully executed Task 'SrcRequirementTask: Running SrcRequirementTask' in TaskFlow 'embedded_vCSA_on_ESXi' at 10:01:28 
2023-12-01 10:01:28,914 - vCSACliInstallLogger - DEBUG - PrecheckTask: Running prechecks.
2023-12-01 10:01:28,914 - vCSACliInstallLogger - INFO - ====== [START] Start executing Task: Perform precheck tasks. at 10:01:28 ======
2023-12-01 10:01:28,945 - vCSACliInstallLogger - DEBUG - Running precheck: TargetCredentials
2023-12-01 10:01:28,945 - vCSACliInstallLogger - INFO -  [START] Start executing Task: Verify that the provided credentials for the target ESXi/VC are valid at 10:01:28 
2023-12-01 10:01:28,948 - vCSACliInstallLogger - INFO - The certificate of server 'ce01esx01.dev.deu.local' will not be verified because you have provided either the '--no-ssl-certificate-verification' or '--no-esx-ssl-verify' command parameter, which disables verification for all certificates. Remove this parameter from the command line if you want server certificates to be verified.
2023-12-01 10:01:28,949 - vCSACliInstallLogger - DEBUG - Proceed with certificate thumbprint check...
2023-12-01 10:01:29,037 - vCSACliInstallLogger - INFO -  [SUCCEEDED] Successfully executed Task 'Running precheck: TargetCredentials' in TaskFlow 'install' at 10:01:29 
2023-12-01 10:01:29,091 - vCSACliInstallLogger - DEBUG - Running precheck: HostConfigs
2023-12-01 10:01:29,092 - vCSACliInstallLogger - INFO -  [START] Start executing Task: Precheck CPU, memory and datastore size requirements for a host. at 10:01:29 
2023-12-01 10:01:29,095 - vCSACliInstallLogger - DEBUG - Proceed with certificate thumbprint check...
2023-12-01 10:01:29,230 - vCSACliInstallLogger - DEBUG - Validating the resource requirements on the host...
2023-12-01 10:01:29,966 - vCSACliInstallLogger - ERROR - Could not find the hardware virtualization key from the ESXi host 'ce01esx01.dev.deu.local'.
2023-12-01 10:01:29,966 - vCSACliInstallLogger - DEBUG - Found datastore 'datastore1' in host 'ce01esx01.dev.deu.local': Capacity = 121.75 GB. Free space = 120.34 GB.
Found non-clustered host 'ce01esx01.dev.deu.local'. Memory size: 16.0 GB. Physical CPU (core) count: 8. CPUs do not have hyperthreading capability.
2023-12-01 10:01:29,969 - vCSACliInstallLogger - DEBUG - Host 'ce01esx01.dev.deu.local': Standalone (non-clustered) host requirements are met.
2023-12-01 10:01:29,969 - vCSACliInstallLogger - INFO -  [SUCCEEDED] Successfully executed Task 'Running precheck: HostConfigs' in TaskFlow 'install' at 10:01:29 
2023-12-01 10:01:30,020 - vCSACliInstallLogger - DEBUG - Running precheck: TargetHostType
2023-12-01 10:01:30,020 - vCSACliInstallLogger - INFO -  [START] Start executing Task: Verify the target host type matches the one given in the template at 10:01:30 
2023-12-01 10:01:30,024 - vCSACliInstallLogger - DEBUG - Proceed with certificate thumbprint check...
2023-12-01 10:01:30,114 - vCSACliInstallLogger - INFO -  [SUCCEEDED] Successfully executed Task 'Running precheck: TargetHostType' in TaskFlow 'install' at 10:01:30 
2023-12-01 10:01:30,169 - vCSACliInstallLogger - DEBUG - Running precheck: TargetVersion
2023-12-01 10:01:30,169 - vCSACliInstallLogger - INFO -  [START] Start executing Task: Verify that the target ESXi or VC version meets the minimum requirements at 10:01:30 
2023-12-01 10:01:30,173 - vCSACliInstallLogger - DEBUG - Proceed with certificate thumbprint check...
2023-12-01 10:01:30,257 - vCSACliInstallLogger - INFO -  [SUCCEEDED] Successfully executed Task 'Running precheck: TargetVersion' in TaskFlow 'install' at 10:01:30 
2023-12-01 10:01:30,312 - vCSACliInstallLogger - DEBUG - Running precheck: OVAProperties.
2023-12-01 10:01:30,312 - vCSACliInstallLogger - INFO -  [START] Start executing Task: Validate that the OVA image has the required OVA properties. at 10:01:30 
2023-12-01 10:01:30,640 - vCSACliInstallLogger - INFO -  [SUCCEEDED] Successfully executed Task 'Running precheck: OVAProperties.' in TaskFlow 'install' at 10:01:30 
2023-12-01 10:01:30,692 - vCSACliInstallLogger - DEBUG - Running precheck: IpFqdnInUse
2023-12-01 10:01:30,692 - vCSACliInstallLogger - INFO -  [START] Start executing Task: Validate the provided ip/fqdn is available to use at 10:01:30 
2023-12-01 10:01:30,698 - vCSACliInstallLogger - INFO - Pinging IPv4 address 10.33.0.47
2023-12-01 10:01:42,717 - vCSACliInstallLogger - DEBUG - Ping Result error 2: PING 10.33.0.47 (10.33.0.47): 56 data bytes
Request timeout for icmp_seq 0

--- 10.33.0.47 ping statistics ---
2 packets transmitted, 0 packets received, 100.0% packet loss
)
2023-12-01 10:01:42,718 - vCSACliInstallLogger - INFO - Time-out pinging 10.33.0.47.
2023-12-01 10:01:42,721 - vCSACliInstallLogger - INFO - Pinging IPv4 address ce01vcsa01.dev.deu.local
2023-12-01 10:01:54,739 - vCSACliInstallLogger - DEBUG - Ping Result error 2: PING 10.33.0.47 (10.33.0.47): 56 data bytes
Request timeout for icmp_seq 0

--- 10.33.0.47 ping statistics ---
2 packets transmitted, 0 packets received, 100.0% packet loss
)
2023-12-01 10:01:54,740 - vCSACliInstallLogger - INFO - Pinging IPv4 address ce01vcsa01.dev.deu.local
2023-12-01 10:02:06,765 - vCSACliInstallLogger - DEBUG - Ping Result error 2: PING 10.33.0.47 (10.33.0.47): 56 data bytes
Request timeout for icmp_seq 0

--- 10.33.0.47 ping statistics ---
2 packets transmitted, 0 packets received, 100.0% packet loss
)
2023-12-01 10:02:06,767 - vCSACliInstallLogger - INFO - Pinging IPv4 address ce01vcsa01.dev.deu.local
2023-12-01 10:02:18,806 - vCSACliInstallLogger - DEBUG - Ping Result error 2: PING 10.33.0.47 (10.33.0.47): 56 data bytes
Request timeout for icmp_seq 0

--- 10.33.0.47 ping statistics ---
2 packets transmitted, 0 packets received, 100.0% packet loss
)
2023-12-01 10:02:18,807 - vCSACliInstallLogger - INFO - Pinging IPv4 address ce01vcsa01.dev.deu.local
2023-12-01 10:02:30,830 - vCSACliInstallLogger - DEBUG - Ping Result error 2: PING 10.33.0.47 (10.33.0.47): 56 data bytes
Request timeout for icmp_seq 0

--- 10.33.0.47 ping statistics ---
2 packets transmitted, 0 packets received, 100.0% packet loss
)
2023-12-01 10:02:30,832 - vCSACliInstallLogger - INFO - Time-out pinging ce01vcsa01.dev.deu.local.
2023-12-01 10:02:30,833 - vCSACliInstallLogger - INFO -  [SUCCEEDED] Successfully executed Task 'Running precheck: IpFqdnInUse' in TaskFlow 'install' at 10:02:30 
2023-12-01 10:02:30,933 - vCSACliInstallLogger - DEBUG - No PSC or replication partner hostname found, skipping this task. 
2023-12-01 10:02:30,934 - vCSACliInstallLogger - INFO -  [SUCCEEDED] Successfully executed Task 'Running precheck: LinkingTargetHostnameValidation' in TaskFlow 'install' at 10:02:30 
2023-12-01 10:02:30,983 - vCSACliInstallLogger - DEBUG - Running precheck: DNSResolveTask
2023-12-01 10:02:30,984 - vCSACliInstallLogger - INFO -  [START] Start executing Task: Validate that if the provided DNS is available to use. at 10:02:30 
2023-12-01 10:02:30,987 - vCSACliInstallLogger - INFO - This task is not to be run the VCSA appliance
2023-12-01 10:02:30,987 - vCSACliInstallLogger - INFO -  [SUCCEEDED] Successfully executed Task 'Running precheck: DNSResolveTask' in TaskFlow 'install' at 10:02:30 
2023-12-01 10:02:31,036 - vCSACliInstallLogger - DEBUG - Running precheck: ESXManagementStatus
2023-12-01 10:02:31,036 - vCSACliInstallLogger - INFO -  [START] Start executing Task: Validate the target ESXi management status at 10:02:31 
2023-12-01 10:02:31,040 - vCSACliInstallLogger - DEBUG - Proceed with certificate thumbprint check...
2023-12-01 10:02:31,170 - vCSACliInstallLogger - INFO -  [SUCCEEDED] Successfully executed Task 'Running precheck: ESXManagementStatus' in TaskFlow 'install' at 10:02:31 
2023-12-01 10:02:31,231 - vCSACliInstallLogger - DEBUG - Running precheck: ApplianceName
2023-12-01 10:02:31,231 - vCSACliInstallLogger - INFO -  [START] Start executing Task: Validate the provided target appliance name is available to use at 10:02:31 
2023-12-01 10:02:31,235 - vCSACliInstallLogger - DEBUG - Proceed with certificate thumbprint check...
2023-12-01 10:02:31,325 - vCSACliInstallLogger - INFO -  [SUCCEEDED] Successfully executed Task 'Running precheck: ApplianceName' in TaskFlow 'install' at 10:02:31 
2023-12-01 10:02:31,382 - vCSACliInstallLogger - DEBUG - 
2023-12-01 10:02:31,383 - vCSACliInstallLogger - INFO - ================== [START] Start executing Task:  at 10:02:31 ==================
2023-12-01 10:02:31,387 - vCSACliInstallLogger - INFO - = [SUCCEEDED] Successfully executed Task '' in TaskFlow 'install' at 10:02:31 =
2023-12-01 10:02:31,439 - vCSACliInstallLogger - DEBUG - Running precheck: TargetDsFreespace
2023-12-01 10:02:31,439 - vCSACliInstallLogger - INFO -  [START] Start executing Task: Check whether the datastore's free space accommodate the VCSA's deployment option at 10:02:31 
2023-12-01 10:02:31,444 - vCSACliInstallLogger - INFO -  [SUCCEEDED] Successfully executed Task 'Running precheck: TargetDsFreespace' in TaskFlow 'install' at 10:02:31 
2023-12-01 10:02:31,516 - vCSACliInstallLogger - DEBUG - Running precheck: SSOCredentials
2023-12-01 10:02:31,516 - vCSACliInstallLogger - INFO -  [START] Start executing Task: Verify the provided SSO info is valid by connecting to the STS service. at 10:02:31 
2023-12-01 10:02:31,520 - vCSACliInstallLogger - INFO -  [SUCCEEDED] Successfully executed Task 'Running precheck: SSOCredentials' in TaskFlow 'install' at 10:02:31 
2023-12-01 10:02:31,572 - vCSACliInstallLogger - DEBUG - Running precheck: SSOExternal
2023-12-01 10:02:31,572 - vCSACliInstallLogger - INFO -  [START] Start executing Task: Verify that the provided external SSO (PSC)/Embedded info is valid at 10:02:31 
2023-12-01 10:02:31,576 - vCSACliInstallLogger - DEBUG - Skipping the 'Verify that the provided external SSO (PSC)/Embedded info is valid' precheck as there is no external SSO information.
2023-12-01 10:02:31,576 - vCSACliInstallLogger - INFO -  [SUCCEEDED] Successfully executed Task 'Running precheck: SSOExternal' in TaskFlow 'install' at 10:02:31 
2023-12-01 10:02:31,636 - vCSACliInstallLogger - DEBUG - Running Pre-check: vSAN Bootstrap.
2023-12-01 10:02:31,636 - vCSACliInstallLogger - INFO -  [START] Start executing Task: Running Pre-check for vSAN Bootstrap. at 10:02:31 
2023-12-01 10:02:31,644 - vCSACliInstallLogger - DEBUG - No VCSA cluster section found for vSAN, skipping this task. 
2023-12-01 10:02:31,645 - vCSACliInstallLogger - INFO -  [SUCCEEDED] Successfully executed Task 'Running Pre-check: vSAN Bootstrap.' in TaskFlow 'install' at 10:02:31 
2023-12-01 10:02:31,699 - vCSACliInstallLogger - DEBUG - Running Pre-check: vSAN Cluster Health Checks.
2023-12-01 10:02:31,699 - vCSACliInstallLogger - INFO -  [START] Start executing Task: Running vSAN Cluster Health Checks. at 10:02:31 
2023-12-01 10:02:31,704 - vCSACliInstallLogger - INFO - VCSA cluster section is not available in the template. Skipping this task.
2023-12-01 10:02:31,704 - vCSACliInstallLogger - INFO -  [SUCCEEDED] Successfully executed Task 'Running Pre-check: vSAN Cluster Health Checks.' in TaskFlow 'install' at 10:02:31 
2023-12-01 10:02:31,758 - vCSACliInstallLogger - DEBUG - Running Pre-check: vSphere vLCM Cluster Enablement.
2023-12-01 10:02:31,758 - vCSACliInstallLogger - INFO -  [START] Start executing Task: Running Pre-check for vSphere vLCM Cluster Enablement. at 10:02:31 
2023-12-01 10:02:31,762 - vCSACliInstallLogger - INFO -  [SUCCEEDED] Successfully executed Task 'Running Pre-check: vSphere vLCM Cluster Enablement.' in TaskFlow 'install' at 10:02:31 
2023-12-01 10:02:31,798 - vCSACliInstallLogger - INFO -  [SUCCEEDED] Successfully executed Task 'PrecheckTask: Running prechecks.' in TaskFlow 'embedded_vCSA_on_ESXi' at 10:02:31 
2023-12-01 10:02:31,916 - vCSACliInstallLogger - DEBUG - Deploying vCenter Server Appliance
2023-12-01 10:02:31,916 - vCSACliInstallLogger - INFO -  [START] Start executing Task: Invoke OVF Tool to deploy VCSA for installation, upgrade, and migration at 10:02:31 
2023-12-01 10:02:31,936 - vCSACliInstallLogger - DEBUG - Prepare to execute OVF Tool command
2023-12-01 10:02:31,936 - vCSACliInstallLogger - DEBUG - '--guestinfo.cis.deployment.autoconfig' is set to: True
2023-12-01 10:02:31,936 - vCSACliInstallLogger - DEBUG - See /Users/johanneshorn/Git/MB_workspace/vsphere_3_tier/vcenter_installation/files/workflow_1701424887146/embedded_vCSA_on_ESXi/ovftool.log for the OVF Tool logs.
2023-12-01 10:02:32,019 - vCSACliInstallLogger - DEBUG - '--guestinfo.cis.deployment.autoconfig' is set to: True
2023-12-01 10:02:32,019 - vCSACliInstallLogger - DEBUG - See /Users/johanneshorn/Git/MB_workspace/vsphere_3_tier/vcenter_installation/files/workflow_1701424887146/embedded_vCSA_on_ESXi/ovftool.log for the OVF Tool logs.
2023-12-01 10:02:32,101 - vCSACliInstallLogger - DEBUG - Generated ovftool params : --sourceType=OVA --acceptAllEulas --X:injectOvfEnv --allowExtraConfig --powerOn --X:enableHiddenProperties --prop:guestinfo.cis.deployment.autoconfig=True --X:waitForIp --noSSLVerify --X:logFile=/Users/johanneshorn/Git/MB_workspace/vsphere_3_tier/vcenter_installation/files/workflow_1701424887146/embedded_vCSA_on_ESXi/ovftool.log --X:logLevel=verbose --X:logTransferHeaderData --name=DEV_DEU_CE01VCSA01 --datastore=datastore1 --prop:guestinfo.cis.deployment.node.type=embedded --deploymentOption=tiny --diskMode=thin --net:Network 1=VM Network --prop:guestinfo.cis.appliance.net.addr.family=ipv4 --prop:guestinfo.cis.appliance.net.mode=static --prop:guestinfo.cis.appliance.net.addr=10.33.0.47 --prop:guestinfo.cis.appliance.net.prefix=24 --prop:guestinfo.cis.appliance.net.gateway=10.33.0.254 --prop:guestinfo.cis.appliance.net.dns.servers=10.33.15.1,10.33.15.2 --prop:guestinfo.cis.appliance.net.pnid=ce01vcsa01.dev.deu.local --prop:guestinfo.cis.appliance.ssh.enabled=True --prop:guestinfo.cis.ceip_enabled=False --prop:guestinfo.cis.appliance.root.passwd=****** --prop:guestinfo.cis.appliance.ntp.servers=10.32.10.1,10.32.10.2 --prop:guestinfo.cis.vmdir.password=****** --prop:guestinfo.cis.vmdir.domain-name=vsphere.local --prop:guestinfo.cis.vmdir.first-instance=True --prop:guestinfo.cis.system.vm0.port=443 --I:targetSessionTicket=******
2023-12-01 10:02:32,101 - vCSACliInstallLogger - INFO - Generated ovf tool command : /Users/johanneshorn/Documents/VMware/vcsa-cli-installer/mac/../../vcsa/ovftool/mac/ovftool --configFile=/Users/johanneshorn/Git/MB_workspace/vsphere_3_tier/vcenter_installation/files/workflow_1701424887146/embedded_vCSA_on_ESXi/ovftool_config.cfg /Users/johanneshorn/Documents/VMware/vcsa-cli-installer/mac/../../vcsa/VMware-vCenter-Server-Appliance-8.0.2.00100-22617221_OVF10.ova vi://ce01esx01.dev.deu.local:443
2023-12-01 10:02:32,369 - vCSACliInstallLogger - INFO - OVF Tool: Opening OVA source: /Users/johanneshorn/Documents/VMware/vcsa-cli-installer/mac/../../vcsa/VMware-vCenter-Server-Appliance-8.0.2.00100-22617221_OVF10.ova
2023-12-01 10:02:32,380 - vCSACliInstallLogger - INFO - OVF Tool: The manifest validates
2023-12-01 10:02:32,389 - vCSACliInstallLogger - INFO - OVF Tool: Source is signed but could not verify certificate (possibly self-signed) 
2023-12-01 10:02:32,399 - vCSACliInstallLogger - INFO - OVF Tool: Certificate information:
2023-12-01 10:02:32,408 - vCSACliInstallLogger - INFO - OVF Tool:   CertIssuer:/C=US/ST=California/L=Palo Alto/O=VMware, Inc.
2023-12-01 10:02:32,419 - vCSACliInstallLogger - INFO - OVF Tool:   CertSubject:/C=US/ST=California/L=Palo Alto/O=VMware, Inc.
2023-12-01 10:02:32,428 - vCSACliInstallLogger - INFO - OVF Tool:   -----BEGIN CERTIFICATE-----
2023-12-01 10:02:32,436 - vCSACliInstallLogger - INFO - OVF Tool:   MIIDyzCCArOgAwIBAgIJAIR/y018RgMXMA0GCSqGSIb3DQEBCwUAME0xCzAJBgNV
2023-12-01 10:02:32,444 - vCSACliInstallLogger - INFO - OVF Tool:   BAYTAlVTMRMwEQYDVQQIDApDYWxpZm9ybmlhMRIwEAYDVQQHDAlQYWxvIEFsdG8x
2023-12-01 10:02:32,453 - vCSACliInstallLogger - INFO - OVF Tool:   FTATBgNVBAoMDFZNd2FyZSwgSW5jLjAeFw0xNjA5MDgwMTE3MjFaFw0yOTEyMzEw
2023-12-01 10:02:32,461 - vCSACliInstallLogger - INFO - OVF Tool:   MTE3MjFaME0xCzAJBgNVBAYTAlVTMRMwEQYDVQQIDApDYWxpZm9ybmlhMRIwEAYD
2023-12-01 10:02:32,470 - vCSACliInstallLogger - INFO - OVF Tool:   VQQHDAlQYWxvIEFsdG8xFTATBgNVBAoMDFZNd2FyZSwgSW5jLjCCASAwDQYJKoZI
2023-12-01 10:02:32,479 - vCSACliInstallLogger - INFO - OVF Tool:   hvcNAQEBBQADggENADCCAQgCggEBALU9NUtC39fqG7yo2XAswUmtli9uA+31uAMw
2023-12-01 10:02:32,487 - vCSACliInstallLogger - INFO - OVF Tool:   9FFHAEv/it8pzBQZ/4r+2bN+GnXOWhuDd1K4ApKMRvoO4LwQfZxrkx4pXrsu0gdb
2023-12-01 10:02:32,494 - vCSACliInstallLogger - INFO - OVF Tool:   4OunHw0D8MrdzSoob8Js/uq+IJ+8Bhsc6b7RzTUt9HeDWzHasAJVgMsjehGt23ay
2023-12-01 10:02:32,504 - vCSACliInstallLogger - INFO - OVF Tool:   9FKOT6dVD6D/Xi3qJnB/4t/XNS6L63dC3ea4guzKDyLaXIP5bf/m56jvVImFjhhT
2023-12-01 10:02:32,514 - vCSACliInstallLogger - INFO - OVF Tool:   W2ASbnEUlZIVrEuyVcdG7e3FvZufE553JmHL0YG/0m5bIHXKRzBRx0D3HHOAzOKw
2023-12-01 10:02:32,525 - vCSACliInstallLogger - INFO - OVF Tool:   kkOnxJHSTN4Hz8hSYCWvzUAjSYL3Q8qiTd7GHJ2ynsRnu3KlzKUCAQOjga8wgaww
2023-12-01 10:02:32,535 - vCSACliInstallLogger - INFO - OVF Tool:   HQYDVR0OBBYEFHg8KQJdm8NPQDmYP41uEgKG+VNwMH0GA1UdIwR2MHSAFHg8KQJd
2023-12-01 10:02:32,545 - vCSACliInstallLogger - INFO - OVF Tool:   m8NPQDmYP41uEgKG+VNwoVGkTzBNMQswCQYDVQQGEwJVUzETMBEGA1UECAwKQ2Fs
2023-12-01 10:02:32,554 - vCSACliInstallLogger - INFO - OVF Tool:   aWZvcm5pYTESMBAGA1UEBwwJUGFsbyBBbHRvMRUwEwYDVQQKDAxWTXdhcmUsIElu
2023-12-01 10:02:32,565 - vCSACliInstallLogger - INFO - OVF Tool:   Yy6CCQCEf8tNfEYDFzAMBgNVHRMEBTADAQH/MA0GCSqGSIb3DQEBCwUAA4IBAQAD
2023-12-01 10:02:32,579 - vCSACliInstallLogger - INFO - OVF Tool:   K9uUhsXzpuUcWJq83Vh2HHSxZ/DdR6h+FNYHfEX8h8DOIwhRHhIHoqXkwwnpbjip
2023-12-01 10:02:32,599 - vCSACliInstallLogger - INFO - OVF Tool:   FBtSzNKzTmzMQBwB7GwzGSsBO2TU8alX2ssnDg2AqwgIeLzclfaQlYoid678Krew
2023-12-01 10:02:32,611 - vCSACliInstallLogger - INFO - OVF Tool:   nFryr9PYMntr7uyU1duesmey12GS2z5UIhA4BaOnrPJcLCP22nXVlPEsa46ob7XH
2023-12-01 10:02:32,621 - vCSACliInstallLogger - INFO - OVF Tool:   j4ngZ0ck/qE58Z90GaAuxaa2R3OlHQ+AhXc3q5IixqMDa0MLPd41Qv2kC5iZ+tCf
2023-12-01 10:02:32,633 - vCSACliInstallLogger - INFO - OVF Tool:   XVdlf4/RqQBNHR8FFVxcjpaROId9Y9/yHdsMt55nN7pf7vRf5vSk1bHvLmlOYgiR
2023-12-01 10:02:32,641 - vCSACliInstallLogger - INFO - OVF Tool:   tAj6rdPq0c+/C+fct1cM
2023-12-01 10:02:32,649 - vCSACliInstallLogger - INFO - OVF Tool:   -----END CERTIFICATE-----
2023-12-01 10:02:32,658 - vCSACliInstallLogger - INFO - OVF Tool: Opening VI target: vi://ce01esx01.dev.deu.local:443/
2023-12-01 10:02:33,621 - vCSACliInstallLogger - INFO - OVF Tool: Deploying to VI: vi://ce01esx01.dev.deu.local:443/
2023-12-01 10:21:29,411 - vCSACliInstallLogger - INFO - OVF Tool: Transfer Completed                    
2023-12-01 10:21:31,550 - vCSACliInstallLogger - INFO - OVF Tool: Powering on VM: DEV_DEU_CE01VCSA01
2023-12-01 10:21:32,150 - vCSACliInstallLogger - INFO - OVF Tool: Task Completed                        
2023-12-01 10:26:02,652 - vCSACliInstallLogger - INFO - OVF Tool: Waiting for IP address...
2023-12-01 10:26:02,686 - vCSACliInstallLogger - INFO - OVF Tool: Received IP address: 10.33.0.47
2023-12-01 10:26:02,701 - vCSACliInstallLogger - INFO - OVF Tool: Completed successfully
2023-12-01 10:26:02,713 - vCSACliInstallLogger - INFO -  [SUCCEEDED] Successfully executed Task 'Deploying vCenter Server Appliance' in TaskFlow 'embedded_vCSA_on_ESXi' at 10:26:02 
2023-12-01 10:26:02,851 - vCSACliInstallLogger - DEBUG - MonitorDeploymentTask: Monitoring Deployment
2023-12-01 10:26:02,851 - vCSACliInstallLogger - INFO -  [START] Start executing Task: Monitor the entire VCSA deployment using appliance REST API at 10:26:02 
2023-12-01 10:26:02,866 - vCSACliInstallLogger - DEBUG - Proceed with certificate thumbprint check...
2023-12-01 10:26:02,993 - vCSACliInstallLogger - DEBUG - Successfully found the target VCSA 'DEV_DEU_CE01VCSA01 on esxi 'ce01esx01.dev.deu.local'
2023-12-01 10:26:02,993 - vCSACliInstallLogger - INFO - Checking if the target VCSA is powered on and ready for operations...
2023-12-01 10:26:03,013 - vCSACliInstallLogger - INFO - Successfully verified that the target VCSA 'DEV_DEU_CE01VCSA01' has been powered on and is now ready for operations
2023-12-01 10:26:03,014 - vCSACliInstallLogger - INFO - Checking if the target VCSA appliance API is available for query
2023-12-01 10:26:03,022 - vCSACliInstallLogger - DEBUG - Retrieved all ip addresses from appliance DEV_DEU_CE01VCSA01: ['10.33.0.47']
2023-12-01 10:26:03,029 - vCSACliInstallLogger - DEBUG - Querying REST endpoint '/rest/vcenter/deployment' on appliance '10.33.0.47' for deployment status
2023-12-01 10:26:03,029 - vCSACliInstallLogger - INFO - The certificate of server '10.33.0.47' will not be verified because you have provided either the '--no-ssl-certificate-verification' or '--no-esx-ssl-verify' command parameter, which disables verification for all certificates. Remove this parameter from the command line if you want server certificates to be verified.
2023-12-01 10:26:03,029 - vCSACliInstallLogger - DEBUG - Proceed with certificate thumbprint check...
2023-12-01 10:26:03,029 - vCSACliInstallLogger - DEBUG - Requesting deployment status from target vCSA REST API endpoint 'https://10.33.0.47:5480/rest/vcenter/deployment'
2023-12-01 10:26:03,134 - vCSACliInstallLogger - INFO - Successfully verified that the target VCSA appliance API is available for query
2023-12-01 10:26:03,134 - vCSACliInstallLogger - INFO - Start monitoring target VCSA deployment, deployment status will be written into: /Users/johanneshorn/Git/MB_workspace/vsphere_3_tier/vcenter_installation/files/workflow_1701424887146/embedded_vCSA_on_ESXi/vcsa_deployment.json
2023-12-01 10:26:03,162 - vCSACliInstallLogger - DEBUG - Start querying appliance API for deployment status
2023-12-01 10:26:03,162 - vCSACliInstallLogger - DEBUG - Proceed with certificate thumbprint check...
2023-12-01 10:26:03,309 - vCSACliInstallLogger - DEBUG - Retrieved all ip addresses from appliance DEV_DEU_CE01VCSA01: ['10.33.0.47']
2023-12-01 10:26:03,319 - vCSACliInstallLogger - DEBUG - Querying REST endpoint '/rest/vcenter/deployment' on appliance '10.33.0.47' for deployment status
2023-12-01 10:26:03,319 - vCSACliInstallLogger - DEBUG - Proceed with certificate thumbprint check...
2023-12-01 10:26:03,319 - vCSACliInstallLogger - DEBUG - Requesting deployment status from target vCSA REST API endpoint 'https://10.33.0.47:5480/rest/vcenter/deployment'
2023-12-01 10:26:03,394 - vCSACliInstallLogger - INFO - ==========VCSA Deployment Progress Report==========
	Task: Install required RPMs for the appliance.(RUNNING 5/100)	- Setting up storage

2023-12-01 10:26:03,394 - vCSACliInstallLogger - INFO - VCSA Deployment is still running
2023-12-01 10:26:33,399 - vCSACliInstallLogger - DEBUG - Proceed with certificate thumbprint check...
2023-12-01 10:26:33,562 - vCSACliInstallLogger - DEBUG - Retrieved all ip addresses from appliance DEV_DEU_CE01VCSA01: ['10.33.0.47']
2023-12-01 10:26:33,576 - vCSACliInstallLogger - DEBUG - Querying REST endpoint '/rest/vcenter/deployment' on appliance '10.33.0.47' for deployment status
2023-12-01 10:26:33,576 - vCSACliInstallLogger - DEBUG - Proceed with certificate thumbprint check...
2023-12-01 10:26:33,576 - vCSACliInstallLogger - DEBUG - Requesting deployment status from target vCSA REST API endpoint 'https://10.33.0.47:5480/rest/vcenter/deployment'
2023-12-01 10:26:34,208 - vCSACliInstallLogger - INFO - ==========VCSA Deployment Progress Report==========
	Task: Install required RPMs for the appliance.(RUNNING 55/100)	- Installed vmware-afd-8.0.2.00100-11963556.x86_64.rpm

2023-12-01 10:26:34,208 - vCSACliInstallLogger - INFO - VCSA Deployment is still running
2023-12-01 10:27:04,213 - vCSACliInstallLogger - DEBUG - Proceed with certificate thumbprint check...
2023-12-01 10:27:04,370 - vCSACliInstallLogger - DEBUG - Retrieved all ip addresses from appliance DEV_DEU_CE01VCSA01: ['10.33.0.47']
2023-12-01 10:27:04,384 - vCSACliInstallLogger - DEBUG - Querying REST endpoint '/rest/vcenter/deployment' on appliance '10.33.0.47' for deployment status
2023-12-01 10:27:04,384 - vCSACliInstallLogger - DEBUG - Proceed with certificate thumbprint check...
2023-12-01 10:27:04,384 - vCSACliInstallLogger - DEBUG - Requesting deployment status from target vCSA REST API endpoint 'https://10.33.0.47:5480/rest/vcenter/deployment'
2023-12-01 10:27:04,470 - vCSACliInstallLogger - INFO - ==========VCSA Deployment Progress Report==========
	Task: Install required RPMs for the appliance.(RUNNING 70/100)	- Installed VMware-vpxd-svcs-8.0.2.00100-11979815.x86_64.rpm

2023-12-01 10:27:04,470 - vCSACliInstallLogger - INFO - VCSA Deployment is still running
2023-12-01 10:27:34,475 - vCSACliInstallLogger - DEBUG - Proceed with certificate thumbprint check...
2023-12-01 10:27:34,635 - vCSACliInstallLogger - DEBUG - Retrieved all ip addresses from appliance DEV_DEU_CE01VCSA01: ['10.33.0.47']
2023-12-01 10:27:34,650 - vCSACliInstallLogger - DEBUG - Querying REST endpoint '/rest/vcenter/deployment' on appliance '10.33.0.47' for deployment status
2023-12-01 10:27:34,650 - vCSACliInstallLogger - DEBUG - Proceed with certificate thumbprint check...
2023-12-01 10:27:34,650 - vCSACliInstallLogger - DEBUG - Requesting deployment status from target vCSA REST API endpoint 'https://10.33.0.47:5480/rest/vcenter/deployment'
2023-12-01 10:27:34,742 - vCSACliInstallLogger - INFO - ==========VCSA Deployment Progress Report==========
	Task: Install required RPMs for the appliance.(RUNNING 77/100)	- Installed vmware-eam-8.0.2.00100-11979815.x86_64.rpm

2023-12-01 10:27:34,742 - vCSACliInstallLogger - INFO - VCSA Deployment is still running
2023-12-01 10:28:04,747 - vCSACliInstallLogger - DEBUG - Proceed with certificate thumbprint check...
2023-12-01 10:28:04,921 - vCSACliInstallLogger - DEBUG - Retrieved all ip addresses from appliance DEV_DEU_CE01VCSA01: ['10.33.0.47']
2023-12-01 10:28:04,934 - vCSACliInstallLogger - DEBUG - Querying REST endpoint '/rest/vcenter/deployment' on appliance '10.33.0.47' for deployment status
2023-12-01 10:28:04,934 - vCSACliInstallLogger - DEBUG - Proceed with certificate thumbprint check...
2023-12-01 10:28:04,934 - vCSACliInstallLogger - DEBUG - Requesting deployment status from target vCSA REST API endpoint 'https://10.33.0.47:5480/rest/vcenter/deployment'
2023-12-01 10:28:05,032 - vCSACliInstallLogger - INFO - ==========VCSA Deployment Progress Report==========
	Task: Install required RPMs for the appliance.(RUNNING 84/100)	- Installed VMware-wcp-0.1.6-22207534.x86_64.rpm

2023-12-01 10:28:05,033 - vCSACliInstallLogger - INFO - VCSA Deployment is still running
2023-12-01 10:28:35,038 - vCSACliInstallLogger - DEBUG - Proceed with certificate thumbprint check...
2023-12-01 10:28:35,227 - vCSACliInstallLogger - DEBUG - Retrieved all ip addresses from appliance DEV_DEU_CE01VCSA01: ['10.33.0.47']
2023-12-01 10:28:35,245 - vCSACliInstallLogger - DEBUG - Querying REST endpoint '/rest/vcenter/deployment' on appliance '10.33.0.47' for deployment status
2023-12-01 10:28:35,246 - vCSACliInstallLogger - DEBUG - Proceed with certificate thumbprint check...
2023-12-01 10:28:35,246 - vCSACliInstallLogger - DEBUG - Requesting deployment status from target vCSA REST API endpoint 'https://10.33.0.47:5480/rest/vcenter/deployment'
2023-12-01 10:28:35,355 - vCSACliInstallLogger - INFO - ==========VCSA Deployment Progress Report==========
	Task: Install required RPMs for the appliance.(RUNNING 85/100)	- Installed VMware-spherelet-2.2.0-11979815.x86_64.rpm

2023-12-01 10:28:35,355 - vCSACliInstallLogger - INFO - VCSA Deployment is still running
2023-12-01 10:29:05,356 - vCSACliInstallLogger - DEBUG - Proceed with certificate thumbprint check...
2023-12-01 10:29:05,544 - vCSACliInstallLogger - DEBUG - Retrieved all ip addresses from appliance DEV_DEU_CE01VCSA01: ['10.33.0.47']
2023-12-01 10:29:05,562 - vCSACliInstallLogger - DEBUG - Querying REST endpoint '/rest/vcenter/deployment' on appliance '10.33.0.47' for deployment status
2023-12-01 10:29:05,562 - vCSACliInstallLogger - DEBUG - Proceed with certificate thumbprint check...
2023-12-01 10:29:05,562 - vCSACliInstallLogger - DEBUG - Requesting deployment status from target vCSA REST API endpoint 'https://10.33.0.47:5480/rest/vcenter/deployment'
2023-12-01 10:29:05,720 - vCSACliInstallLogger - INFO - ==========VCSA Deployment Progress Report==========
	Task: Install required RPMs for the appliance.(RUNNING 60/100)	- Installing containers

2023-12-01 10:29:05,720 - vCSACliInstallLogger - INFO - VCSA Deployment is still running
2023-12-01 10:29:35,725 - vCSACliInstallLogger - DEBUG - Proceed with certificate thumbprint check...
2023-12-01 10:29:35,923 - vCSACliInstallLogger - DEBUG - Retrieved all ip addresses from appliance DEV_DEU_CE01VCSA01: ['10.33.0.47']
2023-12-01 10:29:35,942 - vCSACliInstallLogger - DEBUG - Querying REST endpoint '/rest/vcenter/deployment' on appliance '10.33.0.47' for deployment status
2023-12-01 10:29:35,942 - vCSACliInstallLogger - DEBUG - Proceed with certificate thumbprint check...
2023-12-01 10:29:35,942 - vCSACliInstallLogger - DEBUG - Requesting deployment status from target vCSA REST API endpoint 'https://10.33.0.47:5480/rest/vcenter/deployment'
2023-12-01 10:29:36,041 - vCSACliInstallLogger - INFO - ==========VCSA Deployment Progress Report==========
	Task: Install required RPMs for the appliance.(RUNNING 60/100)	- Installing containers

2023-12-01 10:29:36,041 - vCSACliInstallLogger - INFO - VCSA Deployment is still running
2023-12-01 10:30:06,047 - vCSACliInstallLogger - DEBUG - Proceed with certificate thumbprint check...
2023-12-01 10:30:06,240 - vCSACliInstallLogger - DEBUG - Retrieved all ip addresses from appliance DEV_DEU_CE01VCSA01: ['10.33.0.47']
2023-12-01 10:30:06,259 - vCSACliInstallLogger - DEBUG - Querying REST endpoint '/rest/vcenter/deployment' on appliance '10.33.0.47' for deployment status
2023-12-01 10:30:06,260 - vCSACliInstallLogger - DEBUG - Proceed with certificate thumbprint check...
2023-12-01 10:30:06,260 - vCSACliInstallLogger - DEBUG - Requesting deployment status from target vCSA REST API endpoint 'https://10.33.0.47:5480/rest/vcenter/deployment'
2023-12-01 10:30:06,288 - vCSACliInstallLogger - DEBUG - Failed to query REST endpoint '/rest/vcenter/deployment' on appliance IP '10.33.0.47' for deployment status because: None
2023-12-01 10:30:06,289 - vCSACliInstallLogger - DEBUG - Failed to query appliance API against VM 'DEV_DEU_CE01VCSA01' on 'ce01esx01.dev.deu.local' for the deployment status because 'Failed to query deployment status for appliance DEV_DEU_CE01VCSA01 after trying all ip addresses. If you see this during firstboot, this probably indicates the VCSA is now rebooting and the status will resume in a few minutes. ', retrying and will timeout in '3570 seconds
2023-12-01 10:30:06,289 - vCSACliInstallLogger - DEBUG - traceback: Traceback (most recent call last):
  File "/build/mts/release/bora-21930385/bora/install/vcsa-installer/vcsaCliInstaller/cli_tasks/monitor/monitor_vcenter_deployment_task.py", line 166, in monitor_vcsa_deployment
  File "/build/mts/release/bora-21930385/bora/install/vcsa-installer/vcsaCliInstaller/cli_tasks/monitor/monitor_vcenter_deployment_task.py", line 554, in get_vcenter_deployment
RuntimeError: Failed to query deployment status for appliance DEV_DEU_CE01VCSA01 after trying all ip addresses

During handling of the above exception, another exception occurred:

Traceback (most recent call last):
  File "/build/mts/release/bora-21930385/bora/install/vcsa-installer/vcsaCliInstaller/cli_tasks/monitor/monitor_vcenter_deployment_task.py", line 402, in execute
  File "/build/mts/release/bora-21930385/bora/install/vcsa-installer/vcsaCliInstaller/cli_tasks/monitor/monitor_vcenter_deployment_task.py", line 173, in monitor_vcsa_deployment
tasking.task.TaskException: Failed to query deployment status for appliance DEV_DEU_CE01VCSA01 after trying all ip addresses. If you see this during firstboot, this probably indicates the VCSA is now rebooting and the status will resume in a few minutes. 

2023-12-01 10:30:36,292 - vCSACliInstallLogger - DEBUG - Proceed with certificate thumbprint check...
2023-12-01 10:30:37,031 - vCSACliInstallLogger - DEBUG - Retrieved all ip addresses from appliance DEV_DEU_CE01VCSA01: ['10.33.0.47']
2023-12-01 10:30:37,058 - vCSACliInstallLogger - DEBUG - Querying REST endpoint '/rest/vcenter/deployment' on appliance '10.33.0.47' for deployment status
2023-12-01 10:30:37,059 - vCSACliInstallLogger - DEBUG - Proceed with certificate thumbprint check...
2023-12-01 10:30:37,059 - vCSACliInstallLogger - DEBUG - Requesting deployment status from target vCSA REST API endpoint 'https://10.33.0.47:5480/rest/vcenter/deployment'
2023-12-01 10:30:37,446 - vCSACliInstallLogger - INFO - ==========VCSA Deployment Progress Report==========
	Task: Install required RPMs for the appliance.(SUCCEEDED 100/100)	- Task has completed successfully.
	Task: Run firstboot scripts.(RUNNING 12/100)	- Starting VMware HTTP Reverse Proxy...

2023-12-01 10:30:37,446 - vCSACliInstallLogger - INFO - VCSA Deployment is still running
2023-12-01 10:31:07,449 - vCSACliInstallLogger - DEBUG - Proceed with certificate thumbprint check...
2023-12-01 10:31:07,623 - vCSACliInstallLogger - DEBUG - Retrieved all ip addresses from appliance DEV_DEU_CE01VCSA01: ['10.33.0.47']
2023-12-01 10:31:07,630 - vCSACliInstallLogger - DEBUG - Querying REST endpoint '/rest/vcenter/deployment' on appliance '10.33.0.47' for deployment status
2023-12-01 10:31:07,630 - vCSACliInstallLogger - DEBUG - Proceed with certificate thumbprint check...
2023-12-01 10:31:07,631 - vCSACliInstallLogger - DEBUG - Requesting deployment status from target vCSA REST API endpoint 'https://10.33.0.47:5480/rest/vcenter/deployment'
2023-12-01 10:31:09,569 - vCSACliInstallLogger - INFO - ==========VCSA Deployment Progress Report==========
	Task: Install required RPMs for the appliance.(SUCCEEDED 100/100)	- Task has completed successfully.
	Task: Run firstboot scripts.(RUNNING 19/100)	- Starting VMware Identity Single Container Service...

2023-12-01 10:31:09,570 - vCSACliInstallLogger - INFO - VCSA Deployment is still running
2023-12-01 10:31:39,575 - vCSACliInstallLogger - DEBUG - Proceed with certificate thumbprint check...
2023-12-01 10:31:39,761 - vCSACliInstallLogger - DEBUG - Retrieved all ip addresses from appliance DEV_DEU_CE01VCSA01: ['10.33.0.47']
2023-12-01 10:31:39,777 - vCSACliInstallLogger - DEBUG - Querying REST endpoint '/rest/vcenter/deployment' on appliance '10.33.0.47' for deployment status
2023-12-01 10:31:39,778 - vCSACliInstallLogger - DEBUG - Proceed with certificate thumbprint check...
2023-12-01 10:31:39,778 - vCSACliInstallLogger - DEBUG - Requesting deployment status from target vCSA REST API endpoint 'https://10.33.0.47:5480/rest/vcenter/deployment'
2023-12-01 10:31:39,911 - vCSACliInstallLogger - INFO - ==========VCSA Deployment Progress Report==========
	Task: Install required RPMs for the appliance.(SUCCEEDED 100/100)	- Task has completed successfully.
	Task: Run firstboot scripts.(RUNNING 24/100)	- Starting VMware Envoy Proxy...

2023-12-01 10:31:39,911 - vCSACliInstallLogger - INFO - VCSA Deployment is still running
2023-12-01 10:32:09,917 - vCSACliInstallLogger - DEBUG - Proceed with certificate thumbprint check...
2023-12-01 10:32:10,091 - vCSACliInstallLogger - DEBUG - Retrieved all ip addresses from appliance DEV_DEU_CE01VCSA01: ['10.33.0.47']
2023-12-01 10:32:10,120 - vCSACliInstallLogger - DEBUG - Querying REST endpoint '/rest/vcenter/deployment' on appliance '10.33.0.47' for deployment status
2023-12-01 10:32:10,120 - vCSACliInstallLogger - DEBUG - Proceed with certificate thumbprint check...
2023-12-01 10:32:10,120 - vCSACliInstallLogger - DEBUG - Requesting deployment status from target vCSA REST API endpoint 'https://10.33.0.47:5480/rest/vcenter/deployment'
2023-12-01 10:32:11,679 - vCSACliInstallLogger - INFO - ==========VCSA Deployment Progress Report==========
	Task: Install required RPMs for the appliance.(SUCCEEDED 100/100)	- Task has completed successfully.
	Task: Run firstboot scripts.(RUNNING 27/100)	- Starting VMware Security Token Service...

2023-12-01 10:32:11,679 - vCSACliInstallLogger - INFO - VCSA Deployment is still running
2023-12-01 10:32:41,684 - vCSACliInstallLogger - DEBUG - Proceed with certificate thumbprint check...
2023-12-01 10:32:41,875 - vCSACliInstallLogger - DEBUG - Retrieved all ip addresses from appliance DEV_DEU_CE01VCSA01: ['10.33.0.47']
2023-12-01 10:32:41,891 - vCSACliInstallLogger - DEBUG - Querying REST endpoint '/rest/vcenter/deployment' on appliance '10.33.0.47' for deployment status
2023-12-01 10:32:41,891 - vCSACliInstallLogger - DEBUG - Proceed with certificate thumbprint check...
2023-12-01 10:32:41,891 - vCSACliInstallLogger - DEBUG - Requesting deployment status from target vCSA REST API endpoint 'https://10.33.0.47:5480/rest/vcenter/deployment'
2023-12-01 10:32:43,747 - vCSACliInstallLogger - INFO - ==========VCSA Deployment Progress Report==========
	Task: Install required RPMs for the appliance.(SUCCEEDED 100/100)	- Task has completed successfully.
	Task: Run firstboot scripts.(RUNNING 27/100)	- Starting VMware Security Token Service...

2023-12-01 10:32:43,747 - vCSACliInstallLogger - INFO - VCSA Deployment is still running
2023-12-01 10:33:13,755 - vCSACliInstallLogger - DEBUG - Proceed with certificate thumbprint check...
2023-12-01 10:33:13,941 - vCSACliInstallLogger - DEBUG - Retrieved all ip addresses from appliance DEV_DEU_CE01VCSA01: ['10.33.0.47']
2023-12-01 10:33:13,958 - vCSACliInstallLogger - DEBUG - Querying REST endpoint '/rest/vcenter/deployment' on appliance '10.33.0.47' for deployment status
2023-12-01 10:33:13,959 - vCSACliInstallLogger - DEBUG - Proceed with certificate thumbprint check...
2023-12-01 10:33:13,959 - vCSACliInstallLogger - DEBUG - Requesting deployment status from target vCSA REST API endpoint 'https://10.33.0.47:5480/rest/vcenter/deployment'
2023-12-01 10:33:14,081 - vCSACliInstallLogger - INFO - ==========VCSA Deployment Progress Report==========
	Task: Install required RPMs for the appliance.(SUCCEEDED 100/100)	- Task has completed successfully.
	Task: Run firstboot scripts.(RUNNING 31/100)	- Starting VMware License Service...

2023-12-01 10:33:14,082 - vCSACliInstallLogger - INFO - VCSA Deployment is still running
2023-12-01 10:33:44,086 - vCSACliInstallLogger - DEBUG - Proceed with certificate thumbprint check...
2023-12-01 10:33:44,264 - vCSACliInstallLogger - DEBUG - Retrieved all ip addresses from appliance DEV_DEU_CE01VCSA01: ['10.33.0.47']
2023-12-01 10:33:44,280 - vCSACliInstallLogger - DEBUG - Querying REST endpoint '/rest/vcenter/deployment' on appliance '10.33.0.47' for deployment status
2023-12-01 10:33:44,280 - vCSACliInstallLogger - DEBUG - Proceed with certificate thumbprint check...
2023-12-01 10:33:44,280 - vCSACliInstallLogger - DEBUG - Requesting deployment status from target vCSA REST API endpoint 'https://10.33.0.47:5480/rest/vcenter/deployment'
2023-12-01 10:33:44,402 - vCSACliInstallLogger - INFO - ==========VCSA Deployment Progress Report==========
	Task: Install required RPMs for the appliance.(SUCCEEDED 100/100)	- Task has completed successfully.
	Task: Run firstboot scripts.(RUNNING 33/100)	- Starting VMware vAPI Endpoint...

2023-12-01 10:33:44,402 - vCSACliInstallLogger - INFO - VCSA Deployment is still running
2023-12-01 10:34:14,408 - vCSACliInstallLogger - DEBUG - Proceed with certificate thumbprint check...
2023-12-01 10:34:14,592 - vCSACliInstallLogger - DEBUG - Retrieved all ip addresses from appliance DEV_DEU_CE01VCSA01: ['10.33.0.47']
2023-12-01 10:34:14,609 - vCSACliInstallLogger - DEBUG - Querying REST endpoint '/rest/vcenter/deployment' on appliance '10.33.0.47' for deployment status
2023-12-01 10:34:14,610 - vCSACliInstallLogger - DEBUG - Proceed with certificate thumbprint check...
2023-12-01 10:34:14,610 - vCSACliInstallLogger - DEBUG - Requesting deployment status from target vCSA REST API endpoint 'https://10.33.0.47:5480/rest/vcenter/deployment'
2023-12-01 10:34:14,751 - vCSACliInstallLogger - INFO - ==========VCSA Deployment Progress Report==========
	Task: Install required RPMs for the appliance.(SUCCEEDED 100/100)	- Task has completed successfully.
	Task: Run firstboot scripts.(RUNNING 37/100)	- Starting VMware vCenter-Services...

2023-12-01 10:34:14,751 - vCSACliInstallLogger - INFO - VCSA Deployment is still running
2023-12-01 10:34:44,756 - vCSACliInstallLogger - DEBUG - Proceed with certificate thumbprint check...
2023-12-01 10:34:44,930 - vCSACliInstallLogger - DEBUG - Retrieved all ip addresses from appliance DEV_DEU_CE01VCSA01: ['10.33.0.47']
2023-12-01 10:34:44,944 - vCSACliInstallLogger - DEBUG - Querying REST endpoint '/rest/vcenter/deployment' on appliance '10.33.0.47' for deployment status
2023-12-01 10:34:44,945 - vCSACliInstallLogger - DEBUG - Proceed with certificate thumbprint check...
2023-12-01 10:34:44,945 - vCSACliInstallLogger - DEBUG - Requesting deployment status from target vCSA REST API endpoint 'https://10.33.0.47:5480/rest/vcenter/deployment'
2023-12-01 10:34:45,062 - vCSACliInstallLogger - INFO - ==========VCSA Deployment Progress Report==========
	Task: Install required RPMs for the appliance.(SUCCEEDED 100/100)	- Task has completed successfully.
	Task: Run firstboot scripts.(RUNNING 39/100)	- Starting VMware Certificate Authority Service...

2023-12-01 10:34:45,062 - vCSACliInstallLogger - INFO - VCSA Deployment is still running
2023-12-01 10:35:15,067 - vCSACliInstallLogger - DEBUG - Proceed with certificate thumbprint check...
2023-12-01 10:35:15,254 - vCSACliInstallLogger - DEBUG - Retrieved all ip addresses from appliance DEV_DEU_CE01VCSA01: ['10.33.0.47']
2023-12-01 10:35:15,278 - vCSACliInstallLogger - DEBUG - Querying REST endpoint '/rest/vcenter/deployment' on appliance '10.33.0.47' for deployment status
2023-12-01 10:35:15,279 - vCSACliInstallLogger - DEBUG - Proceed with certificate thumbprint check...
2023-12-01 10:35:15,279 - vCSACliInstallLogger - DEBUG - Requesting deployment status from target vCSA REST API endpoint 'https://10.33.0.47:5480/rest/vcenter/deployment'
2023-12-01 10:35:15,416 - vCSACliInstallLogger - INFO - ==========VCSA Deployment Progress Report==========
	Task: Install required RPMs for the appliance.(SUCCEEDED 100/100)	- Task has completed successfully.
	Task: Run firstboot scripts.(RUNNING 45/100)	- Starting VMware Platform Services Controller Health Monitor...

2023-12-01 10:35:15,416 - vCSACliInstallLogger - INFO - VCSA Deployment is still running
2023-12-01 10:35:45,421 - vCSACliInstallLogger - DEBUG - Proceed with certificate thumbprint check...
2023-12-01 10:35:45,606 - vCSACliInstallLogger - DEBUG - Retrieved all ip addresses from appliance DEV_DEU_CE01VCSA01: ['10.33.0.47']
2023-12-01 10:35:45,621 - vCSACliInstallLogger - DEBUG - Querying REST endpoint '/rest/vcenter/deployment' on appliance '10.33.0.47' for deployment status
2023-12-01 10:35:45,622 - vCSACliInstallLogger - DEBUG - Proceed with certificate thumbprint check...
2023-12-01 10:35:45,622 - vCSACliInstallLogger - DEBUG - Requesting deployment status from target vCSA REST API endpoint 'https://10.33.0.47:5480/rest/vcenter/deployment'
2023-12-01 10:35:45,727 - vCSACliInstallLogger - INFO - ==========VCSA Deployment Progress Report==========
	Task: Install required RPMs for the appliance.(SUCCEEDED 100/100)	- Task has completed successfully.
	Task: Run firstboot scripts.(RUNNING 50/100)	- Starting VMware vCenter Server...

2023-12-01 10:35:45,727 - vCSACliInstallLogger - INFO - VCSA Deployment is still running
2023-12-01 10:36:15,733 - vCSACliInstallLogger - DEBUG - Proceed with certificate thumbprint check...
2023-12-01 10:36:15,918 - vCSACliInstallLogger - DEBUG - Retrieved all ip addresses from appliance DEV_DEU_CE01VCSA01: ['10.33.0.47']
2023-12-01 10:36:15,925 - vCSACliInstallLogger - DEBUG - Querying REST endpoint '/rest/vcenter/deployment' on appliance '10.33.0.47' for deployment status
2023-12-01 10:36:15,926 - vCSACliInstallLogger - DEBUG - Proceed with certificate thumbprint check...
2023-12-01 10:36:15,926 - vCSACliInstallLogger - DEBUG - Requesting deployment status from target vCSA REST API endpoint 'https://10.33.0.47:5480/rest/vcenter/deployment'
2023-12-01 10:36:16,034 - vCSACliInstallLogger - INFO - ==========VCSA Deployment Progress Report==========
	Task: Install required RPMs for the appliance.(SUCCEEDED 100/100)	- Task has completed successfully.
	Task: Run firstboot scripts.(RUNNING 50/100)	- Starting VMware vCenter Server...

2023-12-01 10:36:16,034 - vCSACliInstallLogger - INFO - VCSA Deployment is still running
2023-12-01 10:36:46,054 - vCSACliInstallLogger - DEBUG - Proceed with certificate thumbprint check...
2023-12-01 10:36:46,685 - vCSACliInstallLogger - DEBUG - Retrieved all ip addresses from appliance DEV_DEU_CE01VCSA01: ['10.33.0.47']
2023-12-01 10:36:46,712 - vCSACliInstallLogger - DEBUG - Querying REST endpoint '/rest/vcenter/deployment' on appliance '10.33.0.47' for deployment status
2023-12-01 10:36:46,713 - vCSACliInstallLogger - DEBUG - Proceed with certificate thumbprint check...
2023-12-01 10:36:46,713 - vCSACliInstallLogger - DEBUG - Requesting deployment status from target vCSA REST API endpoint 'https://10.33.0.47:5480/rest/vcenter/deployment'
2023-12-01 10:36:47,093 - vCSACliInstallLogger - INFO - ==========VCSA Deployment Progress Report==========
	Task: Install required RPMs for the appliance.(SUCCEEDED 100/100)	- Task has completed successfully.
	Task: Run firstboot scripts.(RUNNING 54/100)	- Starting VMware vSphere Client...

2023-12-01 10:36:47,094 - vCSACliInstallLogger - INFO - VCSA Deployment is still running
2023-12-01 10:37:17,101 - vCSACliInstallLogger - DEBUG - Proceed with certificate thumbprint check...
2023-12-01 10:37:17,276 - vCSACliInstallLogger - DEBUG - Retrieved all ip addresses from appliance DEV_DEU_CE01VCSA01: ['10.33.0.47']
2023-12-01 10:37:17,295 - vCSACliInstallLogger - DEBUG - Querying REST endpoint '/rest/vcenter/deployment' on appliance '10.33.0.47' for deployment status
2023-12-01 10:37:17,295 - vCSACliInstallLogger - DEBUG - Proceed with certificate thumbprint check...
2023-12-01 10:37:17,295 - vCSACliInstallLogger - DEBUG - Requesting deployment status from target vCSA REST API endpoint 'https://10.33.0.47:5480/rest/vcenter/deployment'
2023-12-01 10:37:17,558 - vCSACliInstallLogger - INFO - ==========VCSA Deployment Progress Report==========
	Task: Install required RPMs for the appliance.(SUCCEEDED 100/100)	- Task has completed successfully.
	Task: Run firstboot scripts.(RUNNING 54/100)	- Starting VMware vSphere Client...

2023-12-01 10:37:17,559 - vCSACliInstallLogger - INFO - VCSA Deployment is still running
2023-12-01 10:37:47,565 - vCSACliInstallLogger - DEBUG - Proceed with certificate thumbprint check...
2023-12-01 10:37:47,730 - vCSACliInstallLogger - DEBUG - Retrieved all ip addresses from appliance DEV_DEU_CE01VCSA01: ['10.33.0.47']
2023-12-01 10:37:47,747 - vCSACliInstallLogger - DEBUG - Querying REST endpoint '/rest/vcenter/deployment' on appliance '10.33.0.47' for deployment status
2023-12-01 10:37:47,747 - vCSACliInstallLogger - DEBUG - Proceed with certificate thumbprint check...
2023-12-01 10:37:47,747 - vCSACliInstallLogger - DEBUG - Requesting deployment status from target vCSA REST API endpoint 'https://10.33.0.47:5480/rest/vcenter/deployment'
2023-12-01 10:37:47,868 - vCSACliInstallLogger - INFO - ==========VCSA Deployment Progress Report==========
	Task: Install required RPMs for the appliance.(SUCCEEDED 100/100)	- Task has completed successfully.
	Task: Run firstboot scripts.(RUNNING 58/100)	- Starting VMware ESX Agent Manager...

2023-12-01 10:37:47,868 - vCSACliInstallLogger - INFO - VCSA Deployment is still running
2023-12-01 10:38:17,874 - vCSACliInstallLogger - DEBUG - Proceed with certificate thumbprint check...
2023-12-01 10:38:18,082 - vCSACliInstallLogger - DEBUG - Retrieved all ip addresses from appliance DEV_DEU_CE01VCSA01: ['10.33.0.47']
2023-12-01 10:38:18,097 - vCSACliInstallLogger - DEBUG - Querying REST endpoint '/rest/vcenter/deployment' on appliance '10.33.0.47' for deployment status
2023-12-01 10:38:18,097 - vCSACliInstallLogger - DEBUG - Proceed with certificate thumbprint check...
2023-12-01 10:38:18,097 - vCSACliInstallLogger - DEBUG - Requesting deployment status from target vCSA REST API endpoint 'https://10.33.0.47:5480/rest/vcenter/deployment'
2023-12-01 10:38:18,210 - vCSACliInstallLogger - INFO - ==========VCSA Deployment Progress Report==========
	Task: Install required RPMs for the appliance.(SUCCEEDED 100/100)	- Task has completed successfully.
	Task: Run firstboot scripts.(RUNNING 62/100)	- Starting VMware vSphere Profile-Driven Storage Service...

2023-12-01 10:38:18,210 - vCSACliInstallLogger - INFO - VCSA Deployment is still running
2023-12-01 10:38:48,216 - vCSACliInstallLogger - DEBUG - Proceed with certificate thumbprint check...
2023-12-01 10:38:48,389 - vCSACliInstallLogger - DEBUG - Retrieved all ip addresses from appliance DEV_DEU_CE01VCSA01: ['10.33.0.47']
2023-12-01 10:38:48,404 - vCSACliInstallLogger - DEBUG - Querying REST endpoint '/rest/vcenter/deployment' on appliance '10.33.0.47' for deployment status
2023-12-01 10:38:48,405 - vCSACliInstallLogger - DEBUG - Proceed with certificate thumbprint check...
2023-12-01 10:38:48,405 - vCSACliInstallLogger - DEBUG - Requesting deployment status from target vCSA REST API endpoint 'https://10.33.0.47:5480/rest/vcenter/deployment'
2023-12-01 10:38:48,524 - vCSACliInstallLogger - INFO - ==========VCSA Deployment Progress Report==========
	Task: Install required RPMs for the appliance.(SUCCEEDED 100/100)	- Task has completed successfully.
	Task: Run firstboot scripts.(RUNNING 62/100)	- Starting VMware vSphere Profile-Driven Storage Service...

2023-12-01 10:38:48,524 - vCSACliInstallLogger - INFO - VCSA Deployment is still running
2023-12-01 10:39:18,530 - vCSACliInstallLogger - DEBUG - Proceed with certificate thumbprint check...
2023-12-01 10:39:18,697 - vCSACliInstallLogger - DEBUG - Retrieved all ip addresses from appliance DEV_DEU_CE01VCSA01: ['10.33.0.47']
2023-12-01 10:39:18,711 - vCSACliInstallLogger - DEBUG - Querying REST endpoint '/rest/vcenter/deployment' on appliance '10.33.0.47' for deployment status
2023-12-01 10:39:18,711 - vCSACliInstallLogger - DEBUG - Proceed with certificate thumbprint check...
2023-12-01 10:39:18,711 - vCSACliInstallLogger - DEBUG - Requesting deployment status from target vCSA REST API endpoint 'https://10.33.0.47:5480/rest/vcenter/deployment'
2023-12-01 10:39:18,829 - vCSACliInstallLogger - INFO - ==========VCSA Deployment Progress Report==========
	Task: Install required RPMs for the appliance.(SUCCEEDED 100/100)	- Task has completed successfully.
	Task: Run firstboot scripts.(RUNNING 66/100)	- Starting VMware Update Manager...

2023-12-01 10:39:18,829 - vCSACliInstallLogger - INFO - VCSA Deployment is still running
2023-12-01 10:39:48,834 - vCSACliInstallLogger - DEBUG - Proceed with certificate thumbprint check...
2023-12-01 10:39:49,000 - vCSACliInstallLogger - DEBUG - Retrieved all ip addresses from appliance DEV_DEU_CE01VCSA01: ['10.33.0.47']
2023-12-01 10:39:49,014 - vCSACliInstallLogger - DEBUG - Querying REST endpoint '/rest/vcenter/deployment' on appliance '10.33.0.47' for deployment status
2023-12-01 10:39:49,015 - vCSACliInstallLogger - DEBUG - Proceed with certificate thumbprint check...
2023-12-01 10:39:49,015 - vCSACliInstallLogger - DEBUG - Requesting deployment status from target vCSA REST API endpoint 'https://10.33.0.47:5480/rest/vcenter/deployment'
2023-12-01 10:39:49,115 - vCSACliInstallLogger - INFO - ==========VCSA Deployment Progress Report==========
	Task: Install required RPMs for the appliance.(SUCCEEDED 100/100)	- Task has completed successfully.
	Task: Run firstboot scripts.(RUNNING 70/100)	- Starting VMware vCenter Server Lifecycle Manager...

2023-12-01 10:39:49,115 - vCSACliInstallLogger - INFO - VCSA Deployment is still running
2023-12-01 10:40:19,121 - vCSACliInstallLogger - DEBUG - Proceed with certificate thumbprint check...
2023-12-01 10:40:19,291 - vCSACliInstallLogger - DEBUG - Retrieved all ip addresses from appliance DEV_DEU_CE01VCSA01: ['10.33.0.47']
2023-12-01 10:40:19,304 - vCSACliInstallLogger - DEBUG - Querying REST endpoint '/rest/vcenter/deployment' on appliance '10.33.0.47' for deployment status
2023-12-01 10:40:19,304 - vCSACliInstallLogger - DEBUG - Proceed with certificate thumbprint check...
2023-12-01 10:40:19,304 - vCSACliInstallLogger - DEBUG - Requesting deployment status from target vCSA REST API endpoint 'https://10.33.0.47:5480/rest/vcenter/deployment'
2023-12-01 10:40:19,422 - vCSACliInstallLogger - INFO - ==========VCSA Deployment Progress Report==========
	Task: Install required RPMs for the appliance.(SUCCEEDED 100/100)	- Task has completed successfully.
	Task: Run firstboot scripts.(RUNNING 74/100)	- Starting VMware VSAN Health Service...

2023-12-01 10:40:19,423 - vCSACliInstallLogger - INFO - VCSA Deployment is still running
2023-12-01 10:40:49,428 - vCSACliInstallLogger - DEBUG - Proceed with certificate thumbprint check...
2023-12-01 10:40:49,586 - vCSACliInstallLogger - DEBUG - Retrieved all ip addresses from appliance DEV_DEU_CE01VCSA01: ['10.33.0.47']
2023-12-01 10:40:49,595 - vCSACliInstallLogger - DEBUG - Querying REST endpoint '/rest/vcenter/deployment' on appliance '10.33.0.47' for deployment status
2023-12-01 10:40:49,596 - vCSACliInstallLogger - DEBUG - Proceed with certificate thumbprint check...
2023-12-01 10:40:49,596 - vCSACliInstallLogger - DEBUG - Requesting deployment status from target vCSA REST API endpoint 'https://10.33.0.47:5480/rest/vcenter/deployment'
2023-12-01 10:40:49,687 - vCSACliInstallLogger - INFO - ==========VCSA Deployment Progress Report==========
	Task: Install required RPMs for the appliance.(SUCCEEDED 100/100)	- Task has completed successfully.
	Task: Run firstboot scripts.(RUNNING 78/100)	- Starting VMware vTsdb Service...

2023-12-01 10:40:49,687 - vCSACliInstallLogger - INFO - VCSA Deployment is still running
2023-12-01 10:41:19,692 - vCSACliInstallLogger - DEBUG - Proceed with certificate thumbprint check...
2023-12-01 10:41:19,864 - vCSACliInstallLogger - DEBUG - Retrieved all ip addresses from appliance DEV_DEU_CE01VCSA01: ['10.33.0.47']
2023-12-01 10:41:19,874 - vCSACliInstallLogger - DEBUG - Querying REST endpoint '/rest/vcenter/deployment' on appliance '10.33.0.47' for deployment status
2023-12-01 10:41:19,875 - vCSACliInstallLogger - DEBUG - Proceed with certificate thumbprint check...
2023-12-01 10:41:19,875 - vCSACliInstallLogger - DEBUG - Requesting deployment status from target vCSA REST API endpoint 'https://10.33.0.47:5480/rest/vcenter/deployment'
2023-12-01 10:41:20,520 - vCSACliInstallLogger - INFO - ==========VCSA Deployment Progress Report==========
	Task: Install required RPMs for the appliance.(SUCCEEDED 100/100)	- Task has completed successfully.
	Task: Run firstboot scripts.(RUNNING 82/100)	- Starting VMware Hybrid VC Service...

2023-12-01 10:41:20,520 - vCSACliInstallLogger - INFO - VCSA Deployment is still running
2023-12-01 10:41:50,523 - vCSACliInstallLogger - DEBUG - Proceed with certificate thumbprint check...
2023-12-01 10:41:50,691 - vCSACliInstallLogger - DEBUG - Retrieved all ip addresses from appliance DEV_DEU_CE01VCSA01: ['10.33.0.47']
2023-12-01 10:41:50,705 - vCSACliInstallLogger - DEBUG - Querying REST endpoint '/rest/vcenter/deployment' on appliance '10.33.0.47' for deployment status
2023-12-01 10:41:50,705 - vCSACliInstallLogger - DEBUG - Proceed with certificate thumbprint check...
2023-12-01 10:41:50,705 - vCSACliInstallLogger - DEBUG - Requesting deployment status from target vCSA REST API endpoint 'https://10.33.0.47:5480/rest/vcenter/deployment'
2023-12-01 10:41:51,029 - vCSACliInstallLogger - INFO - ==========VCSA Deployment Progress Report==========
	Task: Install required RPMs for the appliance.(SUCCEEDED 100/100)	- Task has completed successfully.
	Task: Run firstboot scripts.(RUNNING 86/100)	- Starting VMware vSphere Auto Deploy Waiter...

2023-12-01 10:41:51,029 - vCSACliInstallLogger - INFO - VCSA Deployment is still running
2023-12-01 10:42:21,031 - vCSACliInstallLogger - DEBUG - Proceed with certificate thumbprint check...
2023-12-01 10:42:21,225 - vCSACliInstallLogger - DEBUG - Retrieved all ip addresses from appliance DEV_DEU_CE01VCSA01: ['10.33.0.47']
2023-12-01 10:42:21,236 - vCSACliInstallLogger - DEBUG - Querying REST endpoint '/rest/vcenter/deployment' on appliance '10.33.0.47' for deployment status
2023-12-01 10:42:21,236 - vCSACliInstallLogger - DEBUG - Proceed with certificate thumbprint check...
2023-12-01 10:42:21,236 - vCSACliInstallLogger - DEBUG - Requesting deployment status from target vCSA REST API endpoint 'https://10.33.0.47:5480/rest/vcenter/deployment'
2023-12-01 10:42:21,355 - vCSACliInstallLogger - INFO - ==========VCSA Deployment Progress Report==========
	Task: Install required RPMs for the appliance.(SUCCEEDED 100/100)	- Task has completed successfully.
	Task: Run firstboot scripts.(RUNNING 90/100)	- Starting Workload Control Plane...

2023-12-01 10:42:21,355 - vCSACliInstallLogger - INFO - VCSA Deployment is still running
2023-12-01 10:42:51,361 - vCSACliInstallLogger - DEBUG - Proceed with certificate thumbprint check...
2023-12-01 10:42:51,538 - vCSACliInstallLogger - DEBUG - Retrieved all ip addresses from appliance DEV_DEU_CE01VCSA01: ['10.33.0.47']
2023-12-01 10:42:51,550 - vCSACliInstallLogger - DEBUG - Querying REST endpoint '/rest/vcenter/deployment' on appliance '10.33.0.47' for deployment status
2023-12-01 10:42:51,550 - vCSACliInstallLogger - DEBUG - Proceed with certificate thumbprint check...
2023-12-01 10:42:51,550 - vCSACliInstallLogger - DEBUG - Requesting deployment status from target vCSA REST API endpoint 'https://10.33.0.47:5480/rest/vcenter/deployment'
2023-12-01 10:42:51,646 - vCSACliInstallLogger - INFO - ==========VCSA Deployment Progress Report==========
	Task: Install required RPMs for the appliance.(SUCCEEDED 100/100)	- Task has completed successfully.
	Task: Run firstboot scripts.(RUNNING 92/100)	- Starting VMware Content Library Service...

2023-12-01 10:42:51,647 - vCSACliInstallLogger - INFO - VCSA Deployment is still running
2023-12-01 10:43:21,648 - vCSACliInstallLogger - DEBUG - Proceed with certificate thumbprint check...
2023-12-01 10:43:21,844 - vCSACliInstallLogger - DEBUG - Retrieved all ip addresses from appliance DEV_DEU_CE01VCSA01: ['10.33.0.47']
2023-12-01 10:43:21,868 - vCSACliInstallLogger - DEBUG - Querying REST endpoint '/rest/vcenter/deployment' on appliance '10.33.0.47' for deployment status
2023-12-01 10:43:21,868 - vCSACliInstallLogger - DEBUG - Proceed with certificate thumbprint check...
2023-12-01 10:43:21,868 - vCSACliInstallLogger - DEBUG - Requesting deployment status from target vCSA REST API endpoint 'https://10.33.0.47:5480/rest/vcenter/deployment'
2023-12-01 10:43:22,031 - vCSACliInstallLogger - INFO - ==========VCSA Deployment Progress Report==========
	Task: Install required RPMs for the appliance.(SUCCEEDED 100/100)	- Task has completed successfully.
	Task: Run firstboot scripts.(RUNNING 92/100)	- Starting VMware Content Library Service...

2023-12-01 10:43:22,032 - vCSACliInstallLogger - INFO - VCSA Deployment is still running
2023-12-01 10:43:52,034 - vCSACliInstallLogger - DEBUG - Proceed with certificate thumbprint check...
2023-12-01 10:43:52,225 - vCSACliInstallLogger - DEBUG - Retrieved all ip addresses from appliance DEV_DEU_CE01VCSA01: ['10.33.0.47']
2023-12-01 10:43:52,245 - vCSACliInstallLogger - DEBUG - Querying REST endpoint '/rest/vcenter/deployment' on appliance '10.33.0.47' for deployment status
2023-12-01 10:43:52,246 - vCSACliInstallLogger - DEBUG - Proceed with certificate thumbprint check...
2023-12-01 10:43:52,246 - vCSACliInstallLogger - DEBUG - Requesting deployment status from target vCSA REST API endpoint 'https://10.33.0.47:5480/rest/vcenter/deployment'
2023-12-01 10:43:52,378 - vCSACliInstallLogger - INFO - ==========VCSA Deployment Progress Report==========
	Task: Install required RPMs for the appliance.(SUCCEEDED 100/100)	- Task has completed successfully.
	Task: Run firstboot scripts.(RUNNING 96/100)	- Starting vsphere-ui-postinstall...

2023-12-01 10:43:52,378 - vCSACliInstallLogger - INFO - VCSA Deployment is still running
2023-12-01 10:44:22,383 - vCSACliInstallLogger - DEBUG - Proceed with certificate thumbprint check...
2023-12-01 10:44:22,551 - vCSACliInstallLogger - DEBUG - Retrieved all ip addresses from appliance DEV_DEU_CE01VCSA01: ['10.33.0.47']
2023-12-01 10:44:22,566 - vCSACliInstallLogger - DEBUG - Querying REST endpoint '/rest/vcenter/deployment' on appliance '10.33.0.47' for deployment status
2023-12-01 10:44:22,566 - vCSACliInstallLogger - DEBUG - Proceed with certificate thumbprint check...
2023-12-01 10:44:22,566 - vCSACliInstallLogger - DEBUG - Requesting deployment status from target vCSA REST API endpoint 'https://10.33.0.47:5480/rest/vcenter/deployment'
2023-12-01 10:44:22,684 - vCSACliInstallLogger - INFO - ==========VCSA Deployment Progress Report==========
	Task: Install required RPMs for the appliance.(SUCCEEDED 100/100)	- Task has completed successfully.
	Task: Run firstboot scripts.(SUCCEEDED 100/100)	- Task has completed successfully.

2023-12-01 10:44:22,685 - vCSACliInstallLogger - INFO - VCSA Deployment is still running
2023-12-01 10:44:52,690 - vCSACliInstallLogger - DEBUG - Proceed with certificate thumbprint check...
2023-12-01 10:44:52,859 - vCSACliInstallLogger - DEBUG - Retrieved all ip addresses from appliance DEV_DEU_CE01VCSA01: ['10.33.0.47']
2023-12-01 10:44:52,868 - vCSACliInstallLogger - DEBUG - Querying REST endpoint '/rest/vcenter/deployment' on appliance '10.33.0.47' for deployment status
2023-12-01 10:44:52,868 - vCSACliInstallLogger - DEBUG - Proceed with certificate thumbprint check...
2023-12-01 10:44:52,868 - vCSACliInstallLogger - DEBUG - Requesting deployment status from target vCSA REST API endpoint 'https://10.33.0.47:5480/rest/vcenter/deployment'
2023-12-01 10:44:52,952 - vCSACliInstallLogger - INFO - ==========VCSA Deployment Progress Report==========
	Task: Install required RPMs for the appliance.(SUCCEEDED 100/100)	- Task has completed successfully.
	Task: Run firstboot scripts.(SUCCEEDED 100/100)	- Task has completed successfully.

2023-12-01 10:44:52,952 - vCSACliInstallLogger - INFO - Successfully completed VCSA deployment. 
VCSA Deployment Start Time: 2023-12-01T10:25:04.179Z
VCSA Deployment End Time: 2023-12-01T10:44:21.721Z

2023-12-01 10:44:52,952 - vCSACliInstallLogger - INFO -  [SUCCEEDED] Successfully executed Task 'MonitorDeploymentTask: Monitoring Deployment' in TaskFlow 'embedded_vCSA_on_ESXi' at 10:44:52 
2023-12-01 10:44:52,992 - vCSACliInstallLogger - INFO - Monitoring VCSA Deploy task completed 
2023-12-01 10:44:53,093 - vCSACliInstallLogger - DEBUG - Running deployment: Domain Join
2023-12-01 10:44:53,094 - vCSACliInstallLogger - INFO - == [START] Start executing Task: Join active domain if necessary at 10:44:53 ==
2023-12-01 10:44:53,110 - vCSACliInstallLogger - INFO - Domain join task not applicable, skipping task
2023-12-01 10:44:53,110 - vCSACliInstallLogger - INFO -  [SUCCEEDED] Successfully executed Task 'Running deployment: Domain Join' in TaskFlow 'embedded_vCSA_on_ESXi' at 10:44:53 
2023-12-01 10:44:53,219 - vCSACliInstallLogger - DEBUG - ApplianceLoginSummaryTask: Provide appliance login information.
2023-12-01 10:44:53,219 - vCSACliInstallLogger - INFO -  [START] Start executing Task: Provide the login information about new appliance. at 10:44:53 
2023-12-01 10:44:53,240 - vCSACliInstallLogger - INFO -     Appliance Name: DEV_DEU_CE01VCSA01
2023-12-01 10:44:53,240 - vCSACliInstallLogger - INFO -     System Name: ce01vcsa01.dev.deu.local
2023-12-01 10:44:53,240 - vCSACliInstallLogger - INFO -     System IP: 10.33.0.47
2023-12-01 10:44:53,240 - vCSACliInstallLogger - INFO -     Log in as: Administrator@vsphere.local
2023-12-01 10:44:53,240 - vCSACliInstallLogger - INFO -  [SUCCEEDED] Successfully executed Task 'ApplianceLoginSummaryTask: Provide appliance login information.' in TaskFlow 'embedded_vCSA_on_ESXi' at 10:44:53 
2023-12-01 10:44:54,424 - vCSACliInstallLogger - DEBUG - [VAC] Attempt succeeded: CLI Client Info
2023-12-01 10:44:54,429 - vCSACliInstallLogger - DEBUG - vcsa-deploy execution successfully completed, workflow log dir: /Users/johanneshorn/Git/MB_workspace/vsphere_3_tier/vcenter_installation/files/workflow_1701424887146

2023-12-01 10:44:54,433 - vCSACliInstallLogger - INFO - =================================== 10:44:54 ===================================
2023-12-01 10:44:54,434 - vCSACliInstallLogger - INFO - Result and Log File Information...
2023-12-01 10:44:54,434 - vCSACliInstallLogger - INFO - WorkFlow log directory: /Users/johanneshorn/Git/MB_workspace/vsphere_3_tier/vcenter_installation/files/workflow_1701424887146
