2023-12-01 10:01:27,149 [workflow.py:367]: <WorkFlow - workflow_1701424887146(PENDING)> has been successfully initiated
2023-12-01 10:01:28,762 [workflow.py:726]: ================================================
2023-12-01 10:01:28,762 [workflow.py:727]: Start of execution for <WorkFlow - workflow_1701424887146(PENDING)>
2023-12-01 10:01:28,762 [workflow.py:728]: ================================================
2023-12-01 10:01:28,762 [workflow.py:632]: Checking if there is any applicable TaskFlow to execute in <WorkFlow - workflow_1701424887146(PENDING)>
2023-12-01 10:01:28,762 [workflow.py:644]: <WorkFlow - workflow_1701424887146(PENDING)> found 1 candidates [<InstallTaskFlow - embedded_vCSA_on_ESXi(PENDING)>] to execute
2023-12-01 10:01:28,768 [workflow.py:292]: <InstallTaskFlow - embedded_vCSA_on_ESXi(RUNNING)> in <WorkFlow - workflow_1701424887146(RUNNING)> status changed to: RUNNING
2023-12-01 10:01:28,800 [workflow.py:292]: <InstallTaskFlow - embedded_vCSA_on_ESXi(RUNNING)> in <WorkFlow - workflow_1701424887146(RUNNING)> status changed to: RUNNING
2023-12-01 10:01:28,807 [workflow.py:292]: <InstallTaskFlow - embedded_vCSA_on_ESXi(RUNNING)> in <WorkFlow - workflow_1701424887146(RUNNING)> status changed to: RUNNING
2023-12-01 10:01:28,814 [workflow.py:292]: <InstallTaskFlow - embedded_vCSA_on_ESXi(RUNNING)> in <WorkFlow - workflow_1701424887146(RUNNING)> status changed to: RUNNING
2023-12-01 10:01:28,821 [workflow.py:292]: <InstallTaskFlow - embedded_vCSA_on_ESXi(RUNNING)> in <WorkFlow - workflow_1701424887146(RUNNING)> status changed to: RUNNING
2023-12-01 10:01:28,827 [workflow.py:292]: <InstallTaskFlow - embedded_vCSA_on_ESXi(RUNNING)> in <WorkFlow - workflow_1701424887146(RUNNING)> status changed to: RUNNING
2023-12-01 10:01:28,884 [workflow.py:292]: <InstallTaskFlow - embedded_vCSA_on_ESXi(RUNNING)> in <WorkFlow - workflow_1701424887146(RUNNING)> status changed to: RUNNING
2023-12-01 10:01:28,917 [workflow.py:292]: <InstallTaskFlow - embedded_vCSA_on_ESXi(RUNNING)> in <WorkFlow - workflow_1701424887146(RUNNING)> status changed to: RUNNING
2023-12-01 10:01:28,925 [workflow.py:292]: <InstallTaskFlow - embedded_vCSA_on_ESXi(RUNNING)> in <WorkFlow - workflow_1701424887146(RUNNING)> status changed to: RUNNING
2023-12-01 10:02:31,802 [workflow.py:292]: <InstallTaskFlow - embedded_vCSA_on_ESXi(RUNNING)> in <WorkFlow - workflow_1701424887146(RUNNING)> status changed to: RUNNING
2023-12-01 10:02:31,811 [workflow.py:292]: <InstallTaskFlow - embedded_vCSA_on_ESXi(RUNNING)> in <WorkFlow - workflow_1701424887146(RUNNING)> status changed to: RUNNING
2023-12-01 10:02:31,820 [workflow.py:292]: <InstallTaskFlow - embedded_vCSA_on_ESXi(RUNNING)> in <WorkFlow - workflow_1701424887146(RUNNING)> status changed to: RUNNING
2023-12-01 10:02:31,885 [workflow.py:292]: <InstallTaskFlow - embedded_vCSA_on_ESXi(RUNNING)> in <WorkFlow - workflow_1701424887146(RUNNING)> status changed to: RUNNING
2023-12-01 10:02:31,919 [workflow.py:292]: <InstallTaskFlow - embedded_vCSA_on_ESXi(RUNNING)> in <WorkFlow - workflow_1701424887146(RUNNING)> status changed to: RUNNING
2023-12-01 10:02:31,926 [workflow.py:292]: <InstallTaskFlow - embedded_vCSA_on_ESXi(RUNNING)> in <WorkFlow - workflow_1701424887146(RUNNING)> status changed to: RUNNING
2023-12-01 10:02:32,375 [workflow.py:292]: <InstallTaskFlow - embedded_vCSA_on_ESXi(RUNNING)> in <WorkFlow - workflow_1701424887146(RUNNING)> status changed to: RUNNING
2023-12-01 10:02:32,384 [workflow.py:292]: <InstallTaskFlow - embedded_vCSA_on_ESXi(RUNNING)> in <WorkFlow - workflow_1701424887146(RUNNING)> status changed to: RUNNING
2023-12-01 10:02:32,394 [workflow.py:292]: <InstallTaskFlow - embedded_vCSA_on_ESXi(RUNNING)> in <WorkFlow - workflow_1701424887146(RUNNING)> status changed to: RUNNING
2023-12-01 10:02:32,403 [workflow.py:292]: <InstallTaskFlow - embedded_vCSA_on_ESXi(RUNNING)> in <WorkFlow - workflow_1701424887146(RUNNING)> status changed to: RUNNING
2023-12-01 10:02:32,413 [workflow.py:292]: <InstallTaskFlow - embedded_vCSA_on_ESXi(RUNNING)> in <WorkFlow - workflow_1701424887146(RUNNING)> status changed to: RUNNING
2023-12-01 10:02:32,423 [workflow.py:292]: <InstallTaskFlow - embedded_vCSA_on_ESXi(RUNNING)> in <WorkFlow - workflow_1701424887146(RUNNING)> status changed to: RUNNING
2023-12-01 10:02:32,431 [workflow.py:292]: <InstallTaskFlow - embedded_vCSA_on_ESXi(RUNNING)> in <WorkFlow - workflow_1701424887146(RUNNING)> status changed to: RUNNING
2023-12-01 10:02:32,440 [workflow.py:292]: <InstallTaskFlow - embedded_vCSA_on_ESXi(RUNNING)> in <WorkFlow - workflow_1701424887146(RUNNING)> status changed to: RUNNING
2023-12-01 10:02:32,448 [workflow.py:292]: <InstallTaskFlow - embedded_vCSA_on_ESXi(RUNNING)> in <WorkFlow - workflow_1701424887146(RUNNING)> status changed to: RUNNING
2023-12-01 10:02:32,456 [workflow.py:292]: <InstallTaskFlow - embedded_vCSA_on_ESXi(RUNNING)> in <WorkFlow - workflow_1701424887146(RUNNING)> status changed to: RUNNING
2023-12-01 10:02:32,465 [workflow.py:292]: <InstallTaskFlow - embedded_vCSA_on_ESXi(RUNNING)> in <WorkFlow - workflow_1701424887146(RUNNING)> status changed to: RUNNING
2023-12-01 10:02:32,474 [workflow.py:292]: <InstallTaskFlow - embedded_vCSA_on_ESXi(RUNNING)> in <WorkFlow - workflow_1701424887146(RUNNING)> status changed to: RUNNING
2023-12-01 10:02:32,482 [workflow.py:292]: <InstallTaskFlow - embedded_vCSA_on_ESXi(RUNNING)> in <WorkFlow - workflow_1701424887146(RUNNING)> status changed to: RUNNING
2023-12-01 10:02:32,490 [workflow.py:292]: <InstallTaskFlow - embedded_vCSA_on_ESXi(RUNNING)> in <WorkFlow - workflow_1701424887146(RUNNING)> status changed to: RUNNING
2023-12-01 10:02:32,498 [workflow.py:292]: <InstallTaskFlow - embedded_vCSA_on_ESXi(RUNNING)> in <WorkFlow - workflow_1701424887146(RUNNING)> status changed to: RUNNING
2023-12-01 10:02:32,508 [workflow.py:292]: <InstallTaskFlow - embedded_vCSA_on_ESXi(RUNNING)> in <WorkFlow - workflow_1701424887146(RUNNING)> status changed to: RUNNING
2023-12-01 10:02:32,519 [workflow.py:292]: <InstallTaskFlow - embedded_vCSA_on_ESXi(RUNNING)> in <WorkFlow - workflow_1701424887146(RUNNING)> status changed to: RUNNING
2023-12-01 10:02:32,529 [workflow.py:292]: <InstallTaskFlow - embedded_vCSA_on_ESXi(RUNNING)> in <WorkFlow - workflow_1701424887146(RUNNING)> status changed to: RUNNING
2023-12-01 10:02:32,540 [workflow.py:292]: <InstallTaskFlow - embedded_vCSA_on_ESXi(RUNNING)> in <WorkFlow - workflow_1701424887146(RUNNING)> status changed to: RUNNING
2023-12-01 10:02:32,549 [workflow.py:292]: <InstallTaskFlow - embedded_vCSA_on_ESXi(RUNNING)> in <WorkFlow - workflow_1701424887146(RUNNING)> status changed to: RUNNING
2023-12-01 10:02:32,558 [workflow.py:292]: <InstallTaskFlow - embedded_vCSA_on_ESXi(RUNNING)> in <WorkFlow - workflow_1701424887146(RUNNING)> status changed to: RUNNING
2023-12-01 10:02:32,575 [workflow.py:292]: <InstallTaskFlow - embedded_vCSA_on_ESXi(RUNNING)> in <WorkFlow - workflow_1701424887146(RUNNING)> status changed to: RUNNING
2023-12-01 10:02:32,583 [workflow.py:292]: <InstallTaskFlow - embedded_vCSA_on_ESXi(RUNNING)> in <WorkFlow - workflow_1701424887146(RUNNING)> status changed to: RUNNING
2023-12-01 10:02:32,605 [workflow.py:292]: <InstallTaskFlow - embedded_vCSA_on_ESXi(RUNNING)> in <WorkFlow - workflow_1701424887146(RUNNING)> status changed to: RUNNING
2023-12-01 10:02:32,616 [workflow.py:292]: <InstallTaskFlow - embedded_vCSA_on_ESXi(RUNNING)> in <WorkFlow - workflow_1701424887146(RUNNING)> status changed to: RUNNING
2023-12-01 10:02:32,627 [workflow.py:292]: <InstallTaskFlow - embedded_vCSA_on_ESXi(RUNNING)> in <WorkFlow - workflow_1701424887146(RUNNING)> status changed to: RUNNING
2023-12-01 10:02:32,637 [workflow.py:292]: <InstallTaskFlow - embedded_vCSA_on_ESXi(RUNNING)> in <WorkFlow - workflow_1701424887146(RUNNING)> status changed to: RUNNING
2023-12-01 10:02:32,645 [workflow.py:292]: <InstallTaskFlow - embedded_vCSA_on_ESXi(RUNNING)> in <WorkFlow - workflow_1701424887146(RUNNING)> status changed to: RUNNING
2023-12-01 10:02:32,653 [workflow.py:292]: <InstallTaskFlow - embedded_vCSA_on_ESXi(RUNNING)> in <WorkFlow - workflow_1701424887146(RUNNING)> status changed to: RUNNING
2023-12-01 10:02:32,662 [workflow.py:292]: <InstallTaskFlow - embedded_vCSA_on_ESXi(RUNNING)> in <WorkFlow - workflow_1701424887146(RUNNING)> status changed to: RUNNING
2023-12-01 10:02:33,631 [workflow.py:292]: <InstallTaskFlow - embedded_vCSA_on_ESXi(RUNNING)> in <WorkFlow - workflow_1701424887146(RUNNING)> status changed to: RUNNING
2023-12-01 10:02:57,367 [workflow.py:292]: <InstallTaskFlow - embedded_vCSA_on_ESXi(RUNNING)> in <WorkFlow - workflow_1701424887146(RUNNING)> status changed to: RUNNING
2023-12-01 10:03:08,483 [workflow.py:292]: <InstallTaskFlow - embedded_vCSA_on_ESXi(RUNNING)> in <WorkFlow - workflow_1701424887146(RUNNING)> status changed to: RUNNING
2023-12-01 10:03:18,864 [workflow.py:292]: <InstallTaskFlow - embedded_vCSA_on_ESXi(RUNNING)> in <WorkFlow - workflow_1701424887146(RUNNING)> status changed to: RUNNING
2023-12-01 10:03:29,668 [workflow.py:292]: <InstallTaskFlow - embedded_vCSA_on_ESXi(RUNNING)> in <WorkFlow - workflow_1701424887146(RUNNING)> status changed to: RUNNING
2023-12-01 10:03:40,712 [workflow.py:292]: <InstallTaskFlow - embedded_vCSA_on_ESXi(RUNNING)> in <WorkFlow - workflow_1701424887146(RUNNING)> status changed to: RUNNING
2023-12-01 10:03:53,706 [workflow.py:292]: <InstallTaskFlow - embedded_vCSA_on_ESXi(RUNNING)> in <WorkFlow - workflow_1701424887146(RUNNING)> status changed to: RUNNING
2023-12-01 10:04:05,477 [workflow.py:292]: <InstallTaskFlow - embedded_vCSA_on_ESXi(RUNNING)> in <WorkFlow - workflow_1701424887146(RUNNING)> status changed to: RUNNING
2023-12-01 10:04:16,997 [workflow.py:292]: <InstallTaskFlow - embedded_vCSA_on_ESXi(RUNNING)> in <WorkFlow - workflow_1701424887146(RUNNING)> status changed to: RUNNING
2023-12-01 10:04:29,080 [workflow.py:292]: <InstallTaskFlow - embedded_vCSA_on_ESXi(RUNNING)> in <WorkFlow - workflow_1701424887146(RUNNING)> status changed to: RUNNING
2023-12-01 10:04:39,804 [workflow.py:292]: <InstallTaskFlow - embedded_vCSA_on_ESXi(RUNNING)> in <WorkFlow - workflow_1701424887146(RUNNING)> status changed to: RUNNING
2023-12-01 10:04:52,334 [workflow.py:292]: <InstallTaskFlow - embedded_vCSA_on_ESXi(RUNNING)> in <WorkFlow - workflow_1701424887146(RUNNING)> status changed to: RUNNING
2023-12-01 10:05:03,496 [workflow.py:292]: <InstallTaskFlow - embedded_vCSA_on_ESXi(RUNNING)> in <WorkFlow - workflow_1701424887146(RUNNING)> status changed to: RUNNING
2023-12-01 10:05:13,947 [workflow.py:292]: <InstallTaskFlow - embedded_vCSA_on_ESXi(RUNNING)> in <WorkFlow - workflow_1701424887146(RUNNING)> status changed to: RUNNING
2023-12-01 10:05:25,882 [workflow.py:292]: <InstallTaskFlow - embedded_vCSA_on_ESXi(RUNNING)> in <WorkFlow - workflow_1701424887146(RUNNING)> status changed to: RUNNING
2023-12-01 10:05:36,499 [workflow.py:292]: <InstallTaskFlow - embedded_vCSA_on_ESXi(RUNNING)> in <WorkFlow - workflow_1701424887146(RUNNING)> status changed to: RUNNING
2023-12-01 10:05:47,314 [workflow.py:292]: <InstallTaskFlow - embedded_vCSA_on_ESXi(RUNNING)> in <WorkFlow - workflow_1701424887146(RUNNING)> status changed to: RUNNING
2023-12-01 10:05:58,862 [workflow.py:292]: <InstallTaskFlow - embedded_vCSA_on_ESXi(RUNNING)> in <WorkFlow - workflow_1701424887146(RUNNING)> status changed to: RUNNING
2023-12-01 10:06:09,852 [workflow.py:292]: <InstallTaskFlow - embedded_vCSA_on_ESXi(RUNNING)> in <WorkFlow - workflow_1701424887146(RUNNING)> status changed to: RUNNING
2023-12-01 10:06:21,068 [workflow.py:292]: <InstallTaskFlow - embedded_vCSA_on_ESXi(RUNNING)> in <WorkFlow - workflow_1701424887146(RUNNING)> status changed to: RUNNING
2023-12-01 10:06:34,500 [workflow.py:292]: <InstallTaskFlow - embedded_vCSA_on_ESXi(RUNNING)> in <WorkFlow - workflow_1701424887146(RUNNING)> status changed to: RUNNING
2023-12-01 10:06:45,383 [workflow.py:292]: <InstallTaskFlow - embedded_vCSA_on_ESXi(RUNNING)> in <WorkFlow - workflow_1701424887146(RUNNING)> status changed to: RUNNING
2023-12-01 10:06:56,669 [workflow.py:292]: <InstallTaskFlow - embedded_vCSA_on_ESXi(RUNNING)> in <WorkFlow - workflow_1701424887146(RUNNING)> status changed to: RUNNING
2023-12-01 10:07:07,920 [workflow.py:292]: <InstallTaskFlow - embedded_vCSA_on_ESXi(RUNNING)> in <WorkFlow - workflow_1701424887146(RUNNING)> status changed to: RUNNING
2023-12-01 10:07:18,706 [workflow.py:292]: <InstallTaskFlow - embedded_vCSA_on_ESXi(RUNNING)> in <WorkFlow - workflow_1701424887146(RUNNING)> status changed to: RUNNING
2023-12-01 10:07:29,407 [workflow.py:292]: <InstallTaskFlow - embedded_vCSA_on_ESXi(RUNNING)> in <WorkFlow - workflow_1701424887146(RUNNING)> status changed to: RUNNING
2023-12-01 10:07:40,828 [workflow.py:292]: <InstallTaskFlow - embedded_vCSA_on_ESXi(RUNNING)> in <WorkFlow - workflow_1701424887146(RUNNING)> status changed to: RUNNING
2023-12-01 10:07:53,727 [workflow.py:292]: <InstallTaskFlow - embedded_vCSA_on_ESXi(RUNNING)> in <WorkFlow - workflow_1701424887146(RUNNING)> status changed to: RUNNING
2023-12-01 10:08:05,177 [workflow.py:292]: <InstallTaskFlow - embedded_vCSA_on_ESXi(RUNNING)> in <WorkFlow - workflow_1701424887146(RUNNING)> status changed to: RUNNING
2023-12-01 10:08:17,466 [workflow.py:292]: <InstallTaskFlow - embedded_vCSA_on_ESXi(RUNNING)> in <WorkFlow - workflow_1701424887146(RUNNING)> status changed to: RUNNING
2023-12-01 10:08:28,511 [workflow.py:292]: <InstallTaskFlow - embedded_vCSA_on_ESXi(RUNNING)> in <WorkFlow - workflow_1701424887146(RUNNING)> status changed to: RUNNING
2023-12-01 10:08:41,565 [workflow.py:292]: <InstallTaskFlow - embedded_vCSA_on_ESXi(RUNNING)> in <WorkFlow - workflow_1701424887146(RUNNING)> status changed to: RUNNING
2023-12-01 10:08:53,405 [workflow.py:292]: <InstallTaskFlow - embedded_vCSA_on_ESXi(RUNNING)> in <WorkFlow - workflow_1701424887146(RUNNING)> status changed to: RUNNING
2023-12-01 10:09:05,049 [workflow.py:292]: <InstallTaskFlow - embedded_vCSA_on_ESXi(RUNNING)> in <WorkFlow - workflow_1701424887146(RUNNING)> status changed to: RUNNING
2023-12-01 10:09:15,914 [workflow.py:292]: <InstallTaskFlow - embedded_vCSA_on_ESXi(RUNNING)> in <WorkFlow - workflow_1701424887146(RUNNING)> status changed to: RUNNING
2023-12-01 10:09:26,863 [workflow.py:292]: <InstallTaskFlow - embedded_vCSA_on_ESXi(RUNNING)> in <WorkFlow - workflow_1701424887146(RUNNING)> status changed to: RUNNING
2023-12-01 10:09:37,494 [workflow.py:292]: <InstallTaskFlow - embedded_vCSA_on_ESXi(RUNNING)> in <WorkFlow - workflow_1701424887146(RUNNING)> status changed to: RUNNING
2023-12-01 10:09:48,053 [workflow.py:292]: <InstallTaskFlow - embedded_vCSA_on_ESXi(RUNNING)> in <WorkFlow - workflow_1701424887146(RUNNING)> status changed to: RUNNING
2023-12-01 10:09:59,188 [workflow.py:292]: <InstallTaskFlow - embedded_vCSA_on_ESXi(RUNNING)> in <WorkFlow - workflow_1701424887146(RUNNING)> status changed to: RUNNING
2023-12-01 10:10:10,592 [workflow.py:292]: <InstallTaskFlow - embedded_vCSA_on_ESXi(RUNNING)> in <WorkFlow - workflow_1701424887146(RUNNING)> status changed to: RUNNING
2023-12-01 10:10:21,033 [workflow.py:292]: <InstallTaskFlow - embedded_vCSA_on_ESXi(RUNNING)> in <WorkFlow - workflow_1701424887146(RUNNING)> status changed to: RUNNING
2023-12-01 10:10:32,611 [workflow.py:292]: <InstallTaskFlow - embedded_vCSA_on_ESXi(RUNNING)> in <WorkFlow - workflow_1701424887146(RUNNING)> status changed to: RUNNING
2023-12-01 10:10:44,190 [workflow.py:292]: <InstallTaskFlow - embedded_vCSA_on_ESXi(RUNNING)> in <WorkFlow - workflow_1701424887146(RUNNING)> status changed to: RUNNING
2023-12-01 10:10:55,575 [workflow.py:292]: <InstallTaskFlow - embedded_vCSA_on_ESXi(RUNNING)> in <WorkFlow - workflow_1701424887146(RUNNING)> status changed to: RUNNING
2023-12-01 10:11:06,973 [workflow.py:292]: <InstallTaskFlow - embedded_vCSA_on_ESXi(RUNNING)> in <WorkFlow - workflow_1701424887146(RUNNING)> status changed to: RUNNING
2023-12-01 10:11:18,966 [workflow.py:292]: <InstallTaskFlow - embedded_vCSA_on_ESXi(RUNNING)> in <WorkFlow - workflow_1701424887146(RUNNING)> status changed to: RUNNING
2023-12-01 10:11:32,443 [workflow.py:292]: <InstallTaskFlow - embedded_vCSA_on_ESXi(RUNNING)> in <WorkFlow - workflow_1701424887146(RUNNING)> status changed to: RUNNING
2023-12-01 10:11:43,667 [workflow.py:292]: <InstallTaskFlow - embedded_vCSA_on_ESXi(RUNNING)> in <WorkFlow - workflow_1701424887146(RUNNING)> status changed to: RUNNING
2023-12-01 10:11:54,924 [workflow.py:292]: <InstallTaskFlow - embedded_vCSA_on_ESXi(RUNNING)> in <WorkFlow - workflow_1701424887146(RUNNING)> status changed to: RUNNING
2023-12-01 10:12:06,217 [workflow.py:292]: <InstallTaskFlow - embedded_vCSA_on_ESXi(RUNNING)> in <WorkFlow - workflow_1701424887146(RUNNING)> status changed to: RUNNING
2023-12-01 10:12:16,782 [workflow.py:292]: <InstallTaskFlow - embedded_vCSA_on_ESXi(RUNNING)> in <WorkFlow - workflow_1701424887146(RUNNING)> status changed to: RUNNING
2023-12-01 10:12:27,301 [workflow.py:292]: <InstallTaskFlow - embedded_vCSA_on_ESXi(RUNNING)> in <WorkFlow - workflow_1701424887146(RUNNING)> status changed to: RUNNING
2023-12-01 10:12:40,724 [workflow.py:292]: <InstallTaskFlow - embedded_vCSA_on_ESXi(RUNNING)> in <WorkFlow - workflow_1701424887146(RUNNING)> status changed to: RUNNING
2023-12-01 10:12:51,041 [workflow.py:292]: <InstallTaskFlow - embedded_vCSA_on_ESXi(RUNNING)> in <WorkFlow - workflow_1701424887146(RUNNING)> status changed to: RUNNING
2023-12-01 10:13:01,626 [workflow.py:292]: <InstallTaskFlow - embedded_vCSA_on_ESXi(RUNNING)> in <WorkFlow - workflow_1701424887146(RUNNING)> status changed to: RUNNING
2023-12-01 10:13:12,642 [workflow.py:292]: <InstallTaskFlow - embedded_vCSA_on_ESXi(RUNNING)> in <WorkFlow - workflow_1701424887146(RUNNING)> status changed to: RUNNING
2023-12-01 10:13:23,526 [workflow.py:292]: <InstallTaskFlow - embedded_vCSA_on_ESXi(RUNNING)> in <WorkFlow - workflow_1701424887146(RUNNING)> status changed to: RUNNING
2023-12-01 10:13:34,795 [workflow.py:292]: <InstallTaskFlow - embedded_vCSA_on_ESXi(RUNNING)> in <WorkFlow - workflow_1701424887146(RUNNING)> status changed to: RUNNING
2023-12-01 10:13:48,531 [workflow.py:292]: <InstallTaskFlow - embedded_vCSA_on_ESXi(RUNNING)> in <WorkFlow - workflow_1701424887146(RUNNING)> status changed to: RUNNING
2023-12-01 10:14:00,230 [workflow.py:292]: <InstallTaskFlow - embedded_vCSA_on_ESXi(RUNNING)> in <WorkFlow - workflow_1701424887146(RUNNING)> status changed to: RUNNING
2023-12-01 10:14:11,432 [workflow.py:292]: <InstallTaskFlow - embedded_vCSA_on_ESXi(RUNNING)> in <WorkFlow - workflow_1701424887146(RUNNING)> status changed to: RUNNING
2023-12-01 10:14:22,575 [workflow.py:292]: <InstallTaskFlow - embedded_vCSA_on_ESXi(RUNNING)> in <WorkFlow - workflow_1701424887146(RUNNING)> status changed to: RUNNING
2023-12-01 10:14:32,816 [workflow.py:292]: <InstallTaskFlow - embedded_vCSA_on_ESXi(RUNNING)> in <WorkFlow - workflow_1701424887146(RUNNING)> status changed to: RUNNING
2023-12-01 10:14:43,756 [workflow.py:292]: <InstallTaskFlow - embedded_vCSA_on_ESXi(RUNNING)> in <WorkFlow - workflow_1701424887146(RUNNING)> status changed to: RUNNING
2023-12-01 10:14:54,629 [workflow.py:292]: <InstallTaskFlow - embedded_vCSA_on_ESXi(RUNNING)> in <WorkFlow - workflow_1701424887146(RUNNING)> status changed to: RUNNING
2023-12-01 10:15:06,412 [workflow.py:292]: <InstallTaskFlow - embedded_vCSA_on_ESXi(RUNNING)> in <WorkFlow - workflow_1701424887146(RUNNING)> status changed to: RUNNING
2023-12-01 10:15:17,906 [workflow.py:292]: <InstallTaskFlow - embedded_vCSA_on_ESXi(RUNNING)> in <WorkFlow - workflow_1701424887146(RUNNING)> status changed to: RUNNING
2023-12-01 10:15:29,401 [workflow.py:292]: <InstallTaskFlow - embedded_vCSA_on_ESXi(RUNNING)> in <WorkFlow - workflow_1701424887146(RUNNING)> status changed to: RUNNING
2023-12-01 10:15:41,033 [workflow.py:292]: <InstallTaskFlow - embedded_vCSA_on_ESXi(RUNNING)> in <WorkFlow - workflow_1701424887146(RUNNING)> status changed to: RUNNING
2023-12-01 10:15:52,488 [workflow.py:292]: <InstallTaskFlow - embedded_vCSA_on_ESXi(RUNNING)> in <WorkFlow - workflow_1701424887146(RUNNING)> status changed to: RUNNING
2023-12-01 10:16:06,794 [workflow.py:292]: <InstallTaskFlow - embedded_vCSA_on_ESXi(RUNNING)> in <WorkFlow - workflow_1701424887146(RUNNING)> status changed to: RUNNING
2023-12-01 10:16:18,523 [workflow.py:292]: <InstallTaskFlow - embedded_vCSA_on_ESXi(RUNNING)> in <WorkFlow - workflow_1701424887146(RUNNING)> status changed to: RUNNING
2023-12-01 10:16:29,962 [workflow.py:292]: <InstallTaskFlow - embedded_vCSA_on_ESXi(RUNNING)> in <WorkFlow - workflow_1701424887146(RUNNING)> status changed to: RUNNING
2023-12-01 10:16:41,021 [workflow.py:292]: <InstallTaskFlow - embedded_vCSA_on_ESXi(RUNNING)> in <WorkFlow - workflow_1701424887146(RUNNING)> status changed to: RUNNING
2023-12-01 10:16:52,484 [workflow.py:292]: <InstallTaskFlow - embedded_vCSA_on_ESXi(RUNNING)> in <WorkFlow - workflow_1701424887146(RUNNING)> status changed to: RUNNING
2023-12-01 10:17:03,122 [workflow.py:292]: <InstallTaskFlow - embedded_vCSA_on_ESXi(RUNNING)> in <WorkFlow - workflow_1701424887146(RUNNING)> status changed to: RUNNING
2023-12-01 10:17:13,346 [workflow.py:292]: <InstallTaskFlow - embedded_vCSA_on_ESXi(RUNNING)> in <WorkFlow - workflow_1701424887146(RUNNING)> status changed to: RUNNING
2023-12-01 10:17:24,153 [workflow.py:292]: <InstallTaskFlow - embedded_vCSA_on_ESXi(RUNNING)> in <WorkFlow - workflow_1701424887146(RUNNING)> status changed to: RUNNING
2023-12-01 10:17:36,701 [workflow.py:292]: <InstallTaskFlow - embedded_vCSA_on_ESXi(RUNNING)> in <WorkFlow - workflow_1701424887146(RUNNING)> status changed to: RUNNING
2023-12-01 10:17:46,901 [workflow.py:292]: <InstallTaskFlow - embedded_vCSA_on_ESXi(RUNNING)> in <WorkFlow - workflow_1701424887146(RUNNING)> status changed to: RUNNING
2023-12-01 10:17:58,340 [workflow.py:292]: <InstallTaskFlow - embedded_vCSA_on_ESXi(RUNNING)> in <WorkFlow - workflow_1701424887146(RUNNING)> status changed to: RUNNING
2023-12-01 10:18:11,450 [workflow.py:292]: <InstallTaskFlow - embedded_vCSA_on_ESXi(RUNNING)> in <WorkFlow - workflow_1701424887146(RUNNING)> status changed to: RUNNING
2023-12-01 10:18:21,967 [workflow.py:292]: <InstallTaskFlow - embedded_vCSA_on_ESXi(RUNNING)> in <WorkFlow - workflow_1701424887146(RUNNING)> status changed to: RUNNING
2023-12-01 10:18:32,659 [workflow.py:292]: <InstallTaskFlow - embedded_vCSA_on_ESXi(RUNNING)> in <WorkFlow - workflow_1701424887146(RUNNING)> status changed to: RUNNING
2023-12-01 10:18:43,834 [workflow.py:292]: <InstallTaskFlow - embedded_vCSA_on_ESXi(RUNNING)> in <WorkFlow - workflow_1701424887146(RUNNING)> status changed to: RUNNING
2023-12-01 10:18:56,602 [workflow.py:292]: <InstallTaskFlow - embedded_vCSA_on_ESXi(RUNNING)> in <WorkFlow - workflow_1701424887146(RUNNING)> status changed to: RUNNING
2023-12-01 10:19:07,102 [workflow.py:292]: <InstallTaskFlow - embedded_vCSA_on_ESXi(RUNNING)> in <WorkFlow - workflow_1701424887146(RUNNING)> status changed to: RUNNING
2023-12-01 10:19:17,652 [workflow.py:292]: <InstallTaskFlow - embedded_vCSA_on_ESXi(RUNNING)> in <WorkFlow - workflow_1701424887146(RUNNING)> status changed to: RUNNING
2023-12-01 10:19:28,672 [workflow.py:292]: <InstallTaskFlow - embedded_vCSA_on_ESXi(RUNNING)> in <WorkFlow - workflow_1701424887146(RUNNING)> status changed to: RUNNING
2023-12-01 10:19:39,209 [workflow.py:292]: <InstallTaskFlow - embedded_vCSA_on_ESXi(RUNNING)> in <WorkFlow - workflow_1701424887146(RUNNING)> status changed to: RUNNING
2023-12-01 10:19:50,637 [workflow.py:292]: <InstallTaskFlow - embedded_vCSA_on_ESXi(RUNNING)> in <WorkFlow - workflow_1701424887146(RUNNING)> status changed to: RUNNING
2023-12-01 10:20:01,594 [workflow.py:292]: <InstallTaskFlow - embedded_vCSA_on_ESXi(RUNNING)> in <WorkFlow - workflow_1701424887146(RUNNING)> status changed to: RUNNING
2023-12-01 10:20:13,003 [workflow.py:292]: <InstallTaskFlow - embedded_vCSA_on_ESXi(RUNNING)> in <WorkFlow - workflow_1701424887146(RUNNING)> status changed to: RUNNING
2023-12-01 10:20:26,226 [workflow.py:292]: <InstallTaskFlow - embedded_vCSA_on_ESXi(RUNNING)> in <WorkFlow - workflow_1701424887146(RUNNING)> status changed to: RUNNING
2023-12-01 10:20:37,456 [workflow.py:292]: <InstallTaskFlow - embedded_vCSA_on_ESXi(RUNNING)> in <WorkFlow - workflow_1701424887146(RUNNING)> status changed to: RUNNING
2023-12-01 10:20:48,204 [workflow.py:292]: <InstallTaskFlow - embedded_vCSA_on_ESXi(RUNNING)> in <WorkFlow - workflow_1701424887146(RUNNING)> status changed to: RUNNING
2023-12-01 10:20:58,587 [workflow.py:292]: <InstallTaskFlow - embedded_vCSA_on_ESXi(RUNNING)> in <WorkFlow - workflow_1701424887146(RUNNING)> status changed to: RUNNING
2023-12-01 10:21:09,391 [workflow.py:292]: <InstallTaskFlow - embedded_vCSA_on_ESXi(RUNNING)> in <WorkFlow - workflow_1701424887146(RUNNING)> status changed to: RUNNING
2023-12-01 10:21:19,864 [workflow.py:292]: <InstallTaskFlow - embedded_vCSA_on_ESXi(RUNNING)> in <WorkFlow - workflow_1701424887146(RUNNING)> status changed to: RUNNING
2023-12-01 10:21:29,381 [workflow.py:292]: <InstallTaskFlow - embedded_vCSA_on_ESXi(RUNNING)> in <WorkFlow - workflow_1701424887146(RUNNING)> status changed to: RUNNING
2023-12-01 10:21:29,402 [workflow.py:292]: <InstallTaskFlow - embedded_vCSA_on_ESXi(RUNNING)> in <WorkFlow - workflow_1701424887146(RUNNING)> status changed to: RUNNING
2023-12-01 10:21:29,418 [workflow.py:292]: <InstallTaskFlow - embedded_vCSA_on_ESXi(RUNNING)> in <WorkFlow - workflow_1701424887146(RUNNING)> status changed to: RUNNING
2023-12-01 10:21:31,573 [workflow.py:292]: <InstallTaskFlow - embedded_vCSA_on_ESXi(RUNNING)> in <WorkFlow - workflow_1701424887146(RUNNING)> status changed to: RUNNING
2023-12-01 10:21:32,047 [workflow.py:292]: <InstallTaskFlow - embedded_vCSA_on_ESXi(RUNNING)> in <WorkFlow - workflow_1701424887146(RUNNING)> status changed to: RUNNING
2023-12-01 10:21:32,124 [workflow.py:292]: <InstallTaskFlow - embedded_vCSA_on_ESXi(RUNNING)> in <WorkFlow - workflow_1701424887146(RUNNING)> status changed to: RUNNING
2023-12-01 10:21:32,142 [workflow.py:292]: <InstallTaskFlow - embedded_vCSA_on_ESXi(RUNNING)> in <WorkFlow - workflow_1701424887146(RUNNING)> status changed to: RUNNING
2023-12-01 10:21:32,157 [workflow.py:292]: <InstallTaskFlow - embedded_vCSA_on_ESXi(RUNNING)> in <WorkFlow - workflow_1701424887146(RUNNING)> status changed to: RUNNING
2023-12-01 10:26:02,674 [workflow.py:292]: <InstallTaskFlow - embedded_vCSA_on_ESXi(RUNNING)> in <WorkFlow - workflow_1701424887146(RUNNING)> status changed to: RUNNING
2023-12-01 10:26:02,693 [workflow.py:292]: <InstallTaskFlow - embedded_vCSA_on_ESXi(RUNNING)> in <WorkFlow - workflow_1701424887146(RUNNING)> status changed to: RUNNING
2023-12-01 10:26:02,706 [workflow.py:292]: <InstallTaskFlow - embedded_vCSA_on_ESXi(RUNNING)> in <WorkFlow - workflow_1701424887146(RUNNING)> status changed to: RUNNING
2023-12-01 10:26:02,718 [workflow.py:292]: <InstallTaskFlow - embedded_vCSA_on_ESXi(RUNNING)> in <WorkFlow - workflow_1701424887146(RUNNING)> status changed to: RUNNING
2023-12-01 10:26:02,738 [workflow.py:292]: <InstallTaskFlow - embedded_vCSA_on_ESXi(RUNNING)> in <WorkFlow - workflow_1701424887146(RUNNING)> status changed to: RUNNING
2023-12-01 10:26:02,748 [workflow.py:292]: <InstallTaskFlow - embedded_vCSA_on_ESXi(RUNNING)> in <WorkFlow - workflow_1701424887146(RUNNING)> status changed to: RUNNING
2023-12-01 10:26:02,821 [workflow.py:292]: <InstallTaskFlow - embedded_vCSA_on_ESXi(RUNNING)> in <WorkFlow - workflow_1701424887146(RUNNING)> status changed to: RUNNING
2023-12-01 10:26:02,854 [workflow.py:292]: <InstallTaskFlow - embedded_vCSA_on_ESXi(RUNNING)> in <WorkFlow - workflow_1701424887146(RUNNING)> status changed to: RUNNING
2023-12-01 10:26:02,862 [workflow.py:292]: <InstallTaskFlow - embedded_vCSA_on_ESXi(RUNNING)> in <WorkFlow - workflow_1701424887146(RUNNING)> status changed to: RUNNING
2023-12-01 10:26:03,388 [workflow.py:292]: <InstallTaskFlow - embedded_vCSA_on_ESXi(RUNNING)> in <WorkFlow - workflow_1701424887146(RUNNING)> status changed to: RUNNING
2023-12-01 10:26:34,199 [workflow.py:292]: <InstallTaskFlow - embedded_vCSA_on_ESXi(RUNNING)> in <WorkFlow - workflow_1701424887146(RUNNING)> status changed to: RUNNING
2023-12-01 10:27:04,463 [workflow.py:292]: <InstallTaskFlow - embedded_vCSA_on_ESXi(RUNNING)> in <WorkFlow - workflow_1701424887146(RUNNING)> status changed to: RUNNING
2023-12-01 10:27:34,734 [workflow.py:292]: <InstallTaskFlow - embedded_vCSA_on_ESXi(RUNNING)> in <WorkFlow - workflow_1701424887146(RUNNING)> status changed to: RUNNING
2023-12-01 10:28:05,025 [workflow.py:292]: <InstallTaskFlow - embedded_vCSA_on_ESXi(RUNNING)> in <WorkFlow - workflow_1701424887146(RUNNING)> status changed to: RUNNING
2023-12-01 10:28:35,347 [workflow.py:292]: <InstallTaskFlow - embedded_vCSA_on_ESXi(RUNNING)> in <WorkFlow - workflow_1701424887146(RUNNING)> status changed to: RUNNING
2023-12-01 10:29:05,689 [workflow.py:292]: <InstallTaskFlow - embedded_vCSA_on_ESXi(RUNNING)> in <WorkFlow - workflow_1701424887146(RUNNING)> status changed to: RUNNING
2023-12-01 10:29:36,033 [workflow.py:292]: <InstallTaskFlow - embedded_vCSA_on_ESXi(RUNNING)> in <WorkFlow - workflow_1701424887146(RUNNING)> status changed to: RUNNING
2023-12-01 10:30:37,430 [workflow.py:292]: <InstallTaskFlow - embedded_vCSA_on_ESXi(RUNNING)> in <WorkFlow - workflow_1701424887146(RUNNING)> status changed to: RUNNING
2023-12-01 10:31:09,560 [workflow.py:292]: <InstallTaskFlow - embedded_vCSA_on_ESXi(RUNNING)> in <WorkFlow - workflow_1701424887146(RUNNING)> status changed to: RUNNING
2023-12-01 10:31:39,897 [workflow.py:292]: <InstallTaskFlow - embedded_vCSA_on_ESXi(RUNNING)> in <WorkFlow - workflow_1701424887146(RUNNING)> status changed to: RUNNING
2023-12-01 10:32:11,669 [workflow.py:292]: <InstallTaskFlow - embedded_vCSA_on_ESXi(RUNNING)> in <WorkFlow - workflow_1701424887146(RUNNING)> status changed to: RUNNING
2023-12-01 10:32:43,733 [workflow.py:292]: <InstallTaskFlow - embedded_vCSA_on_ESXi(RUNNING)> in <WorkFlow - workflow_1701424887146(RUNNING)> status changed to: RUNNING
2023-12-01 10:33:14,069 [workflow.py:292]: <InstallTaskFlow - embedded_vCSA_on_ESXi(RUNNING)> in <WorkFlow - workflow_1701424887146(RUNNING)> status changed to: RUNNING
2023-12-01 10:33:44,383 [workflow.py:292]: <InstallTaskFlow - embedded_vCSA_on_ESXi(RUNNING)> in <WorkFlow - workflow_1701424887146(RUNNING)> status changed to: RUNNING
2023-12-01 10:34:14,733 [workflow.py:292]: <InstallTaskFlow - embedded_vCSA_on_ESXi(RUNNING)> in <WorkFlow - workflow_1701424887146(RUNNING)> status changed to: RUNNING
2023-12-01 10:34:45,048 [workflow.py:292]: <InstallTaskFlow - embedded_vCSA_on_ESXi(RUNNING)> in <WorkFlow - workflow_1701424887146(RUNNING)> status changed to: RUNNING
2023-12-01 10:35:15,400 [workflow.py:292]: <InstallTaskFlow - embedded_vCSA_on_ESXi(RUNNING)> in <WorkFlow - workflow_1701424887146(RUNNING)> status changed to: RUNNING
2023-12-01 10:35:45,716 [workflow.py:292]: <InstallTaskFlow - embedded_vCSA_on_ESXi(RUNNING)> in <WorkFlow - workflow_1701424887146(RUNNING)> status changed to: RUNNING
2023-12-01 10:36:16,018 [workflow.py:292]: <InstallTaskFlow - embedded_vCSA_on_ESXi(RUNNING)> in <WorkFlow - workflow_1701424887146(RUNNING)> status changed to: RUNNING
2023-12-01 10:36:47,081 [workflow.py:292]: <InstallTaskFlow - embedded_vCSA_on_ESXi(RUNNING)> in <WorkFlow - workflow_1701424887146(RUNNING)> status changed to: RUNNING
2023-12-01 10:37:17,543 [workflow.py:292]: <InstallTaskFlow - embedded_vCSA_on_ESXi(RUNNING)> in <WorkFlow - workflow_1701424887146(RUNNING)> status changed to: RUNNING
2023-12-01 10:37:47,851 [workflow.py:292]: <InstallTaskFlow - embedded_vCSA_on_ESXi(RUNNING)> in <WorkFlow - workflow_1701424887146(RUNNING)> status changed to: RUNNING
2023-12-01 10:38:18,197 [workflow.py:292]: <InstallTaskFlow - embedded_vCSA_on_ESXi(RUNNING)> in <WorkFlow - workflow_1701424887146(RUNNING)> status changed to: RUNNING
2023-12-01 10:38:48,515 [workflow.py:292]: <InstallTaskFlow - embedded_vCSA_on_ESXi(RUNNING)> in <WorkFlow - workflow_1701424887146(RUNNING)> status changed to: RUNNING
2023-12-01 10:39:18,812 [workflow.py:292]: <InstallTaskFlow - embedded_vCSA_on_ESXi(RUNNING)> in <WorkFlow - workflow_1701424887146(RUNNING)> status changed to: RUNNING
2023-12-01 10:39:49,108 [workflow.py:292]: <InstallTaskFlow - embedded_vCSA_on_ESXi(RUNNING)> in <WorkFlow - workflow_1701424887146(RUNNING)> status changed to: RUNNING
2023-12-01 10:40:19,415 [workflow.py:292]: <InstallTaskFlow - embedded_vCSA_on_ESXi(RUNNING)> in <WorkFlow - workflow_1701424887146(RUNNING)> status changed to: RUNNING
2023-12-01 10:40:49,681 [workflow.py:292]: <InstallTaskFlow - embedded_vCSA_on_ESXi(RUNNING)> in <WorkFlow - workflow_1701424887146(RUNNING)> status changed to: RUNNING
2023-12-01 10:41:20,513 [workflow.py:292]: <InstallTaskFlow - embedded_vCSA_on_ESXi(RUNNING)> in <WorkFlow - workflow_1701424887146(RUNNING)> status changed to: RUNNING
2023-12-01 10:41:51,021 [workflow.py:292]: <InstallTaskFlow - embedded_vCSA_on_ESXi(RUNNING)> in <WorkFlow - workflow_1701424887146(RUNNING)> status changed to: RUNNING
2023-12-01 10:42:21,346 [workflow.py:292]: <InstallTaskFlow - embedded_vCSA_on_ESXi(RUNNING)> in <WorkFlow - workflow_1701424887146(RUNNING)> status changed to: RUNNING
2023-12-01 10:42:51,640 [workflow.py:292]: <InstallTaskFlow - embedded_vCSA_on_ESXi(RUNNING)> in <WorkFlow - workflow_1701424887146(RUNNING)> status changed to: RUNNING
2023-12-01 10:43:22,016 [workflow.py:292]: <InstallTaskFlow - embedded_vCSA_on_ESXi(RUNNING)> in <WorkFlow - workflow_1701424887146(RUNNING)> status changed to: RUNNING
2023-12-01 10:43:52,368 [workflow.py:292]: <InstallTaskFlow - embedded_vCSA_on_ESXi(RUNNING)> in <WorkFlow - workflow_1701424887146(RUNNING)> status changed to: RUNNING
2023-12-01 10:44:22,676 [workflow.py:292]: <InstallTaskFlow - embedded_vCSA_on_ESXi(RUNNING)> in <WorkFlow - workflow_1701424887146(RUNNING)> status changed to: RUNNING
2023-12-01 10:44:52,947 [workflow.py:292]: <InstallTaskFlow - embedded_vCSA_on_ESXi(RUNNING)> in <WorkFlow - workflow_1701424887146(RUNNING)> status changed to: RUNNING
2023-12-01 10:44:52,958 [workflow.py:292]: <InstallTaskFlow - embedded_vCSA_on_ESXi(RUNNING)> in <WorkFlow - workflow_1701424887146(RUNNING)> status changed to: RUNNING
2023-12-01 10:44:52,976 [workflow.py:292]: <InstallTaskFlow - embedded_vCSA_on_ESXi(RUNNING)> in <WorkFlow - workflow_1701424887146(RUNNING)> status changed to: RUNNING
2023-12-01 10:44:52,986 [workflow.py:292]: <InstallTaskFlow - embedded_vCSA_on_ESXi(RUNNING)> in <WorkFlow - workflow_1701424887146(RUNNING)> status changed to: RUNNING
2023-12-01 10:44:53,063 [workflow.py:292]: <InstallTaskFlow - embedded_vCSA_on_ESXi(RUNNING)> in <WorkFlow - workflow_1701424887146(RUNNING)> status changed to: RUNNING
2023-12-01 10:44:53,097 [workflow.py:292]: <InstallTaskFlow - embedded_vCSA_on_ESXi(RUNNING)> in <WorkFlow - workflow_1701424887146(RUNNING)> status changed to: RUNNING
2023-12-01 10:44:53,105 [workflow.py:292]: <InstallTaskFlow - embedded_vCSA_on_ESXi(RUNNING)> in <WorkFlow - workflow_1701424887146(RUNNING)> status changed to: RUNNING
2023-12-01 10:44:53,113 [workflow.py:292]: <InstallTaskFlow - embedded_vCSA_on_ESXi(RUNNING)> in <WorkFlow - workflow_1701424887146(RUNNING)> status changed to: RUNNING
2023-12-01 10:44:53,122 [workflow.py:292]: <InstallTaskFlow - embedded_vCSA_on_ESXi(RUNNING)> in <WorkFlow - workflow_1701424887146(RUNNING)> status changed to: RUNNING
2023-12-01 10:44:53,130 [workflow.py:292]: <InstallTaskFlow - embedded_vCSA_on_ESXi(RUNNING)> in <WorkFlow - workflow_1701424887146(RUNNING)> status changed to: RUNNING
2023-12-01 10:44:53,189 [workflow.py:292]: <InstallTaskFlow - embedded_vCSA_on_ESXi(RUNNING)> in <WorkFlow - workflow_1701424887146(RUNNING)> status changed to: RUNNING
2023-12-01 10:44:53,222 [workflow.py:292]: <InstallTaskFlow - embedded_vCSA_on_ESXi(RUNNING)> in <WorkFlow - workflow_1701424887146(RUNNING)> status changed to: RUNNING
2023-12-01 10:44:53,235 [workflow.py:292]: <InstallTaskFlow - embedded_vCSA_on_ESXi(RUNNING)> in <WorkFlow - workflow_1701424887146(RUNNING)> status changed to: RUNNING
2023-12-01 10:44:53,244 [workflow.py:292]: <InstallTaskFlow - embedded_vCSA_on_ESXi(RUNNING)> in <WorkFlow - workflow_1701424887146(RUNNING)> status changed to: RUNNING
2023-12-01 10:44:53,251 [workflow.py:292]: <InstallTaskFlow - embedded_vCSA_on_ESXi(SUCCEEDED)> in <WorkFlow - workflow_1701424887146(SUCCEEDED)> status changed to: SUCCEEDED
2023-12-01 10:44:53,258 [workflow.py:292]: <InstallTaskFlow - embedded_vCSA_on_ESXi(SUCCEEDED)> in <WorkFlow - workflow_1701424887146(SUCCEEDED)> status changed to: SUCCEEDED
2023-12-01 10:44:53,320 [workflow.py:632]: Checking if there is any applicable TaskFlow to execute in <WorkFlow - workflow_1701424887146(SUCCEEDED)>
2023-12-01 10:44:53,320 [workflow.py:644]: <WorkFlow - workflow_1701424887146(SUCCEEDED)> found 0 candidates [] to execute
2023-12-01 10:44:53,320 [workflow.py:749]: There is no TaskFlow in RUNNING/ROLLBACK, and either no candidate TaskFlow to execute or had exception, ready to exit
2023-12-01 10:44:53,349 [workflow.py:800]: ================================================
2023-12-01 10:44:53,349 [workflow.py:801]: End of execution for workflow_1701424887146
2023-12-01 10:44:53,349 [workflow.py:802]: ================================================
